[ 25%] [32mBuilding CXX object CMakeFiles/obstacle_avoider.dir/src/ObstacleAvoider.cpp.o[0m
[ 50%] [32mBuilding CXX object CMakeFiles/robots_world.dir/src/MyRobotDriver.cpp.o[0m
[01m[K/home/mz/projects/ros/tutorials/basics/ros2_webots/src/robots_world/src/MyRobotDriver.cpp:[m[K In member function â€˜[01m[Kvirtual void my_robot_driver::MyRobotDriver1::init(webots_ros2_driver::WebotsNode*, std::unordered_map<std::__cxx11::basic_string<char>, std::__cxx11::basic_string<char> >&)[m[Kâ€™:
[01m[K/home/mz/projects/ros/tutorials/basics/ros2_webots/src/robots_world/src/MyRobotDriver.cpp:30:18:[m[K [01;31m[Kerror: [m[Kâ€˜[01m[KMyRobotDriver[m[Kâ€™ has not been declared
   30 |       std::bind(&[01;31m[KMyRobotDriver[m[K::cmdVelCallback, this, std::placeholders::_1));
      |                  [01;31m[K^~~~~~~~~~~~~[m[K
[01m[K/home/mz/projects/ros/tutorials/basics/ros2_webots/src/robots_world/src/MyRobotDriver.cpp:[m[K In member function â€˜[01m[Kvirtual void my_robot_driver::MyRobotDriver2::init(webots_ros2_driver::WebotsNode*, std::unordered_map<std::__cxx11::basic_string<char>, std::__cxx11::basic_string<char> >&)[m[Kâ€™:
[01m[K/home/mz/projects/ros/tutorials/basics/ros2_webots/src/robots_world/src/MyRobotDriver.cpp:70:18:[m[K [01;31m[Kerror: [m[Kâ€˜[01m[KMyRobotDriver[m[Kâ€™ has not been declared
   70 |       std::bind(&[01;31m[KMyRobotDriver[m[K::cmdVelCallback, this, std::placeholders::_1));
      |                  [01;31m[K^~~~~~~~~~~~~[m[K
gmake[2]: *** [CMakeFiles/robots_world.dir/build.make:76: CMakeFiles/robots_world.dir/src/MyRobotDriver.cpp.o] Error 1
gmake[1]: *** [CMakeFiles/Makefile2:165: CMakeFiles/robots_world.dir/all] Error 2
gmake[1]: *** Waiting for unfinished jobs....
[ 75%] [32m[1mLinking CXX executable obstacle_avoider[0m
[ 75%] Built target obstacle_avoider
gmake: *** [Makefile:146: all] Error 2
