[0.100s] Invoking command in '/home/mz/projects/ros/tutorials/basics/ros2_webots/build/robots_world': CMAKE_PREFIX_PATH=${CMAKE_PREFIX_PATH}:/opt/ros/iron /usr/bin/cmake --build /home/mz/projects/ros/tutorials/basics/ros2_webots/build/robots_world -- -j4 -l4
[0.185s] [ 25%] [32mBuilding CXX object CMakeFiles/obstacle_avoider.dir/src/ObstacleAvoider.cpp.o[0m
[0.186s] [ 50%] [32mBuilding CXX object CMakeFiles/robots_world.dir/src/MyRobotDriver.cpp.o[0m
[4.269s] [01m[K/home/mz/projects/ros/tutorials/basics/ros2_webots/src/robots_world/src/MyRobotDriver.cpp:[m[K In member function â€˜[01m[Kvirtual void my_robot_driver::MyRobotDriver1::init(webots_ros2_driver::WebotsNode*, std::unordered_map<std::__cxx11::basic_string<char>, std::__cxx11::basic_string<char> >&)[m[Kâ€™:
[4.269s] [01m[K/home/mz/projects/ros/tutorials/basics/ros2_webots/src/robots_world/src/MyRobotDriver.cpp:30:18:[m[K [01;31m[Kerror: [m[Kâ€˜[01m[KMyRobotDriver[m[Kâ€™ has not been declared
[4.269s]    30 |       std::bind(&[01;31m[KMyRobotDriver[m[K::cmdVelCallback, this, std::placeholders::_1));
[4.270s]       |                  [01;31m[K^~~~~~~~~~~~~[m[K
[4.273s] [01m[K/home/mz/projects/ros/tutorials/basics/ros2_webots/src/robots_world/src/MyRobotDriver.cpp:[m[K In member function â€˜[01m[Kvirtual void my_robot_driver::MyRobotDriver2::init(webots_ros2_driver::WebotsNode*, std::unordered_map<std::__cxx11::basic_string<char>, std::__cxx11::basic_string<char> >&)[m[Kâ€™:
[4.273s] [01m[K/home/mz/projects/ros/tutorials/basics/ros2_webots/src/robots_world/src/MyRobotDriver.cpp:70:18:[m[K [01;31m[Kerror: [m[Kâ€˜[01m[KMyRobotDriver[m[Kâ€™ has not been declared
[4.273s]    70 |       std::bind(&[01;31m[KMyRobotDriver[m[K::cmdVelCallback, this, std::placeholders::_1));
[4.273s]       |                  [01;31m[K^~~~~~~~~~~~~[m[K
[6.041s] gmake[2]: *** [CMakeFiles/robots_world.dir/build.make:76: CMakeFiles/robots_world.dir/src/MyRobotDriver.cpp.o] Error 1
[6.041s] gmake[1]: *** [CMakeFiles/Makefile2:165: CMakeFiles/robots_world.dir/all] Error 2
[6.041s] gmake[1]: *** Waiting for unfinished jobs....
[9.711s] [ 75%] [32m[1mLinking CXX executable obstacle_avoider[0m
[10.245s] [ 75%] Built target obstacle_avoider
[10.247s] gmake: *** [Makefile:146: all] Error 2
[10.250s] Invoked command in '/home/mz/projects/ros/tutorials/basics/ros2_webots/build/robots_world' returned '2': CMAKE_PREFIX_PATH=${CMAKE_PREFIX_PATH}:/opt/ros/iron /usr/bin/cmake --build /home/mz/projects/ros/tutorials/basics/ros2_webots/build/robots_world -- -j4 -l4
