[0.190s] Invoking command in '/home/mz/projects/ros/tutorials/basics/ros2_webots/build/robots_paths': CMAKE_PREFIX_PATH=${CMAKE_PREFIX_PATH}:/opt/ros/iron /usr/bin/cmake --build /home/mz/projects/ros/tutorials/basics/ros2_webots/build/robots_paths -- -j4 -l4
[0.283s] [35m[1mConsolidate compiler generated dependencies of target obstacle_avoider2[0m
[0.293s] [35m[1mConsolidate compiler generated dependencies of target obstacle_avoider1[0m
[0.337s] [ 33%] Built target robots_paths
[0.341s] [ 50%] [32mBuilding CXX object CMakeFiles/obstacle_avoider1.dir/src/ObstacleAvoider1.cpp.o[0m
[0.366s] [ 66%] [32mBuilding CXX object CMakeFiles/obstacle_avoider2.dir/src/ObstacleAvoider2.cpp.o[0m
[5.372s] [01m[K/home/mz/projects/ros/tutorials/basics/ros2_webots/src/robots_paths/src/ObstacleAvoider1.cpp:41:27:[m[K [01;31m[Kerror: [m[Kâ€˜[01m[KState[m[Kâ€™ was not declared in this scope; did you mean â€˜[01m[K_xstate[m[Kâ€™?
[5.372s]    41 | const char* stateToString([01;31m[KState[m[K state) {
[5.372s]       |                           [01;31m[K^~~~~[m[K
[5.373s]       |                           [32m[K_xstate[m[K
[8.387s] gmake[2]: *** [CMakeFiles/obstacle_avoider1.dir/build.make:76: CMakeFiles/obstacle_avoider1.dir/src/ObstacleAvoider1.cpp.o] Error 1
[8.387s] gmake[1]: *** [CMakeFiles/Makefile2:141: CMakeFiles/obstacle_avoider1.dir/all] Error 2
[8.387s] gmake[1]: *** Waiting for unfinished jobs....
[11.649s] [ 83%] [32m[1mLinking CXX executable obstacle_avoider2[0m
[12.265s] [ 83%] Built target obstacle_avoider2
[12.266s] gmake: *** [Makefile:146: all] Error 2
[12.269s] Invoked command in '/home/mz/projects/ros/tutorials/basics/ros2_webots/build/robots_paths' returned '2': CMAKE_PREFIX_PATH=${CMAKE_PREFIX_PATH}:/opt/ros/iron /usr/bin/cmake --build /home/mz/projects/ros/tutorials/basics/ros2_webots/build/robots_paths -- -j4 -l4
