[0.090s] Invoking command in '/home/mz/projects/ros/tutorials/basics/ros2_webots/build/robots_paths': CMAKE_PREFIX_PATH=${CMAKE_PREFIX_PATH}:/opt/ros/iron /usr/bin/cmake --build /home/mz/projects/ros/tutorials/basics/ros2_webots/build/robots_paths -- -j4 -l4
[0.145s] [35m[1mConsolidate compiler generated dependencies of target robots_paths[0m
[0.153s] [35m[1mConsolidate compiler generated dependencies of target obstacle_avoider2[0m
[0.156s] [35m[1mConsolidate compiler generated dependencies of target obstacle_avoider1[0m
[0.187s] [ 50%] Built target obstacle_avoider2
[0.187s] [ 50%] [32mBuilding CXX object CMakeFiles/robots_paths.dir/src/MyRobotDriver.cpp.o[0m
[0.197s] [ 66%] [32mBuilding CXX object CMakeFiles/obstacle_avoider1.dir/src/ObstacleAvoider1.cpp.o[0m
[4.129s] [01m[K/home/mz/projects/ros/tutorials/basics/ros2_webots/src/robots_paths/src/MyRobotDriver.cpp:[m[K In member function â€˜[01m[Kvirtual void my_robot_driver1::MyRobotDriver1::step()[m[Kâ€™:
[4.130s] [01m[K/home/mz/projects/ros/tutorials/basics/ros2_webots/src/robots_paths/src/MyRobotDriver.cpp:58:13:[m[K [01;31m[Kerror: [m[Kâ€˜[01m[Kstate[m[Kâ€™ was not declared in this scope; did you mean â€˜[01m[K_xstate[m[Kâ€™?
[4.130s]    58 |     switch ([01;31m[Kstate[m[K) {
[4.130s]       |             [01;31m[K^~~~~[m[K
[4.130s]       |             [32m[K_xstate[m[K
[4.141s] [01m[K/home/mz/projects/ros/tutorials/basics/ros2_webots/src/robots_paths/src/MyRobotDriver.cpp:69:13:[m[K [01;31m[Kerror: [m[Kâ€˜[01m[Kangle_turned[m[Kâ€™ was not declared in this scope
[4.141s]    69 |             [01;31m[Kangle_turned[m[K += TURN_SPEED * elapsed_time;
[4.141s]       |             [01;31m[K^~~~~~~~~~~~[m[K
[7.424s] gmake[2]: *** [CMakeFiles/robots_paths.dir/build.make:76: CMakeFiles/robots_paths.dir/src/MyRobotDriver.cpp.o] Error 1
[7.424s] gmake[1]: *** [CMakeFiles/Makefile2:193: CMakeFiles/robots_paths.dir/all] Error 2
[7.424s] gmake[1]: *** Waiting for unfinished jobs....
[9.949s] [ 83%] [32m[1mLinking CXX executable obstacle_avoider1[0m
[10.489s] [ 83%] Built target obstacle_avoider1
[10.492s] gmake: *** [Makefile:146: all] Error 2
[10.496s] Invoked command in '/home/mz/projects/ros/tutorials/basics/ros2_webots/build/robots_paths' returned '2': CMAKE_PREFIX_PATH=${CMAKE_PREFIX_PATH}:/opt/ros/iron /usr/bin/cmake --build /home/mz/projects/ros/tutorials/basics/ros2_webots/build/robots_paths -- -j4 -l4
