<?xml version="1.0" encoding="utf-8"?><testsuites><testsuite name="pytest" errors="0" failures="0" skipped="0" tests="3" time="1.186" timestamp="2023-12-03T15:43:37.784355" hostname="mz"><testcase classname="examples_rclpy_executors.executors.test.test_copyright" name="test_copyright" time="0.622" /><testcase classname="examples_rclpy_executors.executors.test.test_flake8" name="test_flake8" time="0.297" /><testcase classname="examples_rclpy_executors.executors.test.test_pep257" name="test_pep257" time="0.099" /></testsuite></testsuites>