[01m[K/home/mz/projects/ros/tutorials/basics/ros2_webots/src/robots_paths/src/MyRobotDriver.cpp:[m[K In member function â€˜[01m[Kvirtual void my_robot_driver1::MyRobotDriver1::step()[m[Kâ€™:
[01m[K/home/mz/projects/ros/tutorials/basics/ros2_webots/src/robots_paths/src/MyRobotDriver.cpp:53:32:[m[K [01;31m[Kerror: [m[Kno matching function for call to â€˜[01m[Kmy_robot_driver1::MyRobotDriver1::setVelocity(double, double)[m[Kâ€™
   53 |                     [01;31m[KsetVelocity(ROBOT_SPEED, ROBOT_SPEED)[m[K;
      |                     [01;31m[K~~~~~~~~~~~^~~~~~~~~~~~~~~~~~~~~~~~~~[m[K
In file included from [01m[K/home/mz/projects/ros/tutorials/basics/ros2_webots/src/robots_paths/src/MyRobotDriver.cpp:1[m[K:
[01m[K/home/mz/projects/ros/tutorials/basics/ros2_webots/src/robots_paths/include/robots_paths/MyRobotDriver.hpp:28:8:[m[K [01;36m[Knote: [m[Kcandidate: â€˜[01m[Kvoid my_robot_driver1::MyRobotDriver1::setVelocity()[m[Kâ€™
   28 |   void [01;36m[KsetVelocity[m[K();
      |        [01;36m[K^~~~~~~~~~~[m[K
[01m[K/home/mz/projects/ros/tutorials/basics/ros2_webots/src/robots_paths/include/robots_paths/MyRobotDriver.hpp:28:8:[m[K [01;36m[Knote: [m[K  candidate expects 0 arguments, 2 provided
[01m[K/home/mz/projects/ros/tutorials/basics/ros2_webots/src/robots_paths/src/MyRobotDriver.cpp:62:32:[m[K [01;31m[Kerror: [m[Kno matching function for call to â€˜[01m[Kmy_robot_driver1::MyRobotDriver1::setVelocity(double, double)[m[Kâ€™
   62 |                     [01;31m[KsetVelocity(-TURN_SPEED, TURN_SPEED)[m[K;
      |                     [01;31m[K~~~~~~~~~~~^~~~~~~~~~~~~~~~~~~~~~~~~[m[K
In file included from [01m[K/home/mz/projects/ros/tutorials/basics/ros2_webots/src/robots_paths/src/MyRobotDriver.cpp:1[m[K:
[01m[K/home/mz/projects/ros/tutorials/basics/ros2_webots/src/robots_paths/include/robots_paths/MyRobotDriver.hpp:28:8:[m[K [01;36m[Knote: [m[Kcandidate: â€˜[01m[Kvoid my_robot_driver1::MyRobotDriver1::setVelocity()[m[Kâ€™
   28 |   void [01;36m[KsetVelocity[m[K();
      |        [01;36m[K^~~~~~~~~~~[m[K
[01m[K/home/mz/projects/ros/tutorials/basics/ros2_webots/src/robots_paths/include/robots_paths/MyRobotDriver.hpp:28:8:[m[K [01;36m[Knote: [m[K  candidate expects 0 arguments, 2 provided
[01m[K/home/mz/projects/ros/tutorials/basics/ros2_webots/src/robots_paths/src/MyRobotDriver.cpp:[m[K At global scope:
[01m[K/home/mz/projects/ros/tutorials/basics/ros2_webots/src/robots_paths/src/MyRobotDriver.cpp:72:6:[m[K [01;31m[Kerror: [m[Kno declaration matches â€˜[01m[Kvoid my_robot_driver1::MyRobotDriver1::setVelocity(double, double)[m[Kâ€™
   72 | void [01;31m[KMyRobotDriver1[m[K::setVelocity(double left_speed, double right_speed) {
      |      [01;31m[K^~~~~~~~~~~~~~[m[K
In file included from [01m[K/home/mz/projects/ros/tutorials/basics/ros2_webots/src/robots_paths/src/MyRobotDriver.cpp:1[m[K:
[01m[K/home/mz/projects/ros/tutorials/basics/ros2_webots/src/robots_paths/include/robots_paths/MyRobotDriver.hpp:28:8:[m[K [01;36m[Knote: [m[Kcandidate is: â€˜[01m[Kvoid my_robot_driver1::MyRobotDriver1::setVelocity()[m[Kâ€™
   28 |   void [01;36m[KsetVelocity[m[K();
      |        [01;36m[K^~~~~~~~~~~[m[K
[01m[K/home/mz/projects/ros/tutorials/basics/ros2_webots/src/robots_paths/include/robots_paths/MyRobotDriver.hpp:21:7:[m[K [01;36m[Knote: [m[Kâ€˜[01m[Kclass my_robot_driver1::MyRobotDriver1[m[Kâ€™ defined here
   21 | class [01;36m[KMyRobotDriver1[m[K : public webots_ros2_driver::PluginInterface {
      |       [01;36m[K^~~~~~~~~~~~~~[m[K
gmake[2]: *** [CMakeFiles/robots_paths.dir/build.make:76: CMakeFiles/robots_paths.dir/src/MyRobotDriver.cpp.o] Error 1
gmake[1]: *** [CMakeFiles/Makefile2:193: CMakeFiles/robots_paths.dir/all] Error 2
gmake: *** [Makefile:146: all] Error 2
