[0.094s] Invoking command in '/home/mz/projects/ros/tutorials/basics/ros2_webots/build/robots_paths': CMAKE_PREFIX_PATH=${CMAKE_PREFIX_PATH}:/opt/ros/iron /usr/bin/cmake --build /home/mz/projects/ros/tutorials/basics/ros2_webots/build/robots_paths -- -j4 -l4
[0.158s] [35m[1mConsolidate compiler generated dependencies of target obstacle_avoider1[0m
[0.186s] [ 16%] [32mBuilding CXX object CMakeFiles/obstacle_avoider2.dir/src/ObstacleAvoider2.cpp.o[0m
[0.199s] [ 50%] Built target robots_paths
[0.212s] [ 66%] [32mBuilding CXX object CMakeFiles/obstacle_avoider1.dir/src/ObstacleAvoider1.cpp.o[0m
[3.706s] [01m[K/home/mz/projects/ros/tutorials/basics/ros2_webots/src/robots_paths/src/ObstacleAvoider1.cpp:[m[K In constructor â€˜[01m[KObstacleAvoider1::ObstacleAvoider1(const string&, const string&, const string&)[m[Kâ€™:
[3.706s] [01m[K/home/mz/projects/ros/tutorials/basics/ros2_webots/src/robots_paths/src/ObstacleAvoider1.cpp:17:36:[m[K [01;31m[Kerror: [m[Kâ€˜[01m[KleftSensorCallback[m[Kâ€™ is not a member of â€˜[01m[KObstacleAvoider1[m[Kâ€™
[3.706s]    17 |       std::bind(&ObstacleAvoider1::[01;31m[KleftSensorCallback[m[K, this,
[3.707s]       |                                    [01;31m[K^~~~~~~~~~~~~~~~~~[m[K
[3.707s] [01m[K/home/mz/projects/ros/tutorials/basics/ros2_webots/src/robots_paths/src/ObstacleAvoider1.cpp:22:36:[m[K [01;31m[Kerror: [m[Kâ€˜[01m[KrightSensorCallback[m[Kâ€™ is not a member of â€˜[01m[KObstacleAvoider1[m[Kâ€™
[3.707s]    22 |       std::bind(&ObstacleAvoider1::[01;31m[KrightSensorCallback[m[K, this,
[3.707s]       |                                    [01;31m[K^~~~~~~~~~~~~~~~~~~[m[K
[3.707s] [01m[K/home/mz/projects/ros/tutorials/basics/ros2_webots/src/robots_paths/src/ObstacleAvoider1.cpp:[m[K At global scope:
[3.707s] [01m[K/home/mz/projects/ros/tutorials/basics/ros2_webots/src/robots_paths/src/ObstacleAvoider1.cpp:62:6:[m[K [01;31m[Kerror: [m[Kno declaration matches â€˜[01m[Kvoid ObstacleAvoider1::sensorCallback(sensor_msgs::msg::Range_<std::allocator<void> >::SharedPtr)[m[Kâ€™
[3.708s]    62 | void [01;31m[KObstacleAvoider1[m[K::sensorCallback(const sensor_msgs::msg::Range::SharedPtr msg) {
[3.708s]       |      [01;31m[K^~~~~~~~~~~~~~~~[m[K
[3.708s] In file included from [01m[K/home/mz/projects/ros/tutorials/basics/ros2_webots/src/robots_paths/src/ObstacleAvoider1.cpp:1[m[K:
[3.708s] [01m[K/home/mz/projects/ros/tutorials/basics/ros2_webots/src/robots_paths/include/robots_paths/ObstacleAvoider.hpp:29:8:[m[K [01;36m[Knote: [m[Kcandidate is: â€˜[01m[Kvoid ObstacleAvoider1::sensorCallback()[m[Kâ€™
[3.708s]    29 |   void [01;36m[KsensorCallback[m[K();
[3.708s]       |        [01;36m[K^~~~~~~~~~~~~~[m[K
[3.708s] [01m[K/home/mz/projects/ros/tutorials/basics/ros2_webots/src/robots_paths/include/robots_paths/ObstacleAvoider.hpp:9:7:[m[K [01;36m[Knote: [m[Kâ€˜[01m[Kclass ObstacleAvoider1[m[Kâ€™ defined here
[3.709s]     9 | class [01;36m[KObstacleAvoider1[m[K : public rclcpp::Node {
[3.709s]       |       [01;36m[K^~~~~~~~~~~~~~~~[m[K
[5.010s] gmake[2]: *** [CMakeFiles/obstacle_avoider1.dir/build.make:76: CMakeFiles/obstacle_avoider1.dir/src/ObstacleAvoider1.cpp.o] Error 1
[5.010s] gmake[1]: *** [CMakeFiles/Makefile2:141: CMakeFiles/obstacle_avoider1.dir/all] Error 2
[5.010s] gmake[1]: *** Waiting for unfinished jobs....
[10.105s] [ 83%] [32m[1mLinking CXX executable obstacle_avoider2[0m
[10.689s] [ 83%] Built target obstacle_avoider2
[10.691s] gmake: *** [Makefile:146: all] Error 2
[10.693s] Invoked command in '/home/mz/projects/ros/tutorials/basics/ros2_webots/build/robots_paths' returned '2': CMAKE_PREFIX_PATH=${CMAKE_PREFIX_PATH}:/opt/ros/iron /usr/bin/cmake --build /home/mz/projects/ros/tutorials/basics/ros2_webots/build/robots_paths -- -j4 -l4
