[0.123s] Invoking command in '/home/mz/projects/ros/tutorials/basics/ros2_webots/build/robots_paths': CMAKE_PREFIX_PATH=${CMAKE_PREFIX_PATH}:/opt/ros/iron /usr/bin/cmake --build /home/mz/projects/ros/tutorials/basics/ros2_webots/build/robots_paths -- -j4 -l4
[0.208s] [35m[1mConsolidate compiler generated dependencies of target obstacle_avoider1[0m
[0.209s] [35m[1mConsolidate compiler generated dependencies of target obstacle_avoider2[0m
[0.276s] [ 16%] [32mBuilding CXX object CMakeFiles/obstacle_avoider2.dir/src/ObstacleAvoider2.cpp.o[0m
[0.280s] [ 33%] [32mBuilding CXX object CMakeFiles/obstacle_avoider1.dir/src/ObstacleAvoider1.cpp.o[0m
[0.300s] [ 66%] Built target robots_paths
[5.989s] [01m[K/home/mz/projects/ros/tutorials/basics/ros2_webots/src/robots_paths/src/ObstacleAvoider1.cpp:[m[K In member function â€˜[01m[Kvoid ObstacleAvoider1::turn180()[m[Kâ€™:
[5.990s] [01m[K/home/mz/projects/ros/tutorials/basics/ros2_webots/src/robots_paths/src/ObstacleAvoider1.cpp:88:76:[m[K [01;31m[Kerror: [m[Kno matching function for call to â€˜[01m[Kstd::chrono::duration<long int, std::ratio<1, 1000> >::duration(double)[m[Kâ€™
[5.992s]    88 |   std::this_thread::sleep_for(std::chrono::milliseconds(time_to_turn * 1000[01;31m[K)[m[K);
[5.992s]       |                                                                            [01;31m[K^[m[K
[5.992s] In file included from [01m[K/usr/include/c++/11/mutex:39[m[K,
[5.993s]                  from [01m[K/usr/include/c++/11/future:38[m[K,
[5.993s]                  from [01m[K/opt/ros/iron/include/rclcpp/rclcpp/executors.hpp:18[m[K,
[5.993s]                  from [01m[K/opt/ros/iron/include/rclcpp/rclcpp/rclcpp.hpp:167[m[K,
[5.993s]                  from [01m[K/home/mz/projects/ros/tutorials/basics/ros2_webots/src/robots_paths/include/robots_paths/ObstacleAvoider.hpp:4[m[K,
[5.993s]                  from [01m[K/home/mz/projects/ros/tutorials/basics/ros2_webots/src/robots_paths/src/ObstacleAvoider1.cpp:1[m[K:
[5.994s] [01m[K/usr/include/c++/11/chrono:529:21:[m[K [01;36m[Knote: [m[Kcandidate: â€˜[01m[Ktemplate<class _Rep2, class _Period2, class> constexpr std::chrono::duration<_Rep, _Period>::duration(const std::chrono::duration<_Rep, _Period>&) [with _Rep2 = _Rep2; _Period2 = _Period2; <template-parameter-2-3> = <template-parameter-1-3>; _Rep = long int; _Period = std::ratio<1, 1000>][m[Kâ€™
[5.994s]   529 |           constexpr [01;36m[Kduration[m[K(const duration<_Rep2, _Period2>& __d)
[5.994s]       |                     [01;36m[K^~~~~~~~[m[K
[5.994s] [01m[K/usr/include/c++/11/chrono:529:21:[m[K [01;36m[Knote: [m[K  template argument deduction/substitution failed:
[5.994s] [01m[K/home/mz/projects/ros/tutorials/basics/ros2_webots/src/robots_paths/src/ObstacleAvoider1.cpp:88:76:[m[K [01;36m[Knote: [m[K  mismatched types â€˜[01m[Kconst std::chrono::duration<_Rep1, _Period1>[m[Kâ€™ and â€˜[01m[Kdouble[m[Kâ€™
[5.995s]    88 |   std::this_thread::sleep_for(std::chrono::milliseconds(time_to_turn * 1000[01;36m[K)[m[K);
[5.995s]       |                                                                            [01;36m[K^[m[K
[5.995s] In file included from [01m[K/usr/include/c++/11/mutex:39[m[K,
[5.995s]                  from [01m[K/usr/include/c++/11/future:38[m[K,
[5.995s]                  from [01m[K/opt/ros/iron/include/rclcpp/rclcpp/executors.hpp:18[m[K,
[5.995s]                  from [01m[K/opt/ros/iron/include/rclcpp/rclcpp/rclcpp.hpp:167[m[K,
[5.996s]                  from [01m[K/home/mz/projects/ros/tutorials/basics/ros2_webots/src/robots_paths/include/robots_paths/ObstacleAvoider.hpp:4[m[K,
[5.996s]                  from [01m[K/home/mz/projects/ros/tutorials/basics/ros2_webots/src/robots_paths/src/ObstacleAvoider1.cpp:1[m[K:
[5.996s] [01m[K/usr/include/c++/11/chrono:521:30:[m[K [01;36m[Knote: [m[Kcandidate: â€˜[01m[Ktemplate<class _Rep2, class> constexpr std::chrono::duration<_Rep, _Period>::duration(const _Rep2&) [with _Rep2 = _Rep2; <template-parameter-2-2> = <template-parameter-1-2>; _Rep = long int; _Period = std::ratio<1, 1000>][m[Kâ€™
[5.996s]   521 |           constexpr explicit [01;36m[Kduration[m[K(const _Rep2& __rep)
[5.996s]       |                              [01;36m[K^~~~~~~~[m[K
[5.996s] [01m[K/usr/include/c++/11/chrono:521:30:[m[K [01;36m[Knote: [m[K  template argument deduction/substitution failed:
[5.997s] In file included from [01m[K/usr/include/c++/11/bits/move.h:57[m[K,
[5.997s]                  from [01m[K/usr/include/c++/11/bits/stl_pair.h:59[m[K,
[5.997s]                  from [01m[K/usr/include/c++/11/bits/stl_algobase.h:64[m[K,
[5.997s]                  from [01m[K/usr/include/c++/11/memory:63[m[K,
[5.997s]                  from [01m[K/home/mz/projects/ros/tutorials/basics/ros2_webots/src/robots_paths/include/robots_paths/ObstacleAvoider.hpp:1[m[K,
[5.998s]                  from [01m[K/home/mz/projects/ros/tutorials/basics/ros2_webots/src/robots_paths/src/ObstacleAvoider1.cpp:1[m[K:
[5.998s] /usr/include/c++/11/type_traits: In substitution of â€˜[01m[Ktemplate<bool _Cond, class _Tp> using __enable_if_t = typename std::enable_if::type [with bool _Cond = false; _Tp = void][m[Kâ€™:
[5.998s] [01m[K/usr/include/c++/11/type_traits:2209:11:[m[K   required by substitution of â€˜[01m[Ktemplate<class ... _Cond> using _Require = std::__enable_if_t<std::__and_< <template-parameter-1-1> >::value> [with _Cond = {std::is_convertible<const double&, long int>, std::__or_<std::chrono::treat_as_floating_point<long int>, std::__not_<std::chrono::treat_as_floating_point<double> > >}][m[Kâ€™
[5.998s] [01m[K/usr/include/c++/11/chrono:518:27:[m[K   required from here
[5.998s] [01m[K/usr/include/c++/11/type_traits:2205:11:[m[K [01;31m[Kerror: [m[Kno type named â€˜[01m[Ktype[m[Kâ€™ in â€˜[01m[Kstruct std::enable_if<false, void>[m[Kâ€™
[5.998s]  2205 |     using [01;31m[K__enable_if_t[m[K = typename enable_if<_Cond, _Tp>::type;
[5.998s]       |           [01;31m[K^~~~~~~~~~~~~[m[K
[5.999s] In file included from [01m[K/usr/include/c++/11/mutex:39[m[K,
[5.999s]                  from [01m[K/usr/include/c++/11/future:38[m[K,
[5.999s]                  from [01m[K/opt/ros/iron/include/rclcpp/rclcpp/executors.hpp:18[m[K,
[5.999s]                  from [01m[K/opt/ros/iron/include/rclcpp/rclcpp/rclcpp.hpp:167[m[K,
[5.999s]                  from [01m[K/home/mz/projects/ros/tutorials/basics/ros2_webots/src/robots_paths/include/robots_paths/ObstacleAvoider.hpp:4[m[K,
[6.000s]                  from [01m[K/home/mz/projects/ros/tutorials/basics/ros2_webots/src/robots_paths/src/ObstacleAvoider1.cpp:1[m[K:
[6.000s] [01m[K/usr/include/c++/11/chrono:514:9:[m[K [01;36m[Knote: [m[Kcandidate: â€˜[01m[Kconstexpr std::chrono::duration<_Rep, _Period>::duration(const std::chrono::duration<_Rep, _Period>&) [with _Rep = long int; _Period = std::ratio<1, 1000>][m[Kâ€™
[6.000s]   514 |         [01;36m[Kduration[m[K(const duration&) = default;
[6.000s]       |         [01;36m[K^~~~~~~~[m[K
[6.000s] [01m[K/usr/include/c++/11/chrono:514:18:[m[K [01;36m[Knote: [m[K  no known conversion for argument 1 from â€˜[01m[Kdouble[m[Kâ€™ to â€˜[01m[Kconst std::chrono::duration<long int, std::ratio<1, 1000> >&[m[Kâ€™
[6.000s]   514 |         duration([01;36m[Kconst duration&[m[K) = default;
[6.001s]       |                  [01;36m[K^~~~~~~~~~~~~~~[m[K
[6.001s] [01m[K/usr/include/c++/11/chrono:512:19:[m[K [01;36m[Knote: [m[Kcandidate: â€˜[01m[Kstd::chrono::duration<_Rep, _Period>::duration() [with _Rep = long int; _Period = std::ratio<1, 1000>][m[Kâ€™
[6.001s]   512 |         constexpr [01;36m[Kduration[m[K() = default;
[6.002s]       |                   [01;36m[K^~~~~~~~[m[K
[6.003s] [01m[K/usr/include/c++/11/chrono:512:19:[m[K [01;36m[Knote: [m[K  candidate expects 0 arguments, 1 provided
[9.131s] gmake[2]: *** [CMakeFiles/obstacle_avoider1.dir/build.make:76: CMakeFiles/obstacle_avoider1.dir/src/ObstacleAvoider1.cpp.o] Error 1
[9.131s] gmake[1]: *** [CMakeFiles/Makefile2:141: CMakeFiles/obstacle_avoider1.dir/all] Error 2
[9.131s] gmake[1]: *** Waiting for unfinished jobs....
[12.261s] [ 83%] [32m[1mLinking CXX executable obstacle_avoider2[0m
[12.912s] [ 83%] Built target obstacle_avoider2
[12.914s] gmake: *** [Makefile:146: all] Error 2
[12.916s] Invoked command in '/home/mz/projects/ros/tutorials/basics/ros2_webots/build/robots_paths' returned '2': CMAKE_PREFIX_PATH=${CMAKE_PREFIX_PATH}:/opt/ros/iron /usr/bin/cmake --build /home/mz/projects/ros/tutorials/basics/ros2_webots/build/robots_paths -- -j4 -l4
