[35m[1mConsolidate compiler generated dependencies of target obstacle_avoider1[0m
[35m[1mConsolidate compiler generated dependencies of target obstacle_avoider2[0m
[ 16%] [32mBuilding CXX object CMakeFiles/obstacle_avoider1.dir/src/ObstacleAvoider1.cpp.o[0m
[ 33%] [32mBuilding CXX object CMakeFiles/obstacle_avoider2.dir/src/ObstacleAvoider2.cpp.o[0m
[ 66%] Built target robots_paths
In file included from [01m[K/home/mz/projects/ros/tutorials/basics/ros2_webots/src/robots_paths/src/ObstacleAvoider1.cpp:1[m[K:
[01m[K/home/mz/projects/ros/tutorials/basics/ros2_webots/src/robots_paths/include/robots_paths/ObstacleAvoider.hpp:43:3:[m[K [01;31m[Kerror: [m[Ktwo or more data types in declaration of â€˜[01m[KupdateDistance[m[Kâ€™
   43 |   [01;31m[Kvoid[m[K void updateDistance();
      |   [01;31m[K^~~~[m[K
[01m[K/home/mz/projects/ros/tutorials/basics/ros2_webots/src/robots_paths/src/ObstacleAvoider1.cpp:[m[K In constructor â€˜[01m[KObstacleAvoider1::ObstacleAvoider1(const string&, const string&, const string&)[m[Kâ€™:
[01m[K/home/mz/projects/ros/tutorials/basics/ros2_webots/src/robots_paths/src/ObstacleAvoider1.cpp:32:24:[m[K [01;31m[Kerror: [m[Kâ€˜[01m[KDistanceCalculator[m[Kâ€™ has not been declared
   32 |             std::bind(&[01;31m[KDistanceCalculator[m[K::updateDistance, this));
      |                        [01;31m[K^~~~~~~~~~~~~~~~~~[m[K
[01m[K/home/mz/projects/ros/tutorials/basics/ros2_webots/src/robots_paths/src/ObstacleAvoider1.cpp:[m[K In function â€˜[01m[Kvoid updateDistance()[m[Kâ€™:
[01m[K/home/mz/projects/ros/tutorials/basics/ros2_webots/src/robots_paths/src/ObstacleAvoider1.cpp:52:23:[m[K [01;31m[Kerror: [m[Kinvalid use of â€˜[01m[Kthis[m[Kâ€™ in non-member function
   52 |   auto current_time = [01;31m[Kthis[m[K->now();
      |                       [01;31m[K^~~~[m[K
[01m[K/home/mz/projects/ros/tutorials/basics/ros2_webots/src/robots_paths/src/ObstacleAvoider1.cpp:55:38:[m[K [01;31m[Kerror: [m[Kâ€˜[01m[Kstart_time_[m[Kâ€™ was not declared in this scope
   55 |   auto elapsed_time = current_time - [01;31m[Kstart_time_[m[K;
      |                                      [01;31m[K^~~~~~~~~~~[m[K
[01m[K/home/mz/projects/ros/tutorials/basics/ros2_webots/src/robots_paths/src/ObstacleAvoider1.cpp:61:3:[m[K [01;31m[Kerror: [m[Kâ€˜[01m[Kdistance_traveled[m[Kâ€™ was not declared in this scope
   61 |   [01;31m[Kdistance_traveled[m[K = velocity_ * elapsed_seconds;
      |   [01;31m[K^~~~~~~~~~~~~~~~~[m[K
[01m[K/home/mz/projects/ros/tutorials/basics/ros2_webots/src/robots_paths/src/ObstacleAvoider1.cpp:61:23:[m[K [01;31m[Kerror: [m[Kâ€˜[01m[Kvelocity_[m[Kâ€™ was not declared in this scope
   61 |   distance_traveled = [01;31m[Kvelocity_[m[K * elapsed_seconds;
      |                       [01;31m[K^~~~~~~~~[m[K
In file included from [01m[K/home/mz/projects/ros/tutorials/basics/ros2_webots/src/robots_paths/src/ObstacleAvoider2.cpp:1[m[K:
[01m[K/home/mz/projects/ros/tutorials/basics/ros2_webots/src/robots_paths/include/robots_paths/ObstacleAvoider.hpp:43:3:[m[K [01;31m[Kerror: [m[Ktwo or more data types in declaration of â€˜[01m[KupdateDistance[m[Kâ€™
   43 |   [01;31m[Kvoid[m[K void updateDistance();
      |   [01;31m[K^~~~[m[K
gmake[2]: *** [CMakeFiles/obstacle_avoider1.dir/build.make:76: CMakeFiles/obstacle_avoider1.dir/src/ObstacleAvoider1.cpp.o] Error 1
gmake[1]: *** [CMakeFiles/Makefile2:141: CMakeFiles/obstacle_avoider1.dir/all] Error 2
gmake[1]: *** Waiting for unfinished jobs....
gmake[2]: *** [CMakeFiles/obstacle_avoider2.dir/build.make:76: CMakeFiles/obstacle_avoider2.dir/src/ObstacleAvoider2.cpp.o] Error 1
gmake[1]: *** [CMakeFiles/Makefile2:167: CMakeFiles/obstacle_avoider2.dir/all] Error 2
gmake: *** [Makefile:146: all] Error 2
