[0.120s] Invoking command in '/home/mz/projects/ros/tutorials/basics/ros2_webots/build/robots_paths': CMAKE_PREFIX_PATH=${CMAKE_PREFIX_PATH}:/opt/ros/iron /usr/bin/cmake --build /home/mz/projects/ros/tutorials/basics/ros2_webots/build/robots_paths -- -j4 -l4
[0.201s] [35m[1mConsolidate compiler generated dependencies of target obstacle_avoider1[0m
[0.228s] [ 33%] Built target robots_paths
[0.238s] [ 50%] [32mBuilding CXX object CMakeFiles/obstacle_avoider2.dir/src/ObstacleAvoider2.cpp.o[0m
[0.246s] [ 66%] [32mBuilding CXX object CMakeFiles/obstacle_avoider1.dir/src/ObstacleAvoider1.cpp.o[0m
[4.110s] In file included from [01m[K/home/mz/projects/ros/tutorials/basics/ros2_webots/src/robots_paths/src/ObstacleAvoider1.cpp:1[m[K:
[4.111s] [01m[K/home/mz/projects/ros/tutorials/basics/ros2_webots/src/robots_paths/include/robots_paths/ObstacleAvoider.hpp:36:28:[m[K [01;31m[Kerror: [m[Kexpected identifier before numeric constant
[4.111s]    36 |   double distance_traveled([01;31m[K0[m[K);
[4.111s]       |                            [01;31m[K^[m[K
[4.111s] [01m[K/home/mz/projects/ros/tutorials/basics/ros2_webots/src/robots_paths/include/robots_paths/ObstacleAvoider.hpp:36:28:[m[K [01;31m[Kerror: [m[Kexpected â€˜[01m[K,[m[Kâ€™ or â€˜[01m[K...[m[Kâ€™ before numeric constant
[4.115s] [01m[K/home/mz/projects/ros/tutorials/basics/ros2_webots/src/robots_paths/src/ObstacleAvoider1.cpp:[m[K In constructor â€˜[01m[KObstacleAvoider1::ObstacleAvoider1(const string&, const string&, const string&)[m[Kâ€™:
[4.116s] [01m[K/home/mz/projects/ros/tutorials/basics/ros2_webots/src/robots_paths/src/ObstacleAvoider1.cpp:17:35:[m[K [01;31m[Kerror: [m[Kclass â€˜[01m[KObstacleAvoider1[m[Kâ€™ does not have any field named â€˜[01m[Kdistance_traveled[m[Kâ€™
[4.116s]    17 |                                   [01;31m[Kdistance_traveled[m[K(0) {
[4.116s]       |                                   [01;31m[K^~~~~~~~~~~~~~~~~[m[K
[4.150s] [01m[K/home/mz/projects/ros/tutorials/basics/ros2_webots/src/robots_paths/src/ObstacleAvoider1.cpp:[m[K In member function â€˜[01m[Kvoid ObstacleAvoider1::updateDistance()[m[Kâ€™:
[4.150s] [01m[K/home/mz/projects/ros/tutorials/basics/ros2_webots/src/robots_paths/src/ObstacleAvoider1.cpp:67:3:[m[K [01;31m[Kerror: [m[Kinvalid use of member function â€˜[01m[Kdouble ObstacleAvoider1::distance_traveled(int)[m[Kâ€™ (did you forget the â€˜[01m[K()[m[Kâ€™ ?)
[4.150s]    67 |   [01;31m[Kdistance_traveled[m[K = velocity_ * elapsed_seconds;
[4.150s]       |   [01;31m[K^~~~~~~~~~~~~~~~~[m[K
[4.166s] [01m[K/home/mz/projects/ros/tutorials/basics/ros2_webots/src/robots_paths/src/ObstacleAvoider1.cpp:[m[K In member function â€˜[01m[Kvoid ObstacleAvoider1::turn180()[m[Kâ€™:
[4.166s] [01m[K/home/mz/projects/ros/tutorials/basics/ros2_webots/src/robots_paths/src/ObstacleAvoider1.cpp:89:76:[m[K [01;31m[Kerror: [m[Kno matching function for call to â€˜[01m[Kstd::chrono::duration<long int, std::ratio<1, 1000> >::duration(double)[m[Kâ€™
[4.166s]    89 |   std::this_thread::sleep_for(std::chrono::milliseconds(time_to_turn * 1000[01;31m[K)[m[K);
[4.167s]       |                                                                            [01;31m[K^[m[K
[4.174s] In file included from [01m[K/usr/include/c++/11/mutex:39[m[K,
[4.174s]                  from [01m[K/usr/include/c++/11/future:38[m[K,
[4.174s]                  from [01m[K/opt/ros/iron/include/rclcpp/rclcpp/executors.hpp:18[m[K,
[4.174s]                  from [01m[K/opt/ros/iron/include/rclcpp/rclcpp/rclcpp.hpp:167[m[K,
[4.174s]                  from [01m[K/home/mz/projects/ros/tutorials/basics/ros2_webots/src/robots_paths/include/robots_paths/ObstacleAvoider.hpp:4[m[K,
[4.175s]                  from [01m[K/home/mz/projects/ros/tutorials/basics/ros2_webots/src/robots_paths/src/ObstacleAvoider1.cpp:1[m[K:
[4.175s] [01m[K/usr/include/c++/11/chrono:529:21:[m[K [01;36m[Knote: [m[Kcandidate: â€˜[01m[Ktemplate<class _Rep2, class _Period2, class> constexpr std::chrono::duration<_Rep, _Period>::duration(const std::chrono::duration<_Rep, _Period>&) [with _Rep2 = _Rep2; _Period2 = _Period2; <template-parameter-2-3> = <template-parameter-1-3>; _Rep = long int; _Period = std::ratio<1, 1000>][m[Kâ€™
[4.175s]   529 |           constexpr [01;36m[Kduration[m[K(const duration<_Rep2, _Period2>& __d)
[4.175s]       |                     [01;36m[K^~~~~~~~[m[K
[4.176s] [01m[K/usr/include/c++/11/chrono:529:21:[m[K [01;36m[Knote: [m[K  template argument deduction/substitution failed:
[4.176s] [01m[K/home/mz/projects/ros/tutorials/basics/ros2_webots/src/robots_paths/src/ObstacleAvoider1.cpp:89:76:[m[K [01;36m[Knote: [m[K  mismatched types â€˜[01m[Kconst std::chrono::duration<_Rep1, _Period1>[m[Kâ€™ and â€˜[01m[Kdouble[m[Kâ€™
[4.176s]    89 |   std::this_thread::sleep_for(std::chrono::milliseconds(time_to_turn * 1000[01;36m[K)[m[K);
[4.176s]       |                                                                            [01;36m[K^[m[K
[4.177s] In file included from [01m[K/usr/include/c++/11/mutex:39[m[K,
[4.177s]                  from [01m[K/usr/include/c++/11/future:38[m[K,
[4.177s]                  from [01m[K/opt/ros/iron/include/rclcpp/rclcpp/executors.hpp:18[m[K,
[4.177s]                  from [01m[K/opt/ros/iron/include/rclcpp/rclcpp/rclcpp.hpp:167[m[K,
[4.177s]                  from [01m[K/home/mz/projects/ros/tutorials/basics/ros2_webots/src/robots_paths/include/robots_paths/ObstacleAvoider.hpp:4[m[K,
[4.178s]                  from [01m[K/home/mz/projects/ros/tutorials/basics/ros2_webots/src/robots_paths/src/ObstacleAvoider1.cpp:1[m[K:
[4.178s] [01m[K/usr/include/c++/11/chrono:521:30:[m[K [01;36m[Knote: [m[Kcandidate: â€˜[01m[Ktemplate<class _Rep2, class> constexpr std::chrono::duration<_Rep, _Period>::duration(const _Rep2&) [with _Rep2 = _Rep2; <template-parameter-2-2> = <template-parameter-1-2>; _Rep = long int; _Period = std::ratio<1, 1000>][m[Kâ€™
[4.178s]   521 |           constexpr explicit [01;36m[Kduration[m[K(const _Rep2& __rep)
[4.178s]       |                              [01;36m[K^~~~~~~~[m[K
[4.178s] [01m[K/usr/include/c++/11/chrono:521:30:[m[K [01;36m[Knote: [m[K  template argument deduction/substitution failed:
[4.179s] In file included from [01m[K/usr/include/c++/11/bits/move.h:57[m[K,
[4.179s]                  from [01m[K/usr/include/c++/11/bits/stl_pair.h:59[m[K,
[4.180s]                  from [01m[K/usr/include/c++/11/bits/stl_algobase.h:64[m[K,
[4.180s]                  from [01m[K/usr/include/c++/11/memory:63[m[K,
[4.180s]                  from [01m[K/home/mz/projects/ros/tutorials/basics/ros2_webots/src/robots_paths/include/robots_paths/ObstacleAvoider.hpp:1[m[K,
[4.180s]                  from [01m[K/home/mz/projects/ros/tutorials/basics/ros2_webots/src/robots_paths/src/ObstacleAvoider1.cpp:1[m[K:
[4.180s] /usr/include/c++/11/type_traits: In substitution of â€˜[01m[Ktemplate<bool _Cond, class _Tp> using __enable_if_t = typename std::enable_if::type [with bool _Cond = false; _Tp = void][m[Kâ€™:
[4.181s] [01m[K/usr/include/c++/11/type_traits:2209:11:[m[K   required by substitution of â€˜[01m[Ktemplate<class ... _Cond> using _Require = std::__enable_if_t<std::__and_< <template-parameter-1-1> >::value> [with _Cond = {std::is_convertible<const double&, long int>, std::__or_<std::chrono::treat_as_floating_point<long int>, std::__not_<std::chrono::treat_as_floating_point<double> > >}][m[Kâ€™
[4.181s] [01m[K/usr/include/c++/11/chrono:518:27:[m[K   required from here
[4.181s] [01m[K/usr/include/c++/11/type_traits:2205:11:[m[K [01;31m[Kerror: [m[Kno type named â€˜[01m[Ktype[m[Kâ€™ in â€˜[01m[Kstruct std::enable_if<false, void>[m[Kâ€™
[4.181s]  2205 |     using [01;31m[K__enable_if_t[m[K = typename enable_if<_Cond, _Tp>::type;
[4.181s]       |           [01;31m[K^~~~~~~~~~~~~[m[K
[4.182s] In file included from [01m[K/usr/include/c++/11/mutex:39[m[K,
[4.182s]                  from [01m[K/usr/include/c++/11/future:38[m[K,
[4.182s]                  from [01m[K/opt/ros/iron/include/rclcpp/rclcpp/executors.hpp:18[m[K,
[4.182s]                  from [01m[K/opt/ros/iron/include/rclcpp/rclcpp/rclcpp.hpp:167[m[K,
[4.183s]                  from [01m[K/home/mz/projects/ros/tutorials/basics/ros2_webots/src/robots_paths/include/robots_paths/ObstacleAvoider.hpp:4[m[K,
[4.183s]                  from [01m[K/home/mz/projects/ros/tutorials/basics/ros2_webots/src/robots_paths/src/ObstacleAvoider1.cpp:1[m[K:
[4.183s] [01m[K/usr/include/c++/11/chrono:514:9:[m[K [01;36m[Knote: [m[Kcandidate: â€˜[01m[Kconstexpr std::chrono::duration<_Rep, _Period>::duration(const std::chrono::duration<_Rep, _Period>&) [with _Rep = long int; _Period = std::ratio<1, 1000>][m[Kâ€™
[4.183s]   514 |         [01;36m[Kduration[m[K(const duration&) = default;
[4.183s]       |         [01;36m[K^~~~~~~~[m[K
[4.184s] [01m[K/usr/include/c++/11/chrono:514:18:[m[K [01;36m[Knote: [m[K  no known conversion for argument 1 from â€˜[01m[Kdouble[m[Kâ€™ to â€˜[01m[Kconst std::chrono::duration<long int, std::ratio<1, 1000> >&[m[Kâ€™
[4.184s]   514 |         duration([01;36m[Kconst duration&[m[K) = default;
[4.184s]       |                  [01;36m[K^~~~~~~~~~~~~~~[m[K
[4.184s] [01m[K/usr/include/c++/11/chrono:512:19:[m[K [01;36m[Knote: [m[Kcandidate: â€˜[01m[Kstd::chrono::duration<_Rep, _Period>::duration() [with _Rep = long int; _Period = std::ratio<1, 1000>][m[Kâ€™
[4.185s]   512 |         constexpr [01;36m[Kduration[m[K() = default;
[4.185s]       |                   [01;36m[K^~~~~~~~[m[K
[4.193s] [01m[K/usr/include/c++/11/chrono:512:19:[m[K [01;36m[Knote: [m[K  candidate expects 0 arguments, 1 provided
[4.196s] [01m[K/home/mz/projects/ros/tutorials/basics/ros2_webots/src/robots_paths/src/ObstacleAvoider1.cpp:[m[K In member function â€˜[01m[Kvoid ObstacleAvoider1::updateRobotBehavior()[m[Kâ€™:
[4.196s] [01m[K/home/mz/projects/ros/tutorials/basics/ros2_webots/src/robots_paths/src/ObstacleAvoider1.cpp:123:8:[m[K [01;31m[Kerror: [m[Kinvalid use of member function â€˜[01m[Kdouble ObstacleAvoider1::distance_traveled(int)[m[Kâ€™ (did you forget the â€˜[01m[K()[m[Kâ€™ ?)
[4.197s]   123 |     if([01;31m[Kdistance_traveled[m[K > TRAVEL_DISTANCE) {
[4.197s]       |        [01;31m[K^~~~~~~~~~~~~~~~~[m[K
[4.198s] In file included from [01m[K/opt/ros/iron/include/rclcpp/rclcpp/logging.hpp:24[m[K,
[4.198s]                  from [01m[K/opt/ros/iron/include/rclcpp/rclcpp/client.hpp:43[m[K,
[4.198s]                  from [01m[K/opt/ros/iron/include/rclcpp/rclcpp/callback_group.hpp:24[m[K,
[4.199s]                  from [01m[K/opt/ros/iron/include/rclcpp/rclcpp/any_executable.hpp:20[m[K,
[4.199s]                  from [01m[K/opt/ros/iron/include/rclcpp/rclcpp/memory_strategy.hpp:25[m[K,
[4.199s]                  from [01m[K/opt/ros/iron/include/rclcpp/rclcpp/memory_strategies.hpp:18[m[K,
[4.199s]                  from [01m[K/opt/ros/iron/include/rclcpp/rclcpp/executor_options.hpp:20[m[K,
[4.199s]                  from [01m[K/opt/ros/iron/include/rclcpp/rclcpp/executor.hpp:37[m[K,
[4.200s]                  from [01m[K/opt/ros/iron/include/rclcpp/rclcpp/executors/multi_threaded_executor.hpp:25[m[K,
[4.200s]                  from [01m[K/opt/ros/iron/include/rclcpp/rclcpp/executors.hpp:21[m[K,
[4.200s]                  from [01m[K/opt/ros/iron/include/rclcpp/rclcpp/rclcpp.hpp:167[m[K,
[4.200s]                  from [01m[K/home/mz/projects/ros/tutorials/basics/ros2_webots/src/robots_paths/include/robots_paths/ObstacleAvoider.hpp:4[m[K,
[4.200s]                  from [01m[K/home/mz/projects/ros/tutorials/basics/ros2_webots/src/robots_paths/src/ObstacleAvoider1.cpp:1[m[K:
[4.200s] [01m[K/home/mz/projects/ros/tutorials/basics/ros2_webots/src/robots_paths/src/ObstacleAvoider1.cpp:125:81:[m[K [01;31m[Kerror: [m[Kinvalid use of non-static member function â€˜[01m[Kdouble ObstacleAvoider1::distance_traveled(int)[m[Kâ€™
[4.201s]   125 |       RCLCPP_INFO(this->get_logger(), "Distance traveled by Robot1: %f meters", [01;31m[Kdistance_traveled[m[K);
[4.201s]       |                                                                                 [01;31m[K^~~~~~~~~~~~~~~~~[m[K
[4.201s] In file included from [01m[K/home/mz/projects/ros/tutorials/basics/ros2_webots/src/robots_paths/src/ObstacleAvoider1.cpp:1[m[K:
[4.201s] [01m[K/home/mz/projects/ros/tutorials/basics/ros2_webots/src/robots_paths/include/robots_paths/ObstacleAvoider.hpp:36:10:[m[K [01;36m[Knote: [m[Kdeclared here
[4.208s]    36 |   double [01;36m[Kdistance_traveled[m[K(0);
[4.208s]       |          [01;36m[K^~~~~~~~~~~~~~~~~[m[K
[4.355s] In file included from [01m[K/home/mz/projects/ros/tutorials/basics/ros2_webots/src/robots_paths/src/ObstacleAvoider2.cpp:1[m[K:
[4.355s] [01m[K/home/mz/projects/ros/tutorials/basics/ros2_webots/src/robots_paths/include/robots_paths/ObstacleAvoider.hpp:36:28:[m[K [01;31m[Kerror: [m[Kexpected identifier before numeric constant
[4.356s]    36 |   double distance_traveled([01;31m[K0[m[K);
[4.356s]       |                            [01;31m[K^[m[K
[4.356s] [01m[K/home/mz/projects/ros/tutorials/basics/ros2_webots/src/robots_paths/include/robots_paths/ObstacleAvoider.hpp:36:28:[m[K [01;31m[Kerror: [m[Kexpected â€˜[01m[K,[m[Kâ€™ or â€˜[01m[K...[m[Kâ€™ before numeric constant
[8.109s] gmake[2]: *** [CMakeFiles/obstacle_avoider2.dir/build.make:76: CMakeFiles/obstacle_avoider2.dir/src/ObstacleAvoider2.cpp.o] Error 1
[8.109s] gmake[1]: *** [CMakeFiles/Makefile2:167: CMakeFiles/obstacle_avoider2.dir/all] Error 2
[8.109s] gmake[1]: *** Waiting for unfinished jobs....
[8.201s] gmake[2]: *** [CMakeFiles/obstacle_avoider1.dir/build.make:76: CMakeFiles/obstacle_avoider1.dir/src/ObstacleAvoider1.cpp.o] Error 1
[8.202s] gmake[1]: *** [CMakeFiles/Makefile2:141: CMakeFiles/obstacle_avoider1.dir/all] Error 2
[8.202s] gmake: *** [Makefile:146: all] Error 2
[8.205s] Invoked command in '/home/mz/projects/ros/tutorials/basics/ros2_webots/build/robots_paths' returned '2': CMAKE_PREFIX_PATH=${CMAKE_PREFIX_PATH}:/opt/ros/iron /usr/bin/cmake --build /home/mz/projects/ros/tutorials/basics/ros2_webots/build/robots_paths -- -j4 -l4
