[01m[K/home/mz/projects/ros/tutorials/basics/ros2_webots/src/robots_paths/src/ObstacleAvoider1.cpp:[m[K In member function â€˜[01m[Kvoid ObstacleAvoider1::rightSensorCallback(sensor_msgs::msg::Range_<std::allocator<void> >::SharedPtr)[m[Kâ€™:
[01m[K/home/mz/projects/ros/tutorials/basics/ros2_webots/src/robots_paths/src/ObstacleAvoider1.cpp:60:30:[m[K [01;31m[Kerror: [m[Kâ€˜[01m[KSTOP_TIME[m[Kâ€™ was not declared in this scope
   60 |         std::chrono::seconds([01;31m[KSTOP_TIME[m[K), [this]() {
      |                              [01;31m[K^~~~~~~~~[m[K
gmake[2]: *** [CMakeFiles/obstacle_avoider1.dir/build.make:76: CMakeFiles/obstacle_avoider1.dir/src/ObstacleAvoider1.cpp.o] Error 1
gmake[1]: *** [CMakeFiles/Makefile2:141: CMakeFiles/obstacle_avoider1.dir/all] Error 2
gmake[1]: *** Waiting for unfinished jobs....
gmake: *** [Makefile:146: all] Error 2
