[0.087s] Invoking command in '/home/mz/projects/ros/tutorials/basics/ros2_webots/build/robots_paths': CMAKE_PREFIX_PATH=/opt/ros/iron /usr/bin/cmake --build /home/mz/projects/ros/tutorials/basics/ros2_webots/build/robots_paths -- -j4 -l4
[0.173s] [35m[1mConsolidate compiler generated dependencies of target obstacle_avoider2[0m
[0.173s] [35m[1mConsolidate compiler generated dependencies of target obstacle_avoider1[0m
[0.231s] [ 16%] [32mBuilding CXX object CMakeFiles/robots_paths.dir/src/MyRobotDriver.cpp.o[0m
[0.235s] [ 33%] [32mBuilding CXX object CMakeFiles/obstacle_avoider1.dir/src/ObstacleAvoider1.cpp.o[0m
[0.243s] [ 66%] Built target obstacle_avoider2
[3.696s] [01m[K/home/mz/projects/ros/tutorials/basics/ros2_webots/src/robots_paths/src/ObstacleAvoider1.cpp:[m[K In member function â€˜[01m[Kvoid ObstacleAvoider1::rightSensorCallback(sensor_msgs::msg::Range_<std::allocator<void> >::SharedPtr)[m[Kâ€™:
[3.696s] [01m[K/home/mz/projects/ros/tutorials/basics/ros2_webots/src/robots_paths/src/ObstacleAvoider1.cpp:60:30:[m[K [01;31m[Kerror: [m[Kâ€˜[01m[KSTOP_TIME[m[Kâ€™ was not declared in this scope
[3.696s]    60 |         std::chrono::seconds([01;31m[KSTOP_TIME[m[K), [this]() {
[3.696s]       |                              [01;31m[K^~~~~~~~~[m[K
[6.340s] gmake[2]: *** [CMakeFiles/obstacle_avoider1.dir/build.make:76: CMakeFiles/obstacle_avoider1.dir/src/ObstacleAvoider1.cpp.o] Error 1
[6.341s] gmake[1]: *** [CMakeFiles/Makefile2:141: CMakeFiles/obstacle_avoider1.dir/all] Error 2
[6.341s] gmake[1]: *** Waiting for unfinished jobs....
[10.824s] [ 83%] [32m[1mLinking CXX shared library librobots_paths.so[0m
[11.622s] [ 83%] Built target robots_paths
[11.623s] gmake: *** [Makefile:146: all] Error 2
[11.626s] Invoked command in '/home/mz/projects/ros/tutorials/basics/ros2_webots/build/robots_paths' returned '2': CMAKE_PREFIX_PATH=/opt/ros/iron /usr/bin/cmake --build /home/mz/projects/ros/tutorials/basics/ros2_webots/build/robots_paths -- -j4 -l4
