[0.206s] Invoking command in '/home/mz/projects/ros/tutorials/basics/ros2_webots/build/multiple_robots': CMAKE_PREFIX_PATH=${CMAKE_PREFIX_PATH}:/opt/ros/iron /usr/bin/cmake --build /home/mz/projects/ros/tutorials/basics/ros2_webots/build/multiple_robots -- -j4 -l4
[0.279s] [35m[1mConsolidate compiler generated dependencies of target obstacle_avoider1[0m
[0.280s] [35m[1mConsolidate compiler generated dependencies of target obstacle_avoider2[0m
[0.307s] [35m[1mConsolidate compiler generated dependencies of target multiple_robots[0m
[0.347s] [ 14%] [32mBuilding CXX object CMakeFiles/obstacle_avoider1.dir/src/ObstacleAvoider1.cpp.o[0m
[0.348s] [ 28%] [32mBuilding CXX object CMakeFiles/obstacle_avoider2.dir/src/ObstacleAvoider2.cpp.o[0m
[0.363s] [ 42%] [32mBuilding CXX object CMakeFiles/multiple_robots.dir/src/MyRobotDriver1.cpp.o[0m
[0.367s] [ 57%] [32mBuilding CXX object CMakeFiles/multiple_robots.dir/src/MyRobotDriver2.cpp.o[0m
[6.401s] [01m[K/home/mz/projects/ros/tutorials/basics/ros2_webots/src/multiple_robots/src/ObstacleAvoider2.cpp:5:1:[m[K [01;31m[Kerror: [m[Kâ€˜[01m[KObstacleAvoider2[m[Kâ€™ does not name a type; did you mean â€˜[01m[KObstacleAvoider[m[Kâ€™?
[6.401s]     5 | [01;31m[KObstacleAvoider2[m[K::ObstacleAvoider2() : Node("obstacle_avoider2") {
[6.401s]       | [01;31m[K^~~~~~~~~~~~~~~~[m[K
[6.401s]       | [32m[KObstacleAvoider[m[K
[6.401s] [01m[K/home/mz/projects/ros/tutorials/basics/ros2_webots/src/multiple_robots/src/ObstacleAvoider2.cpp:19:6:[m[K [01;31m[Kerror: [m[Kâ€˜[01m[KObstacleAvoider2[m[Kâ€™ has not been declared
[6.402s]    19 | void [01;31m[KObstacleAvoider2[m[K::leftSensorCallback(
[6.402s]       |      [01;31m[K^~~~~~~~~~~~~~~~[m[K
[6.420s] [01m[K/home/mz/projects/ros/tutorials/basics/ros2_webots/src/multiple_robots/src/ObstacleAvoider2.cpp:[m[K In function â€˜[01m[Kvoid leftSensorCallback(sensor_msgs::msg::Range_<std::allocator<void> >::SharedPtr)[m[Kâ€™:
[6.421s] [01m[K/home/mz/projects/ros/tutorials/basics/ros2_webots/src/multiple_robots/src/ObstacleAvoider2.cpp:21:3:[m[K [01;31m[Kerror: [m[Kâ€˜[01m[Kleft_sensor_value[m[Kâ€™ was not declared in this scope
[6.421s]    21 |   [01;31m[Kleft_sensor_value[m[K = msg->range;
[6.421s]       |   [01;31m[K^~~~~~~~~~~~~~~~~[m[K
[6.422s] [01m[K/home/mz/projects/ros/tutorials/basics/ros2_webots/src/multiple_robots/src/ObstacleAvoider2.cpp:[m[K At global scope:
[6.422s] [01m[K/home/mz/projects/ros/tutorials/basics/ros2_webots/src/multiple_robots/src/ObstacleAvoider2.cpp:24:6:[m[K [01;31m[Kerror: [m[Kâ€˜[01m[KObstacleAvoider2[m[Kâ€™ has not been declared
[6.422s]    24 | void [01;31m[KObstacleAvoider2[m[K::rightSensorCallback(
[6.422s]       |      [01;31m[K^~~~~~~~~~~~~~~~[m[K
[6.437s] [01m[K/home/mz/projects/ros/tutorials/basics/ros2_webots/src/multiple_robots/src/ObstacleAvoider2.cpp:[m[K In function â€˜[01m[Kvoid rightSensorCallback(sensor_msgs::msg::Range_<std::allocator<void> >::SharedPtr)[m[Kâ€™:
[6.438s] [01m[K/home/mz/projects/ros/tutorials/basics/ros2_webots/src/multiple_robots/src/ObstacleAvoider2.cpp:26:3:[m[K [01;31m[Kerror: [m[Kâ€˜[01m[Kright_sensor_value[m[Kâ€™ was not declared in this scope
[6.438s]    26 |   [01;31m[Kright_sensor_value[m[K = msg->range;
[6.438s]       |   [01;31m[K^~~~~~~~~~~~~~~~~~[m[K
[6.466s] [01m[K/home/mz/projects/ros/tutorials/basics/ros2_webots/src/multiple_robots/src/ObstacleAvoider2.cpp:32:7:[m[K [01;31m[Kerror: [m[Kâ€˜[01m[Kleft_sensor_value[m[Kâ€™ was not declared in this scope
[6.466s]    32 |   if ([01;31m[Kleft_sensor_value[m[K < 0.9 * MAX_RANGE ||
[6.467s]       |       [01;31m[K^~~~~~~~~~~~~~~~~[m[K
[6.476s] [01m[K/home/mz/projects/ros/tutorials/basics/ros2_webots/src/multiple_robots/src/ObstacleAvoider2.cpp:37:3:[m[K [01;31m[Kerror: [m[Kâ€˜[01m[Kpublisher_[m[Kâ€™ was not declared in this scope; did you mean â€˜[01m[Krmw_publisher_t[m[Kâ€™?
[6.477s]    37 |   [01;31m[Kpublisher_[m[K->publish(std::move(command_message));
[6.477s]       |   [01;31m[K^~~~~~~~~~[m[K
[6.477s]       |   [32m[Krmw_publisher_t[m[K
[6.489s] [01m[K/home/mz/projects/ros/tutorials/basics/ros2_webots/src/multiple_robots/src/ObstacleAvoider2.cpp:[m[K In function â€˜[01m[Kint main(int, char**)[m[Kâ€™:
[6.489s] [01m[K/home/mz/projects/ros/tutorials/basics/ros2_webots/src/multiple_robots/src/ObstacleAvoider2.cpp:42:35:[m[K [01;31m[Kerror: [m[Kâ€˜[01m[KObstacleAvoider2[m[Kâ€™ was not declared in this scope; did you mean â€˜[01m[KObstacleAvoider[m[Kâ€™?
[6.489s]    42 |   auto avoider = std::make_shared<[01;31m[KObstacleAvoider2[m[K>();
[6.490s]       |                                   [01;31m[K^~~~~~~~~~~~~~~~[m[K
[6.490s]       |                                   [32m[KObstacleAvoider[m[K
[6.490s] [01m[K/home/mz/projects/ros/tutorials/basics/ros2_webots/src/multiple_robots/src/ObstacleAvoider2.cpp:42:52:[m[K [01;31m[Kerror: [m[Kno matching function for call to â€˜[01m[Kmake_shared<<expression error> >()[m[Kâ€™
[6.490s]    42 |   auto avoider = [01;31m[Kstd::make_shared<ObstacleAvoider2>()[m[K;
[6.491s]       |                  [01;31m[K~~~~~~~~~~~~~~~~~~~~~~~~~~~~~~~~~~^~[m[K
[6.491s] In file included from [01m[K/usr/include/c++/11/memory:77[m[K,
[6.491s]                  from [01m[K/home/mz/projects/ros/tutorials/basics/ros2_webots/src/multiple_robots/include/multiple_robots/ObstacleAvoider.hpp:1[m[K,
[6.492s]                  from [01m[K/home/mz/projects/ros/tutorials/basics/ros2_webots/src/multiple_robots/src/ObstacleAvoider2.cpp:1[m[K:
[6.492s] [01m[K/usr/include/c++/11/bits/shared_ptr.h:875:5:[m[K [01;36m[Knote: [m[Kcandidate: â€˜[01m[Ktemplate<class _Tp, class ... _Args> std::shared_ptr<_Tp> std::make_shared(_Args&& ...)[m[Kâ€™
[6.492s]   875 |     [01;36m[Kmake_shared[m[K(_Args&&... __args)
[6.492s]       |     [01;36m[K^~~~~~~~~~~[m[K
[6.492s] [01m[K/usr/include/c++/11/bits/shared_ptr.h:875:5:[m[K [01;36m[Knote: [m[K  template argument deduction/substitution failed:
[6.493s] [01m[K/home/mz/projects/ros/tutorials/basics/ros2_webots/src/multiple_robots/src/ObstacleAvoider2.cpp:42:52:[m[K [01;31m[Kerror: [m[Ktemplate argument 1 is invalid
[6.493s]    42 |   auto avoider = [01;31m[Kstd::make_shared<ObstacleAvoider2>()[m[K;
[6.493s]       |                  [01;31m[K~~~~~~~~~~~~~~~~~~~~~~~~~~~~~~~~~~^~[m[K
[6.540s] [01m[K/home/mz/projects/ros/tutorials/basics/ros2_webots/src/multiple_robots/src/ObstacleAvoider1.cpp:5:1:[m[K [01;31m[Kerror: [m[Kâ€˜[01m[KObstacleAvoider1[m[Kâ€™ does not name a type; did you mean â€˜[01m[KObstacleAvoider[m[Kâ€™?
[6.540s]     5 | [01;31m[KObstacleAvoider1[m[K::ObstacleAvoider1() : Node("obstacle_avoider1") {
[6.540s]       | [01;31m[K^~~~~~~~~~~~~~~~[m[K
[6.540s]       | [32m[KObstacleAvoider[m[K
[6.540s] [01m[K/home/mz/projects/ros/tutorials/basics/ros2_webots/src/multiple_robots/src/ObstacleAvoider1.cpp:19:6:[m[K [01;31m[Kerror: [m[Kâ€˜[01m[KObstacleAvoider1[m[Kâ€™ has not been declared
[6.541s]    19 | void [01;31m[KObstacleAvoider1[m[K::leftSensorCallback(
[6.541s]       |      [01;31m[K^~~~~~~~~~~~~~~~[m[K
[6.559s] [01m[K/home/mz/projects/ros/tutorials/basics/ros2_webots/src/multiple_robots/src/ObstacleAvoider1.cpp:[m[K In function â€˜[01m[Kvoid leftSensorCallback(sensor_msgs::msg::Range_<std::allocator<void> >::SharedPtr)[m[Kâ€™:
[6.560s] [01m[K/home/mz/projects/ros/tutorials/basics/ros2_webots/src/multiple_robots/src/ObstacleAvoider1.cpp:21:3:[m[K [01;31m[Kerror: [m[Kâ€˜[01m[Kleft_sensor_value[m[Kâ€™ was not declared in this scope
[6.560s]    21 |   [01;31m[Kleft_sensor_value[m[K = msg->range;
[6.560s]       |   [01;31m[K^~~~~~~~~~~~~~~~~[m[K
[6.560s] [01m[K/home/mz/projects/ros/tutorials/basics/ros2_webots/src/multiple_robots/src/ObstacleAvoider1.cpp:[m[K At global scope:
[6.560s] [01m[K/home/mz/projects/ros/tutorials/basics/ros2_webots/src/multiple_robots/src/ObstacleAvoider1.cpp:24:6:[m[K [01;31m[Kerror: [m[Kâ€˜[01m[KObstacleAvoider1[m[Kâ€™ has not been declared
[6.560s]    24 | void [01;31m[KObstacleAvoider1[m[K::rightSensorCallback(
[6.560s]       |      [01;31m[K^~~~~~~~~~~~~~~~[m[K
[6.575s] [01m[K/home/mz/projects/ros/tutorials/basics/ros2_webots/src/multiple_robots/src/ObstacleAvoider1.cpp:[m[K In function â€˜[01m[Kvoid rightSensorCallback(sensor_msgs::msg::Range_<std::allocator<void> >::SharedPtr)[m[Kâ€™:
[6.575s] [01m[K/home/mz/projects/ros/tutorials/basics/ros2_webots/src/multiple_robots/src/ObstacleAvoider1.cpp:26:3:[m[K [01;31m[Kerror: [m[Kâ€˜[01m[Kright_sensor_value[m[Kâ€™ was not declared in this scope
[6.575s]    26 |   [01;31m[Kright_sensor_value[m[K = msg->range;
[6.575s]       |   [01;31m[K^~~~~~~~~~~~~~~~~~[m[K
[6.603s] [01m[K/home/mz/projects/ros/tutorials/basics/ros2_webots/src/multiple_robots/src/ObstacleAvoider1.cpp:32:7:[m[K [01;31m[Kerror: [m[Kâ€˜[01m[Kleft_sensor_value[m[Kâ€™ was not declared in this scope
[6.603s]    32 |   if ([01;31m[Kleft_sensor_value[m[K < 0.9 * MAX_RANGE ||
[6.604s]       |       [01;31m[K^~~~~~~~~~~~~~~~~[m[K
[6.612s] [01m[K/home/mz/projects/ros/tutorials/basics/ros2_webots/src/multiple_robots/src/ObstacleAvoider1.cpp:37:3:[m[K [01;31m[Kerror: [m[Kâ€˜[01m[Kpublisher_[m[Kâ€™ was not declared in this scope; did you mean â€˜[01m[Krmw_publisher_t[m[Kâ€™?
[6.612s]    37 |   [01;31m[Kpublisher_[m[K->publish(std::move(command_message));
[6.613s]       |   [01;31m[K^~~~~~~~~~[m[K
[6.613s]       |   [32m[Krmw_publisher_t[m[K
[6.624s] [01m[K/home/mz/projects/ros/tutorials/basics/ros2_webots/src/multiple_robots/src/ObstacleAvoider1.cpp:[m[K In function â€˜[01m[Kint main(int, char**)[m[Kâ€™:
[6.624s] [01m[K/home/mz/projects/ros/tutorials/basics/ros2_webots/src/multiple_robots/src/ObstacleAvoider1.cpp:42:35:[m[K [01;31m[Kerror: [m[Kâ€˜[01m[KObstacleAvoider1[m[Kâ€™ was not declared in this scope; did you mean â€˜[01m[KObstacleAvoider[m[Kâ€™?
[6.624s]    42 |   auto avoider = std::make_shared<[01;31m[KObstacleAvoider1[m[K>();
[6.624s]       |                                   [01;31m[K^~~~~~~~~~~~~~~~[m[K
[6.624s]       |                                   [32m[KObstacleAvoider[m[K
[6.625s] [01m[K/home/mz/projects/ros/tutorials/basics/ros2_webots/src/multiple_robots/src/ObstacleAvoider1.cpp:42:52:[m[K [01;31m[Kerror: [m[Kno matching function for call to â€˜[01m[Kmake_shared<<expression error> >()[m[Kâ€™
[6.625s]    42 |   auto avoider = [01;31m[Kstd::make_shared<ObstacleAvoider1>()[m[K;
[6.625s]       |                  [01;31m[K~~~~~~~~~~~~~~~~~~~~~~~~~~~~~~~~~~^~[m[K
[6.625s] In file included from [01m[K/usr/include/c++/11/memory:77[m[K,
[6.625s]                  from [01m[K/home/mz/projects/ros/tutorials/basics/ros2_webots/src/multiple_robots/include/multiple_robots/ObstacleAvoider.hpp:1[m[K,
[6.625s]                  from [01m[K/home/mz/projects/ros/tutorials/basics/ros2_webots/src/multiple_robots/src/ObstacleAvoider1.cpp:1[m[K:
[6.626s] [01m[K/usr/include/c++/11/bits/shared_ptr.h:875:5:[m[K [01;36m[Knote: [m[Kcandidate: â€˜[01m[Ktemplate<class _Tp, class ... _Args> std::shared_ptr<_Tp> std::make_shared(_Args&& ...)[m[Kâ€™
[6.626s]   875 |     [01;36m[Kmake_shared[m[K(_Args&&... __args)
[6.626s]       |     [01;36m[K^~~~~~~~~~~[m[K
[6.626s] [01m[K/usr/include/c++/11/bits/shared_ptr.h:875:5:[m[K [01;36m[Knote: [m[K  template argument deduction/substitution failed:
[6.626s] [01m[K/home/mz/projects/ros/tutorials/basics/ros2_webots/src/multiple_robots/src/ObstacleAvoider1.cpp:42:52:[m[K [01;31m[Kerror: [m[Ktemplate argument 1 is invalid
[6.626s]    42 |   auto avoider = [01;31m[Kstd::make_shared<ObstacleAvoider1>()[m[K;
[6.626s]       |                  [01;31m[K~~~~~~~~~~~~~~~~~~~~~~~~~~~~~~~~~~^~[m[K
[6.981s] [01m[K/home/mz/projects/ros/tutorials/basics/ros2_webots/src/multiple_robots/src/MyRobotDriver2.cpp:13:6:[m[K [01;31m[Kerror: [m[Kâ€˜[01m[KMyRobotDriver2[m[Kâ€™ has not been declared
[6.982s]    13 | void [01;31m[KMyRobotDriver2[m[K::init(
[6.982s]       |      [01;31m[K^~~~~~~~~~~~~~[m[K
[6.992s] [01m[K/home/mz/projects/ros/tutorials/basics/ros2_webots/src/multiple_robots/src/MyRobotDriver2.cpp:[m[K In function â€˜[01m[Kvoid my_robot_driver::init(webots_ros2_driver::WebotsNode*, std::unordered_map<std::__cxx11::basic_string<char>, std::__cxx11::basic_string<char> >&)[m[Kâ€™:
[6.993s] [01m[K/home/mz/projects/ros/tutorials/basics/ros2_webots/src/multiple_robots/src/MyRobotDriver2.cpp:17:3:[m[K [01;31m[Kerror: [m[Kâ€˜[01m[Kright_motor[m[Kâ€™ was not declared in this scope
[6.993s]    17 |   [01;31m[Kright_motor[m[K = wb_robot_get_device("right wheel motor");
[6.993s]       |   [01;31m[K^~~~~~~~~~~[m[K
[7.004s] [01m[K/home/mz/projects/ros/tutorials/basics/ros2_webots/src/multiple_robots/src/MyRobotDriver2.cpp:18:3:[m[K [01;31m[Kerror: [m[Kâ€˜[01m[Kleft_motor[m[Kâ€™ was not declared in this scope
[7.004s]    18 |   [01;31m[Kleft_motor[m[K = wb_robot_get_device("left wheel motor");
[7.004s]       |   [01;31m[K^~~~~~~~~~[m[K
[7.021s] [01m[K/home/mz/projects/ros/tutorials/basics/ros2_webots/src/multiple_robots/src/MyRobotDriver2.cpp:26:3:[m[K [01;31m[Kerror: [m[Kâ€˜[01m[Kcmd_vel_subscription_[m[Kâ€™ was not declared in this scope; did you mean â€˜[01m[Krmw_subscription_t[m[Kâ€™?
[7.022s]    26 |   [01;31m[Kcmd_vel_subscription_[m[K = node->create_subscription<geometry_msgs::msg::Twist>(
[7.022s]       |   [01;31m[K^~~~~~~~~~~~~~~~~~~~~[m[K
[7.022s]       |   [32m[Krmw_subscription_t[m[K
[7.022s] [01m[K/home/mz/projects/ros/tutorials/basics/ros2_webots/src/multiple_robots/src/MyRobotDriver2.cpp:28:18:[m[K [01;31m[Kerror: [m[Kâ€˜[01m[KMyRobotDriver2[m[Kâ€™ has not been declared
[7.023s]    28 |       std::bind(&[01;31m[KMyRobotDriver2[m[K::cmdVelCallback, this, std::placeholders::_1));
[7.023s]       |                  [01;31m[K^~~~~~~~~~~~~~[m[K
[7.023s] [01m[K/home/mz/projects/ros/tutorials/basics/ros2_webots/src/multiple_robots/src/MyRobotDriver2.cpp:28:50:[m[K [01;31m[Kerror: [m[Kinvalid use of â€˜[01m[Kthis[m[Kâ€™ in non-member function
[7.024s]    28 |       std::bind(&MyRobotDriver2::cmdVelCallback, [01;31m[Kthis[m[K, std::placeholders::_1));
[7.024s]       |                                                  [01;31m[K^~~~[m[K
[7.024s] [01m[K/home/mz/projects/ros/tutorials/basics/ros2_webots/src/multiple_robots/src/MyRobotDriver2.cpp:[m[K At global scope:
[7.024s] [01m[K/home/mz/projects/ros/tutorials/basics/ros2_webots/src/multiple_robots/src/MyRobotDriver2.cpp:31:6:[m[K [01;31m[Kerror: [m[Kâ€˜[01m[KMyRobotDriver2[m[Kâ€™ has not been declared
[7.025s]    31 | void [01;31m[KMyRobotDriver2[m[K::cmdVelCallback(
[7.025s]       |      [01;31m[K^~~~~~~~~~~~~~[m[K
[7.041s] [01m[K/home/mz/projects/ros/tutorials/basics/ros2_webots/src/multiple_robots/src/MyRobotDriver2.cpp:[m[K In function â€˜[01m[Kvoid my_robot_driver::cmdVelCallback(geometry_msgs::msg::Twist_<std::allocator<void> >::SharedPtr)[m[Kâ€™:
[7.041s] [01m[K/home/mz/projects/ros/tutorials/basics/ros2_webots/src/multiple_robots/src/MyRobotDriver2.cpp:33:3:[m[K [01;31m[Kerror: [m[Kâ€˜[01m[Kcmd_vel_msg[m[Kâ€™ was not declared in this scope
[7.041s]    33 |   [01;31m[Kcmd_vel_msg[m[K.linear = msg->linear;
[7.042s]       |   [01;31m[K^~~~~~~~~~~[m[K
[7.042s] [01m[K/home/mz/projects/ros/tutorials/basics/ros2_webots/src/multiple_robots/src/MyRobotDriver2.cpp:[m[K At global scope:
[7.042s] [01m[K/home/mz/projects/ros/tutorials/basics/ros2_webots/src/multiple_robots/src/MyRobotDriver2.cpp:37:6:[m[K [01;31m[Kerror: [m[Kâ€˜[01m[KMyRobotDriver2[m[Kâ€™ has not been declared
[7.042s]    37 | void [01;31m[KMyRobotDriver2[m[K::step() {
[7.043s]       |      [01;31m[K^~~~~~~~~~~~~~[m[K
[7.053s] [01m[K/home/mz/projects/ros/tutorials/basics/ros2_webots/src/multiple_robots/src/MyRobotDriver2.cpp:[m[K In function â€˜[01m[Kvoid my_robot_driver::step()[m[Kâ€™:
[7.054s] [01m[K/home/mz/projects/ros/tutorials/basics/ros2_webots/src/multiple_robots/src/MyRobotDriver2.cpp:38:24:[m[K [01;31m[Kerror: [m[Kâ€˜[01m[Kcmd_vel_msg[m[Kâ€™ was not declared in this scope
[7.054s]    38 |   auto forward_speed = [01;31m[Kcmd_vel_msg[m[K.linear.x;
[7.054s]       |                        [01;31m[K^~~~~~~~~~~[m[K
[7.069s] [01m[K/home/mz/projects/ros/tutorials/basics/ros2_webots/src/multiple_robots/src/MyRobotDriver2.cpp:48:25:[m[K [01;31m[Kerror: [m[Kâ€˜[01m[Kleft_motor[m[Kâ€™ was not declared in this scope
[7.069s]    48 |   wb_motor_set_velocity([01;31m[Kleft_motor[m[K, command_motor_left);
[7.069s]       |                         [01;31m[K^~~~~~~~~~[m[K
[7.080s] [01m[K/home/mz/projects/ros/tutorials/basics/ros2_webots/src/multiple_robots/src/MyRobotDriver2.cpp:49:25:[m[K [01;31m[Kerror: [m[Kâ€˜[01m[Kright_motor[m[Kâ€™ was not declared in this scope
[7.080s]    49 |   wb_motor_set_velocity([01;31m[Kright_motor[m[K, command_motor_right);
[7.081s]       |                         [01;31m[K^~~~~~~~~~~[m[K
[7.081s] In file included from [01m[K/opt/ros/iron/include/class_loader/class_loader/class_loader.hpp:56[m[K,
[7.082s]                  from [01m[K/opt/ros/iron/include/class_loader/class_loader/multi_library_class_loader.hpp:52[m[K,
[7.082s]                  from [01m[K/opt/ros/iron/include/pluginlib/pluginlib/class_loader.hpp:38[m[K,
[7.082s]                  from [01m[K/opt/ros/iron/include/webots_ros2_driver/WebotsNode.hpp:26[m[K,
[7.082s]                  from [01m[K/home/mz/projects/ros/tutorials/basics/ros2_webots/src/multiple_robots/include/multiple_robots/MyRobotDriver.hpp:6[m[K,
[7.083s]                  from [01m[K/home/mz/projects/ros/tutorials/basics/ros2_webots/src/multiple_robots/src/MyRobotDriver2.cpp:1[m[K:
[7.083s] [01m[K/home/mz/projects/ros/tutorials/basics/ros2_webots/src/multiple_robots/src/MyRobotDriver2.cpp:[m[K At global scope:
[7.083s] [01m[K/home/mz/projects/ros/tutorials/basics/ros2_webots/src/multiple_robots/src/MyRobotDriver2.cpp:54:41:[m[K [01;31m[Kerror: [m[Kâ€˜[01m[KMyRobotDriver2[m[Kâ€™ in namespace â€˜[01m[Kmy_robot_driver[m[Kâ€™ does not name a type; did you mean â€˜[01m[KMyRobotDriver[m[Kâ€™?
[7.083s]    54 | PLUGINLIB_EXPORT_CLASS(my_robot_driver::[01;31m[KMyRobotDriver2[m[K,
[7.084s]       |                                         [01;31m[K^~~~~~~~~~~~~~[m[K
[7.103s] [01m[K/home/mz/projects/ros/tutorials/basics/ros2_webots/src/multiple_robots/src/MyRobotDriver2.cpp:[m[K In constructor â€˜[01m[K{anonymous}::ProxyExec0::ProxyExec0()[m[Kâ€™:
[7.103s] [01m[K/home/mz/projects/ros/tutorials/basics/ros2_webots/src/multiple_robots/src/MyRobotDriver2.cpp:54:1:[m[K [01;31m[Kerror: [m[Kâ€˜[01m[K_derived[m[Kâ€™ was not declared in this scope
[7.103s]    54 | [01;31m[KPLUGINLIB_EXPORT_CLASS[m[K(my_robot_driver::MyRobotDriver2,
[7.103s]       | [01;31m[K^~~~~~~~~~~~~~~~~~~~~~[m[K
[7.104s] [01m[K/home/mz/projects/ros/tutorials/basics/ros2_webots/src/multiple_robots/src/MyRobotDriver2.cpp:54:1:[m[K [01;31m[Kerror: [m[Kno matching function for call to â€˜[01m[KregisterPlugin<<expression error>, {anonymous}::ProxyExec0::_base>(const char [32], const char [36])[m[Kâ€™
[7.104s]    54 | [01;31m[KPLUGINLIB_EXPORT_CLASS[m[K(my_robot_driver::MyRobotDriver2,
[7.104s]       | [01;31m[K^~~~~~~~~~~~~~~~~~~~~~[m[K
[7.105s] In file included from [01m[K/opt/ros/iron/include/class_loader/class_loader/class_loader.hpp:55[m[K,
[7.105s]                  from [01m[K/opt/ros/iron/include/class_loader/class_loader/multi_library_class_loader.hpp:52[m[K,
[7.105s]                  from [01m[K/opt/ros/iron/include/pluginlib/pluginlib/class_loader.hpp:38[m[K,
[7.105s]                  from [01m[K/opt/ros/iron/include/webots_ros2_driver/WebotsNode.hpp:26[m[K,
[7.106s]                  from [01m[K/home/mz/projects/ros/tutorials/basics/ros2_webots/src/multiple_robots/include/multiple_robots/MyRobotDriver.hpp:6[m[K,
[7.106s]                  from [01m[K/home/mz/projects/ros/tutorials/basics/ros2_webots/src/multiple_robots/src/MyRobotDriver2.cpp:1[m[K:
[7.106s] [01m[K/opt/ros/iron/include/class_loader/class_loader/class_loader_core.hpp:241:1:[m[K [01;36m[Knote: [m[Kcandidate: â€˜[01m[Ktemplate<class Derived, class Base> class_loader::impl::UniquePtr<class_loader::impl::AbstractMetaObjectBase> class_loader::impl::registerPlugin(const string&, const string&)[m[Kâ€™
[7.106s]   241 | [01;36m[KregisterPlugin[m[K(const std::string & class_name, const std::string & base_class_name)
[7.107s]       | [01;36m[K^~~~~~~~~~~~~~[m[K
[7.107s] [01m[K/opt/ros/iron/include/class_loader/class_loader/class_loader_core.hpp:241:1:[m[K [01;36m[Knote: [m[K  template argument deduction/substitution failed:
[7.107s] In file included from [01m[K/opt/ros/iron/include/class_loader/class_loader/class_loader.hpp:56[m[K,
[7.108s]                  from [01m[K/opt/ros/iron/include/class_loader/class_loader/multi_library_class_loader.hpp:52[m[K,
[7.108s]                  from [01m[K/opt/ros/iron/include/pluginlib/pluginlib/class_loader.hpp:38[m[K,
[7.108s]                  from [01m[K/opt/ros/iron/include/webots_ros2_driver/WebotsNode.hpp:26[m[K,
[7.108s]                  from [01m[K/home/mz/projects/ros/tutorials/basics/ros2_webots/src/multiple_robots/include/multiple_robots/MyRobotDriver.hpp:6[m[K,
[7.108s]                  from [01m[K/home/mz/projects/ros/tutorials/basics/ros2_webots/src/multiple_robots/src/MyRobotDriver2.cpp:1[m[K:
[7.109s] [01m[K/home/mz/projects/ros/tutorials/basics/ros2_webots/src/multiple_robots/src/MyRobotDriver2.cpp:54:1:[m[K [01;31m[Kerror: [m[Ktemplate argument 1 is invalid
[7.109s]    54 | [01;31m[KPLUGINLIB_EXPORT_CLASS[m[K(my_robot_driver::MyRobotDriver2,
[7.109s]       | [01;31m[K^~~~~~~~~~~~~~~~~~~~~~[m[K
[7.235s] [01m[K/home/mz/projects/ros/tutorials/basics/ros2_webots/src/multiple_robots/src/MyRobotDriver1.cpp:13:6:[m[K [01;31m[Kerror: [m[Kâ€˜[01m[KMyRobotDriver1[m[Kâ€™ has not been declared
[7.235s]    13 | void [01;31m[KMyRobotDriver1[m[K::init(
[7.235s]       |      [01;31m[K^~~~~~~~~~~~~~[m[K
[7.247s] [01m[K/home/mz/projects/ros/tutorials/basics/ros2_webots/src/multiple_robots/src/MyRobotDriver1.cpp:[m[K In function â€˜[01m[Kvoid my_robot_driver::init(webots_ros2_driver::WebotsNode*, std::unordered_map<std::__cxx11::basic_string<char>, std::__cxx11::basic_string<char> >&)[m[Kâ€™:
[7.247s] [01m[K/home/mz/projects/ros/tutorials/basics/ros2_webots/src/multiple_robots/src/MyRobotDriver1.cpp:17:3:[m[K [01;31m[Kerror: [m[Kâ€˜[01m[Kright_motor[m[Kâ€™ was not declared in this scope
[7.248s]    17 |   [01;31m[Kright_motor[m[K = wb_robot_get_device("right wheel motor");
[7.248s]       |   [01;31m[K^~~~~~~~~~~[m[K
[7.256s] [01m[K/home/mz/projects/ros/tutorials/basics/ros2_webots/src/multiple_robots/src/MyRobotDriver1.cpp:18:3:[m[K [01;31m[Kerror: [m[Kâ€˜[01m[Kleft_motor[m[Kâ€™ was not declared in this scope
[7.257s]    18 |   [01;31m[Kleft_motor[m[K = wb_robot_get_device("left wheel motor");
[7.257s]       |   [01;31m[K^~~~~~~~~~[m[K
[7.281s] [01m[K/home/mz/projects/ros/tutorials/basics/ros2_webots/src/multiple_robots/src/MyRobotDriver1.cpp:26:3:[m[K [01;31m[Kerror: [m[Kâ€˜[01m[Kcmd_vel_subscription_[m[Kâ€™ was not declared in this scope; did you mean â€˜[01m[Krmw_subscription_t[m[Kâ€™?
[7.281s]    26 |   [01;31m[Kcmd_vel_subscription_[m[K = node->create_subscription<geometry_msgs::msg::Twist>(
[7.281s]       |   [01;31m[K^~~~~~~~~~~~~~~~~~~~~[m[K
[7.281s]       |   [32m[Krmw_subscription_t[m[K
[7.282s] [01m[K/home/mz/projects/ros/tutorials/basics/ros2_webots/src/multiple_robots/src/MyRobotDriver1.cpp:28:18:[m[K [01;31m[Kerror: [m[Kâ€˜[01m[KMyRobotDriver1[m[Kâ€™ has not been declared
[7.282s]    28 |       std::bind(&[01;31m[KMyRobotDriver1[m[K::cmdVelCallback, this, std::placeholders::_1));
[7.282s]       |                  [01;31m[K^~~~~~~~~~~~~~[m[K
[7.282s] [01m[K/home/mz/projects/ros/tutorials/basics/ros2_webots/src/multiple_robots/src/MyRobotDriver1.cpp:28:50:[m[K [01;31m[Kerror: [m[Kinvalid use of â€˜[01m[Kthis[m[Kâ€™ in non-member function
[7.283s]    28 |       std::bind(&MyRobotDriver1::cmdVelCallback, [01;31m[Kthis[m[K, std::placeholders::_1));
[7.283s]       |                                                  [01;31m[K^~~~[m[K
[7.283s] [01m[K/home/mz/projects/ros/tutorials/basics/ros2_webots/src/multiple_robots/src/MyRobotDriver1.cpp:[m[K At global scope:
[7.283s] [01m[K/home/mz/projects/ros/tutorials/basics/ros2_webots/src/multiple_robots/src/MyRobotDriver1.cpp:31:6:[m[K [01;31m[Kerror: [m[Kâ€˜[01m[KMyRobotDriver1[m[Kâ€™ has not been declared
[7.283s]    31 | void [01;31m[KMyRobotDriver1[m[K::cmdVelCallback(
[7.283s]       |      [01;31m[K^~~~~~~~~~~~~~[m[K
[7.295s] [01m[K/home/mz/projects/ros/tutorials/basics/ros2_webots/src/multiple_robots/src/MyRobotDriver1.cpp:[m[K In function â€˜[01m[Kvoid my_robot_driver::cmdVelCallback(geometry_msgs::msg::Twist_<std::allocator<void> >::SharedPtr)[m[Kâ€™:
[7.295s] [01m[K/home/mz/projects/ros/tutorials/basics/ros2_webots/src/multiple_robots/src/MyRobotDriver1.cpp:33:3:[m[K [01;31m[Kerror: [m[Kâ€˜[01m[Kcmd_vel_msg[m[Kâ€™ was not declared in this scope
[7.296s]    33 |   [01;31m[Kcmd_vel_msg[m[K.linear = msg->linear;
[7.296s]       |   [01;31m[K^~~~~~~~~~~[m[K
[7.296s] [01m[K/home/mz/projects/ros/tutorials/basics/ros2_webots/src/multiple_robots/src/MyRobotDriver1.cpp:[m[K At global scope:
[7.296s] [01m[K/home/mz/projects/ros/tutorials/basics/ros2_webots/src/multiple_robots/src/MyRobotDriver1.cpp:37:6:[m[K [01;31m[Kerror: [m[Kâ€˜[01m[KMyRobotDriver1[m[Kâ€™ has not been declared
[7.296s]    37 | void [01;31m[KMyRobotDriver1[m[K::step() {
[7.296s]       |      [01;31m[K^~~~~~~~~~~~~~[m[K
[7.306s] [01m[K/home/mz/projects/ros/tutorials/basics/ros2_webots/src/multiple_robots/src/MyRobotDriver1.cpp:[m[K In function â€˜[01m[Kvoid my_robot_driver::step()[m[Kâ€™:
[7.306s] [01m[K/home/mz/projects/ros/tutorials/basics/ros2_webots/src/multiple_robots/src/MyRobotDriver1.cpp:38:24:[m[K [01;31m[Kerror: [m[Kâ€˜[01m[Kcmd_vel_msg[m[Kâ€™ was not declared in this scope
[7.306s]    38 |   auto forward_speed = [01;31m[Kcmd_vel_msg[m[K.linear.x;
[7.306s]       |                        [01;31m[K^~~~~~~~~~~[m[K
[7.316s] [01m[K/home/mz/projects/ros/tutorials/basics/ros2_webots/src/multiple_robots/src/MyRobotDriver1.cpp:48:25:[m[K [01;31m[Kerror: [m[Kâ€˜[01m[Kleft_motor[m[Kâ€™ was not declared in this scope
[7.316s]    48 |   wb_motor_set_velocity([01;31m[Kleft_motor[m[K, command_motor_left);
[7.316s]       |                         [01;31m[K^~~~~~~~~~[m[K
[7.326s] [01m[K/home/mz/projects/ros/tutorials/basics/ros2_webots/src/multiple_robots/src/MyRobotDriver1.cpp:49:25:[m[K [01;31m[Kerror: [m[Kâ€˜[01m[Kright_motor[m[Kâ€™ was not declared in this scope
[7.326s]    49 |   wb_motor_set_velocity([01;31m[Kright_motor[m[K, command_motor_right);
[7.326s]       |                         [01;31m[K^~~~~~~~~~~[m[K
[7.326s] In file included from [01m[K/opt/ros/iron/include/class_loader/class_loader/class_loader.hpp:56[m[K,
[7.326s]                  from [01m[K/opt/ros/iron/include/class_loader/class_loader/multi_library_class_loader.hpp:52[m[K,
[7.327s]                  from [01m[K/opt/ros/iron/include/pluginlib/pluginlib/class_loader.hpp:38[m[K,
[7.327s]                  from [01m[K/opt/ros/iron/include/webots_ros2_driver/WebotsNode.hpp:26[m[K,
[7.327s]                  from [01m[K/home/mz/projects/ros/tutorials/basics/ros2_webots/src/multiple_robots/include/multiple_robots/MyRobotDriver.hpp:6[m[K,
[7.327s]                  from [01m[K/home/mz/projects/ros/tutorials/basics/ros2_webots/src/multiple_robots/src/MyRobotDriver1.cpp:1[m[K:
[7.327s] [01m[K/home/mz/projects/ros/tutorials/basics/ros2_webots/src/multiple_robots/src/MyRobotDriver1.cpp:[m[K At global scope:
[7.327s] [01m[K/home/mz/projects/ros/tutorials/basics/ros2_webots/src/multiple_robots/src/MyRobotDriver1.cpp:54:41:[m[K [01;31m[Kerror: [m[Kâ€˜[01m[KMyRobotDriver1[m[Kâ€™ in namespace â€˜[01m[Kmy_robot_driver[m[Kâ€™ does not name a type; did you mean â€˜[01m[KMyRobotDriver[m[Kâ€™?
[7.327s]    54 | PLUGINLIB_EXPORT_CLASS(my_robot_driver::[01;31m[KMyRobotDriver1[m[K,
[7.328s]       |                                         [01;31m[K^~~~~~~~~~~~~~[m[K
[7.346s] [01m[K/home/mz/projects/ros/tutorials/basics/ros2_webots/src/multiple_robots/src/MyRobotDriver1.cpp:[m[K In constructor â€˜[01m[K{anonymous}::ProxyExec0::ProxyExec0()[m[Kâ€™:
[7.347s] [01m[K/home/mz/projects/ros/tutorials/basics/ros2_webots/src/multiple_robots/src/MyRobotDriver1.cpp:54:1:[m[K [01;31m[Kerror: [m[Kâ€˜[01m[K_derived[m[Kâ€™ was not declared in this scope
[7.347s]    54 | [01;31m[KPLUGINLIB_EXPORT_CLASS[m[K(my_robot_driver::MyRobotDriver1,
[7.347s]       | [01;31m[K^~~~~~~~~~~~~~~~~~~~~~[m[K
[7.347s] [01m[K/home/mz/projects/ros/tutorials/basics/ros2_webots/src/multiple_robots/src/MyRobotDriver1.cpp:54:1:[m[K [01;31m[Kerror: [m[Kno matching function for call to â€˜[01m[KregisterPlugin<<expression error>, {anonymous}::ProxyExec0::_base>(const char [32], const char [36])[m[Kâ€™
[7.347s]    54 | [01;31m[KPLUGINLIB_EXPORT_CLASS[m[K(my_robot_driver::MyRobotDriver1,
[7.347s]       | [01;31m[K^~~~~~~~~~~~~~~~~~~~~~[m[K
[7.348s] In file included from [01m[K/opt/ros/iron/include/class_loader/class_loader/class_loader.hpp:55[m[K,
[7.348s]                  from [01m[K/opt/ros/iron/include/class_loader/class_loader/multi_library_class_loader.hpp:52[m[K,
[7.348s]                  from [01m[K/opt/ros/iron/include/pluginlib/pluginlib/class_loader.hpp:38[m[K,
[7.348s]                  from [01m[K/opt/ros/iron/include/webots_ros2_driver/WebotsNode.hpp:26[m[K,
[7.348s]                  from [01m[K/home/mz/projects/ros/tutorials/basics/ros2_webots/src/multiple_robots/include/multiple_robots/MyRobotDriver.hpp:6[m[K,
[7.348s]                  from [01m[K/home/mz/projects/ros/tutorials/basics/ros2_webots/src/multiple_robots/src/MyRobotDriver1.cpp:1[m[K:
[7.349s] [01m[K/opt/ros/iron/include/class_loader/class_loader/class_loader_core.hpp:241:1:[m[K [01;36m[Knote: [m[Kcandidate: â€˜[01m[Ktemplate<class Derived, class Base> class_loader::impl::UniquePtr<class_loader::impl::AbstractMetaObjectBase> class_loader::impl::registerPlugin(const string&, const string&)[m[Kâ€™
[7.349s]   241 | [01;36m[KregisterPlugin[m[K(const std::string & class_name, const std::string & base_class_name)
[7.349s]       | [01;36m[K^~~~~~~~~~~~~~[m[K
[7.349s] [01m[K/opt/ros/iron/include/class_loader/class_loader/class_loader_core.hpp:241:1:[m[K [01;36m[Knote: [m[K  template argument deduction/substitution failed:
[7.349s] In file included from [01m[K/opt/ros/iron/include/class_loader/class_loader/class_loader.hpp:56[m[K,
[7.349s]                  from [01m[K/opt/ros/iron/include/class_loader/class_loader/multi_library_class_loader.hpp:52[m[K,
[7.350s]                  from [01m[K/opt/ros/iron/include/pluginlib/pluginlib/class_loader.hpp:38[m[K,
[7.350s]                  from [01m[K/opt/ros/iron/include/webots_ros2_driver/WebotsNode.hpp:26[m[K,
[7.350s]                  from [01m[K/home/mz/projects/ros/tutorials/basics/ros2_webots/src/multiple_robots/include/multiple_robots/MyRobotDriver.hpp:6[m[K,
[7.350s]                  from [01m[K/home/mz/projects/ros/tutorials/basics/ros2_webots/src/multiple_robots/src/MyRobotDriver1.cpp:1[m[K:
[7.350s] [01m[K/home/mz/projects/ros/tutorials/basics/ros2_webots/src/multiple_robots/src/MyRobotDriver1.cpp:54:1:[m[K [01;31m[Kerror: [m[Ktemplate argument 1 is invalid
[7.350s]    54 | [01;31m[KPLUGINLIB_EXPORT_CLASS[m[K(my_robot_driver::MyRobotDriver1,
[7.350s]       | [01;31m[K^~~~~~~~~~~~~~~~~~~~~~[m[K
[8.315s] gmake[2]: *** [CMakeFiles/obstacle_avoider2.dir/build.make:76: CMakeFiles/obstacle_avoider2.dir/src/ObstacleAvoider2.cpp.o] Error 1
[8.317s] gmake[1]: *** [CMakeFiles/Makefile2:167: CMakeFiles/obstacle_avoider2.dir/all] Error 2
[8.317s] gmake[1]: *** Waiting for unfinished jobs....
[8.446s] gmake[2]: *** [CMakeFiles/obstacle_avoider1.dir/build.make:76: CMakeFiles/obstacle_avoider1.dir/src/ObstacleAvoider1.cpp.o] Error 1
[8.447s] gmake[1]: *** [CMakeFiles/Makefile2:141: CMakeFiles/obstacle_avoider1.dir/all] Error 2
[9.238s] gmake[2]: *** [CMakeFiles/multiple_robots.dir/build.make:90: CMakeFiles/multiple_robots.dir/src/MyRobotDriver2.cpp.o] Error 1
[9.238s] gmake[2]: *** Waiting for unfinished jobs....
[9.454s] gmake[2]: *** [CMakeFiles/multiple_robots.dir/build.make:76: CMakeFiles/multiple_robots.dir/src/MyRobotDriver1.cpp.o] Error 1
[9.455s] gmake[1]: *** [CMakeFiles/Makefile2:193: CMakeFiles/multiple_robots.dir/all] Error 2
[9.455s] gmake: *** [Makefile:146: all] Error 2
[9.458s] Invoked command in '/home/mz/projects/ros/tutorials/basics/ros2_webots/build/multiple_robots' returned '2': CMAKE_PREFIX_PATH=${CMAKE_PREFIX_PATH}:/opt/ros/iron /usr/bin/cmake --build /home/mz/projects/ros/tutorials/basics/ros2_webots/build/multiple_robots -- -j4 -l4
