[0.087s] Invoking command in '/home/mz/projects/ros/tutorials/basics/ros2_webots/build/robots_paths': CMAKE_PREFIX_PATH=${CMAKE_PREFIX_PATH}:/opt/ros/iron /usr/bin/cmake --build /home/mz/projects/ros/tutorials/basics/ros2_webots/build/robots_paths -- -j4 -l4
[0.153s] [35m[1mConsolidate compiler generated dependencies of target robots_paths[0m
[0.174s] [ 33%] Built target obstacle_avoider2
[0.184s] [ 66%] Built target obstacle_avoider1
[0.196s] [ 83%] [32mBuilding CXX object CMakeFiles/robots_paths.dir/src/MyRobotDriver.cpp.o[0m
[4.112s] [01m[K/home/mz/projects/ros/tutorials/basics/ros2_webots/src/robots_paths/src/MyRobotDriver.cpp:20:6:[m[K [01;31m[Kerror: [m[Kmultiple definition of â€˜[01m[Kenum RobotState[m[Kâ€™
[4.113s]    20 | enum [01;31m[KRobotState[m[K {
[4.113s]       |      [01;31m[K^~~~~~~~~~[m[K
[4.113s] In file included from [01m[K/home/mz/projects/ros/tutorials/basics/ros2_webots/src/robots_paths/src/MyRobotDriver.cpp:1[m[K:
[4.113s] [01m[K/home/mz/projects/ros/tutorials/basics/ros2_webots/src/robots_paths/include/robots_paths/MyRobotDriver.hpp:12:6:[m[K [01;36m[Knote: [m[Kprevious definition here
[4.113s]    12 | enum [01;36m[KRobotState[m[K {
[4.113s]       |      [01;36m[K^~~~~~~~~~[m[K
[7.135s] gmake[2]: *** [CMakeFiles/robots_paths.dir/build.make:76: CMakeFiles/robots_paths.dir/src/MyRobotDriver.cpp.o] Error 1
[7.135s] gmake[1]: *** [CMakeFiles/Makefile2:193: CMakeFiles/robots_paths.dir/all] Error 2
[7.136s] gmake: *** [Makefile:146: all] Error 2
[7.139s] Invoked command in '/home/mz/projects/ros/tutorials/basics/ros2_webots/build/robots_paths' returned '2': CMAKE_PREFIX_PATH=${CMAKE_PREFIX_PATH}:/opt/ros/iron /usr/bin/cmake --build /home/mz/projects/ros/tutorials/basics/ros2_webots/build/robots_paths -- -j4 -l4
