[0.094s] Invoking command in '/home/mz/projects/ros/tutorials/basics/ros2_webots/build/robots_paths': CMAKE_PREFIX_PATH=${CMAKE_PREFIX_PATH}:/opt/ros/iron /usr/bin/cmake --build /home/mz/projects/ros/tutorials/basics/ros2_webots/build/robots_paths -- -j4 -l4
[0.157s] [35m[1mConsolidate compiler generated dependencies of target robots_paths[0m
[0.189s] [ 33%] Built target obstacle_avoider2
[0.191s] [ 66%] Built target obstacle_avoider1
[0.202s] [ 83%] [32mBuilding CXX object CMakeFiles/robots_paths.dir/src/MyRobotDriver.cpp.o[0m
[4.031s] [01m[K/home/mz/projects/ros/tutorials/basics/ros2_webots/src/robots_paths/src/MyRobotDriver.cpp:[m[K In member function â€˜[01m[Kvirtual void my_robot_driver1::MyRobotDriver1::step()[m[Kâ€™:
[4.032s] [01m[K/home/mz/projects/ros/tutorials/basics/ros2_webots/src/robots_paths/src/MyRobotDriver.cpp:53:32:[m[K [01;31m[Kerror: [m[Kno matching function for call to â€˜[01m[Kmy_robot_driver1::MyRobotDriver1::setVelocity(double, double)[m[Kâ€™
[4.032s]    53 |                     [01;31m[KsetVelocity(ROBOT_SPEED, ROBOT_SPEED)[m[K;
[4.032s]       |                     [01;31m[K~~~~~~~~~~~^~~~~~~~~~~~~~~~~~~~~~~~~~[m[K
[4.032s] In file included from [01m[K/home/mz/projects/ros/tutorials/basics/ros2_webots/src/robots_paths/src/MyRobotDriver.cpp:1[m[K:
[4.032s] [01m[K/home/mz/projects/ros/tutorials/basics/ros2_webots/src/robots_paths/include/robots_paths/MyRobotDriver.hpp:27:8:[m[K [01;36m[Knote: [m[Kcandidate: â€˜[01m[Kvoid my_robot_driver1::MyRobotDriver1::setVelocity()[m[Kâ€™
[4.032s]    27 |   void [01;36m[KsetVelocity[m[K();
[4.032s]       |        [01;36m[K^~~~~~~~~~~[m[K
[4.033s] [01m[K/home/mz/projects/ros/tutorials/basics/ros2_webots/src/robots_paths/include/robots_paths/MyRobotDriver.hpp:27:8:[m[K [01;36m[Knote: [m[K  candidate expects 0 arguments, 2 provided
[4.033s] [01m[K/home/mz/projects/ros/tutorials/basics/ros2_webots/src/robots_paths/src/MyRobotDriver.cpp:62:32:[m[K [01;31m[Kerror: [m[Kno matching function for call to â€˜[01m[Kmy_robot_driver1::MyRobotDriver1::setVelocity(double, double)[m[Kâ€™
[4.033s]    62 |                     [01;31m[KsetVelocity(-TURN_SPEED, TURN_SPEED)[m[K;
[4.033s]       |                     [01;31m[K~~~~~~~~~~~^~~~~~~~~~~~~~~~~~~~~~~~~[m[K
[4.033s] In file included from [01m[K/home/mz/projects/ros/tutorials/basics/ros2_webots/src/robots_paths/src/MyRobotDriver.cpp:1[m[K:
[4.033s] [01m[K/home/mz/projects/ros/tutorials/basics/ros2_webots/src/robots_paths/include/robots_paths/MyRobotDriver.hpp:27:8:[m[K [01;36m[Knote: [m[Kcandidate: â€˜[01m[Kvoid my_robot_driver1::MyRobotDriver1::setVelocity()[m[Kâ€™
[4.033s]    27 |   void [01;36m[KsetVelocity[m[K();
[4.033s]       |        [01;36m[K^~~~~~~~~~~[m[K
[4.034s] [01m[K/home/mz/projects/ros/tutorials/basics/ros2_webots/src/robots_paths/include/robots_paths/MyRobotDriver.hpp:27:8:[m[K [01;36m[Knote: [m[K  candidate expects 0 arguments, 2 provided
[4.034s] [01m[K/home/mz/projects/ros/tutorials/basics/ros2_webots/src/robots_paths/src/MyRobotDriver.cpp:[m[K At global scope:
[4.034s] [01m[K/home/mz/projects/ros/tutorials/basics/ros2_webots/src/robots_paths/src/MyRobotDriver.cpp:72:6:[m[K [01;31m[Kerror: [m[Kno declaration matches â€˜[01m[Kvoid my_robot_driver1::MyRobotDriver1::setVelocity(double, double)[m[Kâ€™
[4.034s]    72 | void [01;31m[KMyRobotDriver1[m[K::setVelocity(double left_speed, double right_speed) {
[4.034s]       |      [01;31m[K^~~~~~~~~~~~~~[m[K
[4.034s] In file included from [01m[K/home/mz/projects/ros/tutorials/basics/ros2_webots/src/robots_paths/src/MyRobotDriver.cpp:1[m[K:
[4.034s] [01m[K/home/mz/projects/ros/tutorials/basics/ros2_webots/src/robots_paths/include/robots_paths/MyRobotDriver.hpp:27:8:[m[K [01;36m[Knote: [m[Kcandidate is: â€˜[01m[Kvoid my_robot_driver1::MyRobotDriver1::setVelocity()[m[Kâ€™
[4.034s]    27 |   void [01;36m[KsetVelocity[m[K();
[4.034s]       |        [01;36m[K^~~~~~~~~~~[m[K
[4.035s] [01m[K/home/mz/projects/ros/tutorials/basics/ros2_webots/src/robots_paths/include/robots_paths/MyRobotDriver.hpp:20:7:[m[K [01;36m[Knote: [m[Kâ€˜[01m[Kclass my_robot_driver1::MyRobotDriver1[m[Kâ€™ defined here
[4.035s]    20 | class [01;36m[KMyRobotDriver1[m[K : public webots_ros2_driver::PluginInterface {
[4.035s]       |       [01;36m[K^~~~~~~~~~~~~~[m[K
[7.105s] gmake[2]: *** [CMakeFiles/robots_paths.dir/build.make:76: CMakeFiles/robots_paths.dir/src/MyRobotDriver.cpp.o] Error 1
[7.106s] gmake[1]: *** [CMakeFiles/Makefile2:193: CMakeFiles/robots_paths.dir/all] Error 2
[7.106s] gmake: *** [Makefile:146: all] Error 2
[7.108s] Invoked command in '/home/mz/projects/ros/tutorials/basics/ros2_webots/build/robots_paths' returned '2': CMAKE_PREFIX_PATH=${CMAKE_PREFIX_PATH}:/opt/ros/iron /usr/bin/cmake --build /home/mz/projects/ros/tutorials/basics/ros2_webots/build/robots_paths -- -j4 -l4
