[35m[1mConsolidate compiler generated dependencies of target obstacle_avoider1[0m
[ 33%] Built target obstacle_avoider2
[ 66%] Built target robots_paths
[ 83%] [32mBuilding CXX object CMakeFiles/obstacle_avoider1.dir/src/ObstacleAvoider1.cpp.o[0m
[01m[K/home/mz/projects/ros/tutorials/basics/ros2_webots/src/robots_paths/src/ObstacleAvoider1.cpp:[m[K In member function â€˜[01m[Kvoid ObstacleAvoider1::updateRobotBehavior()[m[Kâ€™:
[01m[K/home/mz/projects/ros/tutorials/basics/ros2_webots/src/robots_paths/src/ObstacleAvoider1.cpp:105:21:[m[K [01;31m[Kerror: [m[Kexpected â€˜[01m[K;[m[Kâ€™ before â€˜[01m[Kauto[m[Kâ€™
  105 |     updateDistance()
      |                     [01;31m[K^[m[K
      |                     [32m[K;[m[K
  106 | 
  107 |     [32m[Kauto[m[K command_message = std::make_unique<geometry_msgs::msg::Twist>();
      |     [32m[K~~~~[m[K             
[01m[K/home/mz/projects/ros/tutorials/basics/ros2_webots/src/robots_paths/src/ObstacleAvoider1.cpp:110:5:[m[K [01;31m[Kerror: [m[Kâ€˜[01m[Kcommand_message[m[Kâ€™ was not declared in this scope
  110 |     [01;31m[Kcommand_message[m[K->linear.x = 0.1;
      |     [01;31m[K^~~~~~~~~~~~~~~[m[K
gmake[2]: *** [CMakeFiles/obstacle_avoider1.dir/build.make:76: CMakeFiles/obstacle_avoider1.dir/src/ObstacleAvoider1.cpp.o] Error 1
gmake[1]: *** [CMakeFiles/Makefile2:141: CMakeFiles/obstacle_avoider1.dir/all] Error 2
gmake: *** [Makefile:146: all] Error 2
