[01m[K/home/mz/projects/ros/tutorials/basics/ros2_webots/src/robots_paths/src/MyRobotDriver.cpp:[m[K In member function â€˜[01m[Kvirtual void my_robot_driver1::MyRobotDriver1::step()[m[Kâ€™:
[01m[K/home/mz/projects/ros/tutorials/basics/ros2_webots/src/robots_paths/src/MyRobotDriver.cpp:64:25:[m[K [01;31m[Kerror: [m[Kâ€˜[01m[KTURNING_180[m[Kâ€™ was not declared in this scope; did you mean â€˜[01m[KTURNING[m[Kâ€™?
   64 |                 state = [01;31m[KTURNING_180[m[K;
      |                         [01;31m[K^~~~~~~~~~~[m[K
      |                         [32m[KTURNING[m[K
[01m[K/home/mz/projects/ros/tutorials/basics/ros2_webots/src/robots_paths/src/MyRobotDriver.cpp:69:14:[m[K [01;31m[Kerror: [m[Kâ€˜[01m[KTURNING_180[m[Kâ€™ was not declared in this scope; did you mean â€˜[01m[KTURNING[m[Kâ€™?
   69 |         case [01;31m[KTURNING_180[m[K:
      |              [01;31m[K^~~~~~~~~~~[m[K
      |              [32m[KTURNING[m[K
[01m[K/home/mz/projects/ros/tutorials/basics/ros2_webots/src/robots_paths/src/MyRobotDriver.cpp:73:38:[m[K [01;31m[Kerror: [m[Kâ€˜[01m[KSWITCHING_LINE[m[Kâ€™ was not declared in this scope
   73 |                 state = first_line ? [01;31m[KSWITCHING_LINE[m[K : MOVING_STRAIGHT;
      |                                      [01;31m[K^~~~~~~~~~~~~~[m[K
[01m[K/home/mz/projects/ros/tutorials/basics/ros2_webots/src/robots_paths/src/MyRobotDriver.cpp:79:14:[m[K [01;31m[Kerror: [m[Kâ€˜[01m[KSWITCHING_LINE[m[Kâ€™ was not declared in this scope
   79 |         case [01;31m[KSWITCHING_LINE[m[K:
      |              [01;31m[K^~~~~~~~~~~~~~[m[K
[01m[K/home/mz/projects/ros/tutorials/basics/ros2_webots/src/robots_paths/src/MyRobotDriver.cpp:[m[K At global scope:
[01m[K/home/mz/projects/ros/tutorials/basics/ros2_webots/src/robots_paths/src/MyRobotDriver.cpp:116:1:[m[K [01;31m[Kerror: [m[Kâ€˜[01m[Kvvoid[m[Kâ€™ does not name a type; did you mean â€˜[01m[Kvoid[m[Kâ€™?
  116 | [01;31m[Kvvoid[m[K MyRobotDriver1::moveStraight(double speed) {
      | [01;31m[K^~~~~[m[K
      | [32m[Kvoid[m[K
gmake[2]: *** [CMakeFiles/robots_paths.dir/build.make:76: CMakeFiles/robots_paths.dir/src/MyRobotDriver.cpp.o] Error 1
gmake[1]: *** [CMakeFiles/Makefile2:193: CMakeFiles/robots_paths.dir/all] Error 2
gmake[1]: *** Waiting for unfinished jobs....
gmake: *** [Makefile:146: all] Error 2
