[0.092s] Invoking command in '/home/mz/projects/ros/tutorials/basics/ros2_webots/build/robots_paths': CMAKE_PREFIX_PATH=${CMAKE_PREFIX_PATH}:/opt/ros/iron /usr/bin/cmake --build /home/mz/projects/ros/tutorials/basics/ros2_webots/build/robots_paths -- -j4 -l4
[0.170s] [35m[1mConsolidate compiler generated dependencies of target obstacle_avoider1[0m
[0.173s] [35m[1mConsolidate compiler generated dependencies of target obstacle_avoider2[0m
[0.200s] [ 33%] Built target robots_paths
[0.207s] [ 50%] [32mBuilding CXX object CMakeFiles/obstacle_avoider1.dir/src/ObstacleAvoider1.cpp.o[0m
[0.282s] [ 66%] [32mBuilding CXX object CMakeFiles/obstacle_avoider2.dir/src/ObstacleAvoider2.cpp.o[0m
[4.273s] In file included from [01m[K/home/mz/projects/ros/tutorials/basics/ros2_webots/src/robots_paths/src/ObstacleAvoider2.cpp:1[m[K:
[4.273s] [01m[K/home/mz/projects/ros/tutorials/basics/ros2_webots/src/robots_paths/include/robots_paths/ObstacleAvoider.hpp:43:3:[m[K [01;31m[Kerror: [m[Ktwo or more data types in declaration of â€˜[01m[KupdateDistance[m[Kâ€™
[4.274s]    43 |   [01;31m[Kvoid[m[K void updateDistance();
[4.274s]       |   [01;31m[K^~~~[m[K
[4.415s] In file included from [01m[K/home/mz/projects/ros/tutorials/basics/ros2_webots/src/robots_paths/src/ObstacleAvoider1.cpp:1[m[K:
[4.416s] [01m[K/home/mz/projects/ros/tutorials/basics/ros2_webots/src/robots_paths/include/robots_paths/ObstacleAvoider.hpp:43:3:[m[K [01;31m[Kerror: [m[Ktwo or more data types in declaration of â€˜[01m[KupdateDistance[m[Kâ€™
[4.416s]    43 |   [01;31m[Kvoid[m[K void updateDistance();
[4.416s]       |   [01;31m[K^~~~[m[K
[4.432s] [01m[K/home/mz/projects/ros/tutorials/basics/ros2_webots/src/robots_paths/src/ObstacleAvoider1.cpp:[m[K In constructor â€˜[01m[KObstacleAvoider1::ObstacleAvoider1(const string&, const string&, const string&)[m[Kâ€™:
[4.432s] [01m[K/home/mz/projects/ros/tutorials/basics/ros2_webots/src/robots_paths/src/ObstacleAvoider1.cpp:32:24:[m[K [01;31m[Kerror: [m[Kâ€˜[01m[KDistanceCalculator[m[Kâ€™ has not been declared
[4.433s]    32 |             std::bind(&[01;31m[KDistanceCalculator[m[K::updateDistance, this));
[4.433s]       |                        [01;31m[K^~~~~~~~~~~~~~~~~~[m[K
[4.437s] [01m[K/home/mz/projects/ros/tutorials/basics/ros2_webots/src/robots_paths/src/ObstacleAvoider1.cpp:[m[K At global scope:
[4.437s] [01m[K/home/mz/projects/ros/tutorials/basics/ros2_webots/src/robots_paths/src/ObstacleAvoider1.cpp:50:6:[m[K [01;31m[Kerror: [m[Kno declaration matches â€˜[01m[Kvoid ObstacleAvoider1::updateDistance()[m[Kâ€™
[4.437s]    50 | void [01;31m[KObstacleAvoider1[m[K::updateDistance() {
[4.438s]       |      [01;31m[K^~~~~~~~~~~~~~~~[m[K
[4.438s] [01m[K/home/mz/projects/ros/tutorials/basics/ros2_webots/src/robots_paths/src/ObstacleAvoider1.cpp:50:6:[m[K [01;36m[Knote: [m[Kno functions named â€˜[01m[Kvoid ObstacleAvoider1::updateDistance()[m[Kâ€™
[4.438s] In file included from [01m[K/home/mz/projects/ros/tutorials/basics/ros2_webots/src/robots_paths/src/ObstacleAvoider1.cpp:1[m[K:
[4.438s] [01m[K/home/mz/projects/ros/tutorials/basics/ros2_webots/src/robots_paths/include/robots_paths/ObstacleAvoider.hpp:11:7:[m[K [01;36m[Knote: [m[Kâ€˜[01m[Kclass ObstacleAvoider1[m[Kâ€™ defined here
[4.438s]    11 | class [01;36m[KObstacleAvoider1[m[K : public rclcpp::Node {
[4.438s]       |       [01;36m[K^~~~~~~~~~~~~~~~[m[K
[7.653s] gmake[2]: *** [CMakeFiles/obstacle_avoider2.dir/build.make:76: CMakeFiles/obstacle_avoider2.dir/src/ObstacleAvoider2.cpp.o] Error 1
[7.653s] gmake[1]: *** [CMakeFiles/Makefile2:167: CMakeFiles/obstacle_avoider2.dir/all] Error 2
[7.653s] gmake[1]: *** Waiting for unfinished jobs....
[7.834s] gmake[2]: *** [CMakeFiles/obstacle_avoider1.dir/build.make:76: CMakeFiles/obstacle_avoider1.dir/src/ObstacleAvoider1.cpp.o] Error 1
[7.834s] gmake[1]: *** [CMakeFiles/Makefile2:141: CMakeFiles/obstacle_avoider1.dir/all] Error 2
[7.835s] gmake: *** [Makefile:146: all] Error 2
[7.837s] Invoked command in '/home/mz/projects/ros/tutorials/basics/ros2_webots/build/robots_paths' returned '2': CMAKE_PREFIX_PATH=${CMAKE_PREFIX_PATH}:/opt/ros/iron /usr/bin/cmake --build /home/mz/projects/ros/tutorials/basics/ros2_webots/build/robots_paths -- -j4 -l4
