[01m[K/home/mz/projects/ros/tutorials/basics/ros2_webots/src/robots_paths/src/MyRobotDriver.cpp:57:6:[m[K [01;31m[Kerror: [m[Kâ€˜[01m[KmMyRobotDriver1[m[Kâ€™ has not been declared
   57 | void [01;31m[KmMyRobotDriver1[m[K::moveForward() {
      |      [01;31m[K^~~~~~~~~~~~~~~[m[K
[01m[K/home/mz/projects/ros/tutorials/basics/ros2_webots/src/robots_paths/src/MyRobotDriver.cpp:[m[K In function â€˜[01m[Kvoid my_robot_driver1::moveForward()[m[Kâ€™:
[01m[K/home/mz/projects/ros/tutorials/basics/ros2_webots/src/robots_paths/src/MyRobotDriver.cpp:58:13:[m[K [01;31m[Kerror: [m[Kâ€˜[01m[Kdistance_covered[m[Kâ€™ was not declared in this scope
   58 |         if ([01;31m[Kdistance_covered[m[K < LINE_LENGTH) {
      |             [01;31m[K^~~~~~~~~~~~~~~~[m[K
[01m[K/home/mz/projects/ros/tutorials/basics/ros2_webots/src/robots_paths/src/MyRobotDriver.cpp:60:35:[m[K [01;31m[Kerror: [m[Kâ€˜[01m[Kleft_motor[m[Kâ€™ was not declared in this scope
   60 |             wb_motor_set_velocity([01;31m[Kleft_motor[m[K, velocity / WHEEL_RADIUS);
      |                                   [01;31m[K^~~~~~~~~~[m[K
[01m[K/home/mz/projects/ros/tutorials/basics/ros2_webots/src/robots_paths/src/MyRobotDriver.cpp:61:35:[m[K [01;31m[Kerror: [m[Kâ€˜[01m[Kright_motor[m[Kâ€™ was not declared in this scope
   61 |             wb_motor_set_velocity([01;31m[Kright_motor[m[K, velocity / WHEEL_RADIUS);
      |                                   [01;31m[K^~~~~~~~~~~[m[K
[01m[K/home/mz/projects/ros/tutorials/basics/ros2_webots/src/robots_paths/src/MyRobotDriver.cpp:64:13:[m[K [01;31m[Kerror: [m[Kâ€˜[01m[Kstate[m[Kâ€™ was not declared in this scope; did you mean â€˜[01m[K_xstate[m[Kâ€™?
   64 |             [01;31m[Kstate[m[K = TURNING;
      |             [01;31m[K^~~~~[m[K
      |             [32m[K_xstate[m[K
gmake[2]: *** [CMakeFiles/robots_paths.dir/build.make:76: CMakeFiles/robots_paths.dir/src/MyRobotDriver.cpp.o] Error 1
gmake[1]: *** [CMakeFiles/Makefile2:193: CMakeFiles/robots_paths.dir/all] Error 2
gmake: *** [Makefile:146: all] Error 2
