[0.095s] Invoking command in '/home/mz/projects/ros/tutorials/basics/ros2_webots/build/robots_paths': CMAKE_PREFIX_PATH=${CMAKE_PREFIX_PATH}:/opt/ros/iron /usr/bin/cmake --build /home/mz/projects/ros/tutorials/basics/ros2_webots/build/robots_paths -- -j4 -l4
[0.162s] [35m[1mConsolidate compiler generated dependencies of target robots_paths[0m
[0.188s] [ 33%] Built target obstacle_avoider1
[0.196s] [ 66%] Built target obstacle_avoider2
[0.208s] [ 83%] [32mBuilding CXX object CMakeFiles/robots_paths.dir/src/MyRobotDriver.cpp.o[0m
[4.013s] [01m[K/home/mz/projects/ros/tutorials/basics/ros2_webots/src/robots_paths/src/MyRobotDriver.cpp:57:6:[m[K [01;31m[Kerror: [m[Kâ€˜[01m[KmMyRobotDriver1[m[Kâ€™ has not been declared
[4.013s]    57 | void [01;31m[KmMyRobotDriver1[m[K::moveForward() {
[4.013s]       |      [01;31m[K^~~~~~~~~~~~~~~[m[K
[4.022s] [01m[K/home/mz/projects/ros/tutorials/basics/ros2_webots/src/robots_paths/src/MyRobotDriver.cpp:[m[K In function â€˜[01m[Kvoid my_robot_driver1::moveForward()[m[Kâ€™:
[4.022s] [01m[K/home/mz/projects/ros/tutorials/basics/ros2_webots/src/robots_paths/src/MyRobotDriver.cpp:58:13:[m[K [01;31m[Kerror: [m[Kâ€˜[01m[Kdistance_covered[m[Kâ€™ was not declared in this scope
[4.022s]    58 |         if ([01;31m[Kdistance_covered[m[K < LINE_LENGTH) {
[4.022s]       |             [01;31m[K^~~~~~~~~~~~~~~~[m[K
[4.028s] [01m[K/home/mz/projects/ros/tutorials/basics/ros2_webots/src/robots_paths/src/MyRobotDriver.cpp:60:35:[m[K [01;31m[Kerror: [m[Kâ€˜[01m[Kleft_motor[m[Kâ€™ was not declared in this scope
[4.028s]    60 |             wb_motor_set_velocity([01;31m[Kleft_motor[m[K, velocity / WHEEL_RADIUS);
[4.028s]       |                                   [01;31m[K^~~~~~~~~~[m[K
[4.034s] [01m[K/home/mz/projects/ros/tutorials/basics/ros2_webots/src/robots_paths/src/MyRobotDriver.cpp:61:35:[m[K [01;31m[Kerror: [m[Kâ€˜[01m[Kright_motor[m[Kâ€™ was not declared in this scope
[4.034s]    61 |             wb_motor_set_velocity([01;31m[Kright_motor[m[K, velocity / WHEEL_RADIUS);
[4.034s]       |                                   [01;31m[K^~~~~~~~~~~[m[K
[4.039s] [01m[K/home/mz/projects/ros/tutorials/basics/ros2_webots/src/robots_paths/src/MyRobotDriver.cpp:64:13:[m[K [01;31m[Kerror: [m[Kâ€˜[01m[Kstate[m[Kâ€™ was not declared in this scope; did you mean â€˜[01m[K_xstate[m[Kâ€™?
[4.040s]    64 |             [01;31m[Kstate[m[K = TURNING;
[4.040s]       |             [01;31m[K^~~~~[m[K
[4.040s]       |             [32m[K_xstate[m[K
[7.136s] gmake[2]: *** [CMakeFiles/robots_paths.dir/build.make:76: CMakeFiles/robots_paths.dir/src/MyRobotDriver.cpp.o] Error 1
[7.137s] gmake[1]: *** [CMakeFiles/Makefile2:193: CMakeFiles/robots_paths.dir/all] Error 2
[7.137s] gmake: *** [Makefile:146: all] Error 2
[7.140s] Invoked command in '/home/mz/projects/ros/tutorials/basics/ros2_webots/build/robots_paths' returned '2': CMAKE_PREFIX_PATH=${CMAKE_PREFIX_PATH}:/opt/ros/iron /usr/bin/cmake --build /home/mz/projects/ros/tutorials/basics/ros2_webots/build/robots_paths -- -j4 -l4
