[0.098s] Invoking command in '/home/mz/projects/ros/tutorials/basics/ros2_webots/build/robots_paths': CMAKE_PREFIX_PATH=${CMAKE_PREFIX_PATH}:/opt/ros/iron /usr/bin/cmake --build /home/mz/projects/ros/tutorials/basics/ros2_webots/build/robots_paths -- -j4 -l4
[0.169s] [35m[1mConsolidate compiler generated dependencies of target obstacle_avoider1[0m
[0.195s] [ 16%] [32mBuilding CXX object CMakeFiles/obstacle_avoider2.dir/src/ObstacleAvoider2.cpp.o[0m
[0.219s] [ 33%] [32mBuilding CXX object CMakeFiles/obstacle_avoider1.dir/src/ObstacleAvoider1.cpp.o[0m
[0.224s] [ 66%] Built target robots_paths
[4.198s] [01m[K/home/mz/projects/ros/tutorials/basics/ros2_webots/src/robots_paths/src/ObstacleAvoider1.cpp:[m[K In constructor â€˜[01m[KObstacleAvoider1::ObstacleAvoider1(const string&, const string&, const string&)[m[Kâ€™:
[4.198s] [01m[K/home/mz/projects/ros/tutorials/basics/ros2_webots/src/robots_paths/src/ObstacleAvoider1.cpp:38:3:[m[K [01;31m[Kerror: [m[Kâ€˜[01m[Ktimer_robot_turn_[m[Kâ€™ was not declared in this scope
[4.198s]    38 |   [01;31m[Ktimer_robot_turn_[m[K = this->create_wall_timer(
[4.198s]       |   [01;31m[K^~~~~~~~~~~~~~~~~[m[K
[4.239s] [01m[K/home/mz/projects/ros/tutorials/basics/ros2_webots/src/robots_paths/src/ObstacleAvoider1.cpp:[m[K In member function â€˜[01m[Kvoid ObstacleAvoider1::turn180()[m[Kâ€™:
[4.239s] [01m[K/home/mz/projects/ros/tutorials/basics/ros2_webots/src/robots_paths/src/ObstacleAvoider1.cpp:90:23:[m[K [01;31m[Kerror: [m[Kâ€˜[01m[Kmessage[m[Kâ€™ was not declared in this scope
[4.239s]    90 |   publisher_->publish([01;31m[Kmessage[m[K);
[4.239s]       |                       [01;31m[K^~~~~~~[m[K
[4.259s] [01m[K/home/mz/projects/ros/tutorials/basics/ros2_webots/src/robots_paths/src/ObstacleAvoider1.cpp:96:3:[m[K [01;31m[Kerror: [m[Kâ€˜[01m[Ktimer_robot_turn_[m[Kâ€™ was not declared in this scope; did you mean â€˜[01m[Ktime_to_turn[m[Kâ€™?
[4.260s]    96 |   [01;31m[Ktimer_robot_turn_[m[K->cancel();
[4.260s]       |   [01;31m[K^~~~~~~~~~~~~~~~~[m[K
[4.263s]       |   [32m[Ktime_to_turn[m[K
[4.263s] In file included from [01m[K/opt/ros/iron/include/rclcpp/rclcpp/logging.hpp:24[m[K,
[4.264s]                  from [01m[K/opt/ros/iron/include/rclcpp/rclcpp/client.hpp:43[m[K,
[4.264s]                  from [01m[K/opt/ros/iron/include/rclcpp/rclcpp/callback_group.hpp:24[m[K,
[4.264s]                  from [01m[K/opt/ros/iron/include/rclcpp/rclcpp/any_executable.hpp:20[m[K,
[4.264s]                  from [01m[K/opt/ros/iron/include/rclcpp/rclcpp/memory_strategy.hpp:25[m[K,
[4.265s]                  from [01m[K/opt/ros/iron/include/rclcpp/rclcpp/memory_strategies.hpp:18[m[K,
[4.265s]                  from [01m[K/opt/ros/iron/include/rclcpp/rclcpp/executor_options.hpp:20[m[K,
[4.265s]                  from [01m[K/opt/ros/iron/include/rclcpp/rclcpp/executor.hpp:37[m[K,
[4.265s]                  from [01m[K/opt/ros/iron/include/rclcpp/rclcpp/executors/multi_threaded_executor.hpp:25[m[K,
[4.266s]                  from [01m[K/opt/ros/iron/include/rclcpp/rclcpp/executors.hpp:21[m[K,
[4.266s]                  from [01m[K/opt/ros/iron/include/rclcpp/rclcpp/rclcpp.hpp:167[m[K,
[4.266s]                  from [01m[K/home/mz/projects/ros/tutorials/basics/ros2_webots/src/robots_paths/include/robots_paths/ObstacleAvoider.hpp:4[m[K,
[4.266s]                  from [01m[K/home/mz/projects/ros/tutorials/basics/ros2_webots/src/robots_paths/src/ObstacleAvoider1.cpp:1[m[K:
[4.266s] [01m[K/home/mz/projects/ros/tutorials/basics/ros2_webots/src/robots_paths/src/ObstacleAvoider1.cpp:[m[K In member function â€˜[01m[Kvoid ObstacleAvoider1::updateRobotBehavior()[m[Kâ€™:
[4.266s] [01m[K/home/mz/projects/ros/tutorials/basics/ros2_webots/src/robots_paths/src/ObstacleAvoider1.cpp:120:39:[m[K [01;35m[Kwarning: [m[Ktoo many arguments for format [[01;35m[K]8;;https://gcc.gnu.org/onlinedocs/gcc/Warning-Options.html#index-Wformat-extra-args-Wformat-extra-args]8;;[m[K]
[4.267s]   120 |       RCLCPP_INFO(this->get_logger(), [01;35m[K"Robot1 starts to turn"[m[K, distance_traveled);
[4.267s]       |                                       [01;35m[K^~~~~~~~~~~~~~~~~~~~~~~[m[K
[4.267s] [01m[K/home/mz/projects/ros/tutorials/basics/ros2_webots/src/robots_paths/src/ObstacleAvoider1.cpp:122:16:[m[K [01;31m[Kerror: [m[Kexpected â€˜[01m[K;[m[Kâ€™ before â€˜[01m[Kdo[m[Kâ€™
[4.267s]   122 |       turn180()
[4.267s]       |                [01;31m[K^[m[K
[4.267s]       |                [32m[K;[m[K
[7.321s] gmake[2]: *** [CMakeFiles/obstacle_avoider1.dir/build.make:76: CMakeFiles/obstacle_avoider1.dir/src/ObstacleAvoider1.cpp.o] Error 1
[7.321s] gmake[1]: *** [CMakeFiles/Makefile2:141: CMakeFiles/obstacle_avoider1.dir/all] Error 2
[7.321s] gmake[1]: *** Waiting for unfinished jobs....
[10.464s] [ 83%] [32m[1mLinking CXX executable obstacle_avoider2[0m
[11.044s] [ 83%] Built target obstacle_avoider2
[11.046s] gmake: *** [Makefile:146: all] Error 2
[11.049s] Invoked command in '/home/mz/projects/ros/tutorials/basics/ros2_webots/build/robots_paths' returned '2': CMAKE_PREFIX_PATH=${CMAKE_PREFIX_PATH}:/opt/ros/iron /usr/bin/cmake --build /home/mz/projects/ros/tutorials/basics/ros2_webots/build/robots_paths -- -j4 -l4
