[01m[K/home/mz/projects/ros/tutorials/basics/ros2_webots/src/robots_paths/src/ObstacleAvoider1.cpp:[m[K In function â€˜[01m[Kconst char* stateToString(ObstacleAvoider1::State)[m[Kâ€™:
[01m[K/home/mz/projects/ros/tutorials/basics/ros2_webots/src/robots_paths/src/ObstacleAvoider1.cpp:41:45:[m[K [01;31m[Kerror: [m[Kâ€˜[01m[Kenum class ObstacleAvoider1::State[m[Kâ€™ is private within this context
   41 | const char* stateToString(ObstacleAvoider1::[01;31m[KState[m[K state) {
      |                                             [01;31m[K^~~~~[m[K
In file included from [01m[K/home/mz/projects/ros/tutorials/basics/ros2_webots/src/robots_paths/src/ObstacleAvoider1.cpp:1[m[K:
[01m[K/home/mz/projects/ros/tutorials/basics/ros2_webots/src/robots_paths/include/robots_paths/ObstacleAvoider.hpp:28:14:[m[K [01;36m[Knote: [m[Kdeclared private here
   28 |   enum class [01;36m[KState[m[K {
      |              [01;36m[K^~~~~[m[K
[01m[K/home/mz/projects/ros/tutorials/basics/ros2_webots/src/robots_paths/src/ObstacleAvoider1.cpp:43:14:[m[K [01;31m[Kerror: [m[Kâ€˜[01m[KState[m[Kâ€™ has not been declared
   43 |         case [01;31m[KState[m[K::MOVING_FORWARD: return "MOVING_FORWARD";
      |              [01;31m[K^~~~~[m[K
[01m[K/home/mz/projects/ros/tutorials/basics/ros2_webots/src/robots_paths/src/ObstacleAvoider1.cpp:44:14:[m[K [01;31m[Kerror: [m[Kâ€˜[01m[KState[m[Kâ€™ has not been declared
   44 |         case [01;31m[KState[m[K::STOPPING: return "STOPPING";
      |              [01;31m[K^~~~~[m[K
[01m[K/home/mz/projects/ros/tutorials/basics/ros2_webots/src/robots_paths/src/ObstacleAvoider1.cpp:45:14:[m[K [01;31m[Kerror: [m[Kâ€˜[01m[KState[m[Kâ€™ has not been declared
   45 |         case [01;31m[KState[m[K::TURNING_AROUND: return "TURNING_AROUND";
      |              [01;31m[K^~~~~[m[K
[01m[K/home/mz/projects/ros/tutorials/basics/ros2_webots/src/robots_paths/src/ObstacleAvoider1.cpp:46:14:[m[K [01;31m[Kerror: [m[Kâ€˜[01m[KState[m[Kâ€™ has not been declared
   46 |         case [01;31m[KState[m[K::MOVING_BACK: return "MOVING_BACK";
      |              [01;31m[K^~~~~[m[K
gmake[2]: *** [CMakeFiles/obstacle_avoider1.dir/build.make:76: CMakeFiles/obstacle_avoider1.dir/src/ObstacleAvoider1.cpp.o] Error 1
gmake[1]: *** [CMakeFiles/Makefile2:141: CMakeFiles/obstacle_avoider1.dir/all] Error 2
gmake: *** [Makefile:146: all] Error 2
