[0.093s] Invoking command in '/home/mz/projects/ros/tutorials/basics/ros2_webots/build/robots_world': CMAKE_PREFIX_PATH=${CMAKE_PREFIX_PATH}:/opt/ros/iron /usr/bin/cmake --build /home/mz/projects/ros/tutorials/basics/ros2_webots/build/robots_world -- -j4 -l4
[0.150s] [35m[1mConsolidate compiler generated dependencies of target robots_world[0m
[0.168s] [ 50%] Built target obstacle_avoider
[0.189s] [ 75%] [32mBuilding CXX object CMakeFiles/robots_world.dir/src/MyRobotDriver.cpp.o[0m
[4.072s] In file included from [01m[K/home/mz/projects/ros/tutorials/basics/ros2_webots/src/robots_world/src/MyRobotDriver.cpp:1[m[K:
[4.073s] [01m[K/home/mz/projects/ros/tutorials/basics/ros2_webots/src/robots_world/include/robots_world/MyRobotDriver.hpp:28:2:[m[K [01;31m[Kerror: [m[Kexpected â€˜[01m[K;[m[Kâ€™ after class definition
[4.073s]    28 | }
[4.073s]       |  [01;31m[K^[m[K
[4.073s]       |  [32m[K;[m[K
[7.439s] gmake[2]: *** [CMakeFiles/robots_world.dir/build.make:76: CMakeFiles/robots_world.dir/src/MyRobotDriver.cpp.o] Error 1
[7.440s] gmake[1]: *** [CMakeFiles/Makefile2:165: CMakeFiles/robots_world.dir/all] Error 2
[7.440s] gmake: *** [Makefile:146: all] Error 2
[7.443s] Invoked command in '/home/mz/projects/ros/tutorials/basics/ros2_webots/build/robots_world' returned '2': CMAKE_PREFIX_PATH=${CMAKE_PREFIX_PATH}:/opt/ros/iron /usr/bin/cmake --build /home/mz/projects/ros/tutorials/basics/ros2_webots/build/robots_world -- -j4 -l4
