[01m[K/home/mz/projects/ros/tutorials/basics/ros2_webots/src/robots_world/src/ObstacleAvoider.cpp:1:10:[m[K [01;31m[Kfatal error: [m[Kmy_package/ObstacleAvoider.hpp: No such file or directory
    1 | #include [01;31m[K"my_package/ObstacleAvoider.hpp"[m[K
      |          [01;31m[K^~~~~~~~~~~~~~~~~~~~~~~~~~~~~~~~[m[K
compilation terminated.
[01m[K/home/mz/projects/ros/tutorials/basics/ros2_webots/src/robots_world/src/MyRobotDriver.cpp:1:10:[m[K [01;31m[Kfatal error: [m[Kmy_package/MyRobotDriver.hpp: No such file or directory
    1 | #include [01;31m[K"my_package/MyRobotDriver.hpp"[m[K
      |          [01;31m[K^~~~~~~~~~~~~~~~~~~~~~~~~~~~~~[m[K
compilation terminated.
gmake[2]: *** [CMakeFiles/obstacle_avoider.dir/build.make:76: CMakeFiles/obstacle_avoider.dir/src/ObstacleAvoider.cpp.o] Error 1
gmake[1]: *** [CMakeFiles/Makefile2:139: CMakeFiles/obstacle_avoider.dir/all] Error 2
gmake[1]: *** Waiting for unfinished jobs....
gmake[2]: *** [CMakeFiles/robots_world.dir/build.make:76: CMakeFiles/robots_world.dir/src/MyRobotDriver.cpp.o] Error 1
gmake[1]: *** [CMakeFiles/Makefile2:165: CMakeFiles/robots_world.dir/all] Error 2
gmake: *** [Makefile:146: all] Error 2
