[01m[Kcc1plus:[m[K [01;31m[Kfatal error: [m[K/home/mz/projects/ros/tutorials/basics/ros2_webots/src/multiple_robots/src/ObstacleAvoider.cpp: No such file or directory
compilation terminated.
[01m[Kcc1plus:[m[K [01;31m[Kfatal error: [m[K/home/mz/projects/ros/tutorials/basics/ros2_webots/src/multiple_robots/src/MyRobotDriver.cpp: No such file or directory
compilation terminated.
gmake[2]: *** [CMakeFiles/obstacle_avoider.dir/build.make:76: CMakeFiles/obstacle_avoider.dir/src/ObstacleAvoider.cpp.o] Error 1
gmake[2]: *** [CMakeFiles/multiple_robots.dir/build.make:76: CMakeFiles/multiple_robots.dir/src/MyRobotDriver.cpp.o] Error 1
gmake[1]: *** [CMakeFiles/Makefile2:139: CMakeFiles/obstacle_avoider.dir/all] Error 2
gmake[1]: *** Waiting for unfinished jobs....
gmake[1]: *** [CMakeFiles/Makefile2:165: CMakeFiles/multiple_robots.dir/all] Error 2
gmake: *** [Makefile:146: all] Error 2
