[01m[K/home/mz/projects/ros/tutorials/basics/ros2_webots/src/robots_paths/src/ObstacleAvoider1.cpp:[m[K In constructor â€˜[01m[KObstacleAvoider1::ObstacleAvoider1(const string&, const string&, const string&)[m[Kâ€™:
[01m[K/home/mz/projects/ros/tutorials/basics/ros2_webots/src/robots_paths/src/ObstacleAvoider1.cpp:31:3:[m[K [01;31m[Kerror: [m[Kâ€˜[01m[KstartMovingForward[m[Kâ€™ was not declared in this scope
   31 |   [01;31m[KstartMovingForward[m[K();
      |   [01;31m[K^~~~~~~~~~~~~~~~~~[m[K
[01m[K/home/mz/projects/ros/tutorials/basics/ros2_webots/src/robots_paths/src/ObstacleAvoider1.cpp:[m[K In member function â€˜[01m[Kvoid ObstacleAvoider1::updateRobotBehavior()[m[Kâ€™:
[01m[K/home/mz/projects/ros/tutorials/basics/ros2_webots/src/robots_paths/src/ObstacleAvoider1.cpp:105:5:[m[K [01;31m[Kerror: [m[Kâ€˜[01m[Kommand_message[m[Kâ€™ was not declared in this scope; did you mean â€˜[01m[Kcommand_message[m[Kâ€™?
  105 |     [01;31m[Kommand_message[m[K->linear.x = 0.1;
      |     [01;31m[K^~~~~~~~~~~~~~[m[K
      |     [32m[Kcommand_message[m[K
gmake[2]: *** [CMakeFiles/obstacle_avoider1.dir/build.make:76: CMakeFiles/obstacle_avoider1.dir/src/ObstacleAvoider1.cpp.o] Error 1
gmake[1]: *** [CMakeFiles/Makefile2:141: CMakeFiles/obstacle_avoider1.dir/all] Error 2
gmake: *** [Makefile:146: all] Error 2
