[0.115s] Invoking command in '/home/mz/projects/ros/tutorials/basics/ros2_webots/build/robots_paths': CMAKE_PREFIX_PATH=${CMAKE_PREFIX_PATH}:/opt/ros/iron /usr/bin/cmake --build /home/mz/projects/ros/tutorials/basics/ros2_webots/build/robots_paths -- -j4 -l4
[0.225s] [35m[1mConsolidate compiler generated dependencies of target obstacle_avoider1[0m
[0.236s] [ 33%] Built target obstacle_avoider2
[0.241s] [ 66%] Built target robots_paths
[0.278s] [ 83%] [32mBuilding CXX object CMakeFiles/obstacle_avoider1.dir/src/ObstacleAvoider1.cpp.o[0m
[4.507s] [01m[K/home/mz/projects/ros/tutorials/basics/ros2_webots/src/robots_paths/src/ObstacleAvoider1.cpp:[m[K In constructor â€˜[01m[KObstacleAvoider1::ObstacleAvoider1(const string&, const string&, const string&)[m[Kâ€™:
[4.507s] [01m[K/home/mz/projects/ros/tutorials/basics/ros2_webots/src/robots_paths/src/ObstacleAvoider1.cpp:31:3:[m[K [01;31m[Kerror: [m[Kâ€˜[01m[KstartMovingForward[m[Kâ€™ was not declared in this scope
[4.508s]    31 |   [01;31m[KstartMovingForward[m[K();
[4.508s]       |   [01;31m[K^~~~~~~~~~~~~~~~~~[m[K
[4.531s] [01m[K/home/mz/projects/ros/tutorials/basics/ros2_webots/src/robots_paths/src/ObstacleAvoider1.cpp:[m[K In member function â€˜[01m[Kvoid ObstacleAvoider1::updateRobotBehavior()[m[Kâ€™:
[4.531s] [01m[K/home/mz/projects/ros/tutorials/basics/ros2_webots/src/robots_paths/src/ObstacleAvoider1.cpp:105:5:[m[K [01;31m[Kerror: [m[Kâ€˜[01m[Kommand_message[m[Kâ€™ was not declared in this scope; did you mean â€˜[01m[Kcommand_message[m[Kâ€™?
[4.532s]   105 |     [01;31m[Kommand_message[m[K->linear.x = 0.1;
[4.532s]       |     [01;31m[K^~~~~~~~~~~~~~[m[K
[4.532s]       |     [32m[Kcommand_message[m[K
[7.373s] gmake[2]: *** [CMakeFiles/obstacle_avoider1.dir/build.make:76: CMakeFiles/obstacle_avoider1.dir/src/ObstacleAvoider1.cpp.o] Error 1
[7.373s] gmake[1]: *** [CMakeFiles/Makefile2:141: CMakeFiles/obstacle_avoider1.dir/all] Error 2
[7.373s] gmake: *** [Makefile:146: all] Error 2
[7.377s] Invoked command in '/home/mz/projects/ros/tutorials/basics/ros2_webots/build/robots_paths' returned '2': CMAKE_PREFIX_PATH=${CMAKE_PREFIX_PATH}:/opt/ros/iron /usr/bin/cmake --build /home/mz/projects/ros/tutorials/basics/ros2_webots/build/robots_paths -- -j4 -l4
