[01m[K/home/mz/projects/ros/tutorials/basics/ros2_webots/src/robots_paths/src/ObstacleAvoider1.cpp:[m[K In member function â€˜[01m[Kvoid ObstacleAvoider1::updateDistance()[m[Kâ€™:
[01m[K/home/mz/projects/ros/tutorials/basics/ros2_webots/src/robots_paths/src/ObstacleAvoider1.cpp:75:31:[m[K [01;31m[Kerror: [m[Kexpected â€˜[01m[K;[m[Kâ€™ before â€˜[01m[Kstate_[m[Kâ€™
   75 |       distance_traveled_ = 0.0
      |                               [01;31m[K^[m[K
      |                               [32m[K;[m[K
   76 |       [32m[Kstate_[m[K = State::TURNING_AROUND
      |       [32m[K~~~~~~[m[K                   
gmake[2]: *** [CMakeFiles/obstacle_avoider1.dir/build.make:76: CMakeFiles/obstacle_avoider1.dir/src/ObstacleAvoider1.cpp.o] Error 1
gmake[1]: *** [CMakeFiles/Makefile2:141: CMakeFiles/obstacle_avoider1.dir/all] Error 2
gmake: *** [Makefile:146: all] Error 2
