In file included from [01m[K/usr/include/c++/11/pstl/glue_algorithm_defs.h:13[m[K,
                 from [01m[K/usr/include/c++/11/algorithm:74[m[K,
                 from [01m[K/opt/ros/iron/include/geometry_msgs/geometry_msgs/msg/detail/twist__struct.hpp:8[m[K,
                 from [01m[K/opt/ros/iron/include/geometry_msgs/geometry_msgs/msg/twist.hpp:7[m[K,
                 from [01m[K/home/mz/projects/ros/tutorials/basics/ros2_webots/src/robots_paths/include/robots_paths/ObstacleAvoider.hpp:3[m[K,
                 from [01m[K/home/mz/projects/ros/tutorials/basics/ros2_webots/src/robots_paths/src/ObstacleAvoider1.cpp:1[m[K:
/usr/include/c++/11/functional: In instantiation of â€˜[01m[Kstruct std::_Bind_check_arity<void (ObstacleAvoider1::*)(double), ObstacleAvoider1*>[m[Kâ€™:
[01m[K/usr/include/c++/11/functional:768:12:[m[K   required from â€˜[01m[Kstruct std::_Bind_helper<false, void (ObstacleAvoider1::*)(double), ObstacleAvoider1*>[m[Kâ€™
[01m[K/usr/include/c++/11/functional:789:5:[m[K   required by substitution of â€˜[01m[Ktemplate<class _Func, class ... _BoundArgs> typename std::_Bind_helper<std::__is_socketlike<_Func>::value, _Func, _BoundArgs ...>::type std::bind(_Func&&, _BoundArgs&& ...) [with _Func = void (ObstacleAvoider1::*)(double); _BoundArgs = {ObstacleAvoider1*}][m[Kâ€™
[01m[K/home/mz/projects/ros/tutorials/basics/ros2_webots/src/robots_paths/src/ObstacleAvoider1.cpp:34:61:[m[K   required from here
[01m[K/usr/include/c++/11/functional:756:21:[m[K [01;31m[Kerror: [m[Kstatic assertion failed: Wrong number of arguments for pointer-to-member
  755 |       static_assert(_Varargs::[01;31m[Kvalue[m[K
      |                               [01;31m[K~~~~~[m[K
  756 | [01;31m[K                    ? sizeof...(_BoundArgs) >= _Arity::value + 1[m[K
      |                     [01;31m[K^~~~~~~~~~~~~~~~~~~~~~~~~~~~~~~~~~~~~~~~~~~~[m[K
  757 | [01;31m[K                    : sizeof...(_BoundArgs) == _Arity::value + 1[m[K,
      |                     [01;31m[K~~~~~~~~~~~~~~~~~~~~~~~~~~~~~~~~~~~~~~~~~~~~[m[K
[01m[K/usr/include/c++/11/functional:756:21:[m[K [01;36m[Knote: [m[Kâ€˜[01m[K(false ? (1 >= (((long unsigned int)std::integral_constant<long unsigned int, 1>::value) + 1)) : (1 == (((long unsigned int)std::integral_constant<long unsigned int, 1>::value) + 1)))[m[Kâ€™ evaluates to false
[01m[K/home/mz/projects/ros/tutorials/basics/ros2_webots/src/robots_paths/src/ObstacleAvoider1.cpp:[m[K In constructor â€˜[01m[KObstacleAvoider1::ObstacleAvoider1(const string&, const string&, const string&)[m[Kâ€™:
[01m[K/home/mz/projects/ros/tutorials/basics/ros2_webots/src/robots_paths/src/ObstacleAvoider1.cpp:34:44:[m[K [01;31m[Kerror: [m[Kno matching function for call to â€˜[01m[KObstacleAvoider1::create_wall_timer(std::chrono::milliseconds, std::_Bind_helper<false, void (ObstacleAvoider1::*)(double), ObstacleAvoider1*>::type)[m[Kâ€™
   34 |   timer_distance_ = [01;31m[Kthis->create_wall_timer(100ms, std::bind(&ObstacleAvoider1::updateDistance, this))[m[K;
      |                     [01;31m[K~~~~~~~~~~~~~~~~~~~~~~~^~~~~~~~~~~~~~~~~~~~~~~~~~~~~~~~~~~~~~~~~~~~~~~~~~~~~~~~~~~[m[K
In file included from [01m[K/opt/ros/iron/include/rclcpp/rclcpp/node.hpp:1611[m[K,
                 from [01m[K/opt/ros/iron/include/rclcpp/rclcpp/executors/single_threaded_executor.hpp:28[m[K,
                 from [01m[K/opt/ros/iron/include/rclcpp/rclcpp/executors.hpp:22[m[K,
                 from [01m[K/opt/ros/iron/include/rclcpp/rclcpp/rclcpp.hpp:167[m[K,
                 from [01m[K/home/mz/projects/ros/tutorials/basics/ros2_webots/src/robots_paths/include/robots_paths/ObstacleAvoider.hpp:4[m[K,
                 from [01m[K/home/mz/projects/ros/tutorials/basics/ros2_webots/src/robots_paths/src/ObstacleAvoider1.cpp:1[m[K:
[01m[K/opt/ros/iron/include/rclcpp/rclcpp/node_impl.hpp:110:1:[m[K [01;36m[Knote: [m[Kcandidate: â€˜[01m[Ktemplate<class DurationRepT, class DurationT, class CallbackT> typename rclcpp::WallTimer<CallbackT>::SharedPtr rclcpp::Node::create_wall_timer(std::chrono::duration<_Rep1, _Period1>, CallbackT, rclcpp::CallbackGroup::SharedPtr)[m[Kâ€™
  110 | [01;36m[KNode[m[K::create_wall_timer(
      | [01;36m[K^~~~[m[K
[01m[K/opt/ros/iron/include/rclcpp/rclcpp/node_impl.hpp:110:1:[m[K [01;36m[Knote: [m[K  template argument deduction/substitution failed:
/opt/ros/iron/include/rclcpp/rclcpp/node_impl.hpp: In substitution of â€˜[01m[Ktemplate<class DurationRepT, class DurationT, class CallbackT> typename rclcpp::WallTimer<CallbackT>::SharedPtr rclcpp::Node::create_wall_timer(std::chrono::duration<_Rep1, _Period1>, CallbackT, rclcpp::CallbackGroup::SharedPtr) [with DurationRepT = long int; DurationT = std::ratio<1, 1000>; CallbackT = std::_Bind<void (ObstacleAvoider1::*(ObstacleAvoider1*))(double)>][m[Kâ€™:
[01m[K/home/mz/projects/ros/tutorials/basics/ros2_webots/src/robots_paths/src/ObstacleAvoider1.cpp:34:44:[m[K   required from here
[01m[K/opt/ros/iron/include/rclcpp/rclcpp/node_impl.hpp:110:1:[m[K [01;31m[Kerror: [m[Kno type named â€˜[01m[Ktype[m[Kâ€™ in â€˜[01m[Kstruct std::enable_if<false, void>[m[Kâ€™
[01m[K/opt/ros/iron/include/rclcpp/rclcpp/node_impl.hpp:110:1:[m[K [01;31m[Kerror: [m[Kno type named â€˜[01m[Ktype[m[Kâ€™ in â€˜[01m[Kstruct std::enable_if<false, void>[m[Kâ€™
[01m[K/opt/ros/iron/include/rclcpp/rclcpp/node_impl.hpp:110:1:[m[K [01;36m[Knote: [m[Kinvalid template non-type parameter
[01m[K/home/mz/projects/ros/tutorials/basics/ros2_webots/src/robots_paths/src/ObstacleAvoider1.cpp:[m[K At global scope:
[01m[K/home/mz/projects/ros/tutorials/basics/ros2_webots/src/robots_paths/src/ObstacleAvoider1.cpp:50:6:[m[K [01;31m[Kerror: [m[Kno declaration matches â€˜[01m[Kvoid ObstacleAvoider1::updateDistance()[m[Kâ€™
   50 | void [01;31m[KObstacleAvoider1[m[K::updateDistance() {
      |      [01;31m[K^~~~~~~~~~~~~~~~[m[K
In file included from [01m[K/home/mz/projects/ros/tutorials/basics/ros2_webots/src/robots_paths/src/ObstacleAvoider1.cpp:1[m[K:
[01m[K/home/mz/projects/ros/tutorials/basics/ros2_webots/src/robots_paths/include/robots_paths/ObstacleAvoider.hpp:49:8:[m[K [01;36m[Knote: [m[Kcandidate is: â€˜[01m[Kvoid ObstacleAvoider1::updateDistance(double)[m[Kâ€™
   49 |   void [01;36m[KupdateDistance[m[K(double);
      |        [01;36m[K^~~~~~~~~~~~~~[m[K
[01m[K/home/mz/projects/ros/tutorials/basics/ros2_webots/src/robots_paths/include/robots_paths/ObstacleAvoider.hpp:11:7:[m[K [01;36m[Knote: [m[Kâ€˜[01m[Kclass ObstacleAvoider1[m[Kâ€™ defined here
   11 | class [01;36m[KObstacleAvoider1[m[K : public rclcpp::Node {
      |       [01;36m[K^~~~~~~~~~~~~~~~[m[K
[01m[K/home/mz/projects/ros/tutorials/basics/ros2_webots/src/robots_paths/src/ObstacleAvoider1.cpp:[m[K In member function â€˜[01m[Kvoid ObstacleAvoider1::turn180()[m[Kâ€™:
[01m[K/home/mz/projects/ros/tutorials/basics/ros2_webots/src/robots_paths/src/ObstacleAvoider1.cpp:83:97:[m[K [01;31m[Kerror: [m[Kno match for â€˜[01m[Koperator<[m[Kâ€™ (operand types are â€˜[01m[Krclcpp::Time[m[Kâ€™ and â€˜[01m[Kint[m[Kâ€™)
   83 |   if (state_==State::TURNING_AROUND || distance_traveled >= TRAVEL_DISTANCE || [32m[Kturn_start_time_[m[K [01;31m[K<[m[K TURN_DURATION){
      |                                                                                [32m[K~~~~~~~~~~~~~~~~[m[K [01;31m[K^[m[K
      |                                                                                [32m[K|[m[K
      |                                                                                [32m[Krclcpp::Time[m[K
In file included from [01m[K/opt/ros/iron/include/rclcpp/rclcpp/clock.hpp:24[m[K,
                 from [01m[K/opt/ros/iron/include/rclcpp/rclcpp/client.hpp:38[m[K,
                 from [01m[K/opt/ros/iron/include/rclcpp/rclcpp/callback_group.hpp:24[m[K,
                 from [01m[K/opt/ros/iron/include/rclcpp/rclcpp/any_executable.hpp:20[m[K,
                 from [01m[K/opt/ros/iron/include/rclcpp/rclcpp/memory_strategy.hpp:25[m[K,
                 from [01m[K/opt/ros/iron/include/rclcpp/rclcpp/memory_strategies.hpp:18[m[K,
                 from [01m[K/opt/ros/iron/include/rclcpp/rclcpp/executor_options.hpp:20[m[K,
                 from [01m[K/opt/ros/iron/include/rclcpp/rclcpp/executor.hpp:37[m[K,
                 from [01m[K/opt/ros/iron/include/rclcpp/rclcpp/executors/multi_threaded_executor.hpp:25[m[K,
                 from [01m[K/opt/ros/iron/include/rclcpp/rclcpp/executors.hpp:21[m[K,
                 from [01m[K/opt/ros/iron/include/rclcpp/rclcpp/rclcpp.hpp:167[m[K,
                 from [01m[K/home/mz/projects/ros/tutorials/basics/ros2_webots/src/robots_paths/include/robots_paths/ObstacleAvoider.hpp:4[m[K,
                 from [01m[K/home/mz/projects/ros/tutorials/basics/ros2_webots/src/robots_paths/src/ObstacleAvoider1.cpp:1[m[K:
[01m[K/opt/ros/iron/include/rclcpp/rclcpp/time.hpp:119:3:[m[K [01;36m[Knote: [m[Kcandidate: â€˜[01m[Kbool rclcpp::Time::operator<(const rclcpp::Time&) const[m[Kâ€™
  119 |   [01;36m[Koperator[m[K<(const rclcpp::Time & rhs) const;
      |   [01;36m[K^~~~~~~~[m[K
[01m[K/opt/ros/iron/include/rclcpp/rclcpp/time.hpp:119:34:[m[K [01;36m[Knote: [m[K  no known conversion for argument 1 from â€˜[01m[Kint[m[Kâ€™ to â€˜[01m[Kconst rclcpp::Time&[m[Kâ€™
  119 |   operator<([01;36m[Kconst rclcpp::Time & rhs[m[K) const;
      |             [01;36m[K~~~~~~~~~~~~~~~~~~~~~^~~[m[K
gmake[2]: *** [CMakeFiles/obstacle_avoider1.dir/build.make:76: CMakeFiles/obstacle_avoider1.dir/src/ObstacleAvoider1.cpp.o] Error 1
gmake[1]: *** [CMakeFiles/Makefile2:141: CMakeFiles/obstacle_avoider1.dir/all] Error 2
gmake: *** [Makefile:146: all] Error 2
