[0.102s] Invoking command in '/home/mz/projects/ros/tutorials/basics/ros2_webots/build/robots_paths': CMAKE_PREFIX_PATH=${CMAKE_PREFIX_PATH}:/opt/ros/iron /usr/bin/cmake --build /home/mz/projects/ros/tutorials/basics/ros2_webots/build/robots_paths -- -j4 -l4
[0.175s] [35m[1mConsolidate compiler generated dependencies of target obstacle_avoider1[0m
[0.175s] [35m[1mConsolidate compiler generated dependencies of target obstacle_avoider2[0m
[0.233s] [ 33%] Built target robots_paths
[0.253s] [ 50%] [32mBuilding CXX object CMakeFiles/obstacle_avoider2.dir/src/ObstacleAvoider2.cpp.o[0m
[0.254s] [ 66%] [32mBuilding CXX object CMakeFiles/obstacle_avoider1.dir/src/ObstacleAvoider1.cpp.o[0m
[4.310s] In file included from [01m[K/home/mz/projects/ros/tutorials/basics/ros2_webots/src/robots_paths/src/ObstacleAvoider1.cpp:1[m[K:
[4.310s] [01m[K/home/mz/projects/ros/tutorials/basics/ros2_webots/src/robots_paths/include/robots_paths/ObstacleAvoider.hpp:47:40:[m[K [01;31m[Kerror: [m[Kcould not convert â€˜[01m[Krclcpp::Duration(2, 0)[m[Kâ€™ from â€˜[01m[Krclcpp::Duration[m[Kâ€™ to â€˜[01m[Krclcpp::Time[m[Kâ€™
[4.311s]    47 |   rclcpp::Time turn_duration = rclcpp::[01;31m[KDuration(2, 0)[m[K
[4.311s]       |                                        [01;31m[K^~~~~~~~~~~~~~[m[K
[4.311s]       |                                        [01;31m[K|[m[K
[4.311s]       |                                        [01;31m[Krclcpp::Duration[m[K
[4.311s] [01m[K/home/mz/projects/ros/tutorials/basics/ros2_webots/src/robots_paths/include/robots_paths/ObstacleAvoider.hpp:49:3:[m[K [01;31m[Kerror: [m[Kexpected â€˜[01m[K;[m[Kâ€™ before â€˜[01m[Kvoid[m[Kâ€™
[4.311s]    49 |   [01;31m[Kvoid[m[K updateRobotBehavior();
[4.311s]       |   [01;31m[K^~~~[m[K
[4.365s] [01m[K/home/mz/projects/ros/tutorials/basics/ros2_webots/src/robots_paths/src/ObstacleAvoider1.cpp:[m[K In member function â€˜[01m[Kvoid ObstacleAvoider1::leftSensorCallback(sensor_msgs::msg::Range_<std::allocator<void> >::SharedPtr)[m[Kâ€™:
[4.365s] [01m[K/home/mz/projects/ros/tutorials/basics/ros2_webots/src/robots_paths/src/ObstacleAvoider1.cpp:42:3:[m[K [01;31m[Kerror: [m[Kâ€˜[01m[KupdateRobotBehavior[m[Kâ€™ was not declared in this scope
[4.366s]    42 |   [01;31m[KupdateRobotBehavior[m[K();
[4.366s]       |   [01;31m[K^~~~~~~~~~~~~~~~~~~[m[K
[4.386s] [01m[K/home/mz/projects/ros/tutorials/basics/ros2_webots/src/robots_paths/src/ObstacleAvoider1.cpp:[m[K In member function â€˜[01m[Kvoid ObstacleAvoider1::rightSensorCallback(sensor_msgs::msg::Range_<std::allocator<void> >::SharedPtr)[m[Kâ€™:
[4.386s] [01m[K/home/mz/projects/ros/tutorials/basics/ros2_webots/src/robots_paths/src/ObstacleAvoider1.cpp:48:3:[m[K [01;31m[Kerror: [m[Kâ€˜[01m[KupdateRobotBehavior[m[Kâ€™ was not declared in this scope
[4.386s]    48 |   [01;31m[KupdateRobotBehavior[m[K();
[4.386s]       |   [01;31m[K^~~~~~~~~~~~~~~~~~~[m[K
[4.402s] [01m[K/home/mz/projects/ros/tutorials/basics/ros2_webots/src/robots_paths/src/ObstacleAvoider1.cpp:[m[K At global scope:
[4.402s] [01m[K/home/mz/projects/ros/tutorials/basics/ros2_webots/src/robots_paths/src/ObstacleAvoider1.cpp:117:6:[m[K [01;31m[Kerror: [m[Kno declaration matches â€˜[01m[Kvoid ObstacleAvoider1::updateRobotBehavior()[m[Kâ€™
[4.402s]   117 | void [01;31m[KObstacleAvoider1[m[K::updateRobotBehavior() {
[4.402s]       |      [01;31m[K^~~~~~~~~~~~~~~~[m[K
[4.402s] [01m[K/home/mz/projects/ros/tutorials/basics/ros2_webots/src/robots_paths/src/ObstacleAvoider1.cpp:117:6:[m[K [01;36m[Knote: [m[Kno functions named â€˜[01m[Kvoid ObstacleAvoider1::updateRobotBehavior()[m[Kâ€™
[4.403s] In file included from [01m[K/home/mz/projects/ros/tutorials/basics/ros2_webots/src/robots_paths/src/ObstacleAvoider1.cpp:1[m[K:
[4.403s] [01m[K/home/mz/projects/ros/tutorials/basics/ros2_webots/src/robots_paths/include/robots_paths/ObstacleAvoider.hpp:11:7:[m[K [01;36m[Knote: [m[Kâ€˜[01m[Kclass ObstacleAvoider1[m[Kâ€™ defined here
[4.403s]    11 | class [01;36m[KObstacleAvoider1[m[K : public rclcpp::Node {
[4.403s]       |       [01;36m[K^~~~~~~~~~~~~~~~[m[K
[4.430s] In file included from [01m[K/home/mz/projects/ros/tutorials/basics/ros2_webots/src/robots_paths/src/ObstacleAvoider2.cpp:1[m[K:
[4.430s] [01m[K/home/mz/projects/ros/tutorials/basics/ros2_webots/src/robots_paths/include/robots_paths/ObstacleAvoider.hpp:47:40:[m[K [01;31m[Kerror: [m[Kcould not convert â€˜[01m[Krclcpp::Duration(2, 0)[m[Kâ€™ from â€˜[01m[Krclcpp::Duration[m[Kâ€™ to â€˜[01m[Krclcpp::Time[m[Kâ€™
[4.430s]    47 |   rclcpp::Time turn_duration = rclcpp::[01;31m[KDuration(2, 0)[m[K
[4.430s]       |                                        [01;31m[K^~~~~~~~~~~~~~[m[K
[4.430s]       |                                        [01;31m[K|[m[K
[4.430s]       |                                        [01;31m[Krclcpp::Duration[m[K
[4.431s] [01m[K/home/mz/projects/ros/tutorials/basics/ros2_webots/src/robots_paths/include/robots_paths/ObstacleAvoider.hpp:49:3:[m[K [01;31m[Kerror: [m[Kexpected â€˜[01m[K;[m[Kâ€™ before â€˜[01m[Kvoid[m[Kâ€™
[4.431s]    49 |   [01;31m[Kvoid[m[K updateRobotBehavior();
[4.431s]       |   [01;31m[K^~~~[m[K
[7.455s] gmake[2]: *** [CMakeFiles/obstacle_avoider1.dir/build.make:76: CMakeFiles/obstacle_avoider1.dir/src/ObstacleAvoider1.cpp.o] Error 1
[7.456s] gmake[1]: *** [CMakeFiles/Makefile2:141: CMakeFiles/obstacle_avoider1.dir/all] Error 2
[7.456s] gmake[1]: *** Waiting for unfinished jobs....
[7.513s] gmake[2]: *** [CMakeFiles/obstacle_avoider2.dir/build.make:76: CMakeFiles/obstacle_avoider2.dir/src/ObstacleAvoider2.cpp.o] Error 1
[7.513s] gmake[1]: *** [CMakeFiles/Makefile2:167: CMakeFiles/obstacle_avoider2.dir/all] Error 2
[7.513s] gmake: *** [Makefile:146: all] Error 2
[7.516s] Invoked command in '/home/mz/projects/ros/tutorials/basics/ros2_webots/build/robots_paths' returned '2': CMAKE_PREFIX_PATH=${CMAKE_PREFIX_PATH}:/opt/ros/iron /usr/bin/cmake --build /home/mz/projects/ros/tutorials/basics/ros2_webots/build/robots_paths -- -j4 -l4
