[0.109s] Invoking command in '/home/mz/projects/ros/tutorials/basics/ros2_webots/build/robots_world': CMAKE_PREFIX_PATH=${CMAKE_PREFIX_PATH}:/opt/ros/iron /usr/bin/cmake --build /home/mz/projects/ros/tutorials/basics/ros2_webots/build/robots_world -- -j4 -l4
[0.191s] [35m[1mConsolidate compiler generated dependencies of target robots_world[0m
[0.216s] [ 50%] Built target obstacle_avoider
[0.231s] [ 75%] [32mBuilding CXX object CMakeFiles/robots_world.dir/src/MyRobotDriver.cpp.o[0m
[4.073s] [01m[K/home/mz/projects/ros/tutorials/basics/ros2_webots/src/robots_world/src/MyRobotDriver.cpp:[m[K In constructor â€˜[01m[Kmy_robot_driver::MyRobotDriver::MyRobotDriver(const string&, const rclcpp::NodeOptions&)[m[Kâ€™:
[4.073s] [01m[K/home/mz/projects/ros/tutorials/basics/ros2_webots/src/robots_world/src/MyRobotDriver.cpp:15:37:[m[K [01;31m[Kerror: [m[Kno matching function for call to â€˜[01m[Kwebots_ros2_driver::PluginInterface::PluginInterface(const string&, const rclcpp::NodeOptions&)[m[Kâ€™
[4.073s]    15 | : PluginInterface(node_name, options[01;31m[K)[m[K {
[4.073s]       |                                     [01;31m[K^[m[K
[4.073s] In file included from [01m[K/home/mz/projects/ros/tutorials/basics/ros2_webots/src/robots_world/include/robots_world/MyRobotDriver.hpp:5[m[K,
[4.073s]                  from [01m[K/home/mz/projects/ros/tutorials/basics/ros2_webots/src/robots_world/src/MyRobotDriver.cpp:1[m[K:
[4.073s] [01m[K/opt/ros/iron/include/webots_ros2_driver/PluginInterface.hpp:24:9:[m[K [01;36m[Knote: [m[Kcandidate: â€˜[01m[Kconstexpr webots_ros2_driver::PluginInterface::PluginInterface()[m[Kâ€™
[4.074s]    24 |   class [01;36m[KPluginInterface[m[K {
[4.074s]       |         [01;36m[K^~~~~~~~~~~~~~~[m[K
[4.074s] [01m[K/opt/ros/iron/include/webots_ros2_driver/PluginInterface.hpp:24:9:[m[K [01;36m[Knote: [m[K  candidate expects 0 arguments, 2 provided
[4.074s] [01m[K/opt/ros/iron/include/webots_ros2_driver/PluginInterface.hpp:24:9:[m[K [01;36m[Knote: [m[Kcandidate: â€˜[01m[Kconstexpr webots_ros2_driver::PluginInterface::PluginInterface(const webots_ros2_driver::PluginInterface&)[m[Kâ€™
[4.074s] [01m[K/opt/ros/iron/include/webots_ros2_driver/PluginInterface.hpp:24:9:[m[K [01;36m[Knote: [m[K  candidate expects 1 argument, 2 provided
[4.074s] [01m[K/opt/ros/iron/include/webots_ros2_driver/PluginInterface.hpp:24:9:[m[K [01;36m[Knote: [m[Kcandidate: â€˜[01m[Kconstexpr webots_ros2_driver::PluginInterface::PluginInterface(webots_ros2_driver::PluginInterface&&)[m[Kâ€™
[4.074s] [01m[K/opt/ros/iron/include/webots_ros2_driver/PluginInterface.hpp:24:9:[m[K [01;36m[Knote: [m[K  candidate expects 1 argument, 2 provided
[4.075s] [01m[K/home/mz/projects/ros/tutorials/basics/ros2_webots/src/robots_world/src/MyRobotDriver.cpp:16:11:[m[K [01;31m[Kerror: [m[Kâ€˜[01m[Kclass my_robot_driver::MyRobotDriver[m[Kâ€™ has no member named â€˜[01m[Kdeclare_parameter[m[Kâ€™
[4.075s]    16 |     this->[01;31m[Kdeclare_parameter[m[K("cmd_vel_topic", "/cmd_vel");
[4.075s]       |           [01;31m[K^~~~~~~~~~~~~~~~~[m[K
[4.075s] [01m[K/home/mz/projects/ros/tutorials/basics/ros2_webots/src/robots_world/src/MyRobotDriver.cpp:[m[K In member function â€˜[01m[Kvirtual void my_robot_driver::MyRobotDriver::init(webots_ros2_driver::WebotsNode*, std::unordered_map<std::__cxx11::basic_string<char>, std::__cxx11::basic_string<char> >&)[m[Kâ€™:
[4.075s] [01m[K/home/mz/projects/ros/tutorials/basics/ros2_webots/src/robots_world/src/MyRobotDriver.cpp:24:37:[m[K [01;31m[Kerror: [m[Kâ€˜[01m[Kclass my_robot_driver::MyRobotDriver[m[Kâ€™ has no member named â€˜[01m[Kget_parameter[m[Kâ€™
[4.075s]    24 |   std::string cmd_vel_topic = this->[01;31m[Kget_parameter[m[K("cmd_vel_topic").as_string();
[4.075s]       |                                     [01;31m[K^~~~~~~~~~~~~[m[K
[6.519s] In file included from [01m[K/opt/ros/iron/include/class_loader/class_loader/class_loader_core.hpp:58[m[K,
[6.519s]                  from [01m[K/opt/ros/iron/include/class_loader/class_loader/class_loader.hpp:55[m[K,
[6.519s]                  from [01m[K/opt/ros/iron/include/class_loader/class_loader/multi_library_class_loader.hpp:52[m[K,
[6.519s]                  from [01m[K/opt/ros/iron/include/pluginlib/pluginlib/class_loader.hpp:38[m[K,
[6.520s]                  from [01m[K/opt/ros/iron/include/webots_ros2_driver/WebotsNode.hpp:26[m[K,
[6.520s]                  from [01m[K/home/mz/projects/ros/tutorials/basics/ros2_webots/src/robots_world/include/robots_world/MyRobotDriver.hpp:6[m[K,
[6.520s]                  from [01m[K/home/mz/projects/ros/tutorials/basics/ros2_webots/src/robots_world/src/MyRobotDriver.cpp:1[m[K:
[6.520s] /opt/ros/iron/include/class_loader/class_loader/meta_object.hpp: In instantiation of â€˜[01m[KB* class_loader::impl::MetaObject<C, B>::create() const [with C = my_robot_driver::MyRobotDriver; B = webots_ros2_driver::PluginInterface][m[Kâ€™:
[6.520s] [01m[K/opt/ros/iron/include/class_loader/class_loader/meta_object.hpp:216:7:[m[K   required from here
[6.521s] [01m[K/opt/ros/iron/include/class_loader/class_loader/meta_object.hpp:218:12:[m[K [01;31m[Kerror: [m[Kno matching function for call to â€˜[01m[Kmy_robot_driver::MyRobotDriver::MyRobotDriver()[m[Kâ€™
[6.521s]   218 |     return [01;31m[Knew C[m[K;
[6.521s]       |            [01;31m[K^~~~~[m[K
[6.521s] [01m[K/home/mz/projects/ros/tutorials/basics/ros2_webots/src/robots_world/src/MyRobotDriver.cpp:14:1:[m[K [01;36m[Knote: [m[Kcandidate: â€˜[01m[Kmy_robot_driver::MyRobotDriver::MyRobotDriver(const string&, const rclcpp::NodeOptions&)[m[Kâ€™
[6.521s]    14 | [01;36m[KMyRobotDriver[m[K::MyRobotDriver(const std::string & node_name, const rclcpp::NodeOptions & options)
[6.521s]       | [01;36m[K^~~~~~~~~~~~~[m[K
[6.521s] [01m[K/home/mz/projects/ros/tutorials/basics/ros2_webots/src/robots_world/src/MyRobotDriver.cpp:14:1:[m[K [01;36m[Knote: [m[K  candidate expects 2 arguments, 0 provided
[6.522s] In file included from [01m[K/home/mz/projects/ros/tutorials/basics/ros2_webots/src/robots_world/src/MyRobotDriver.cpp:1[m[K:
[6.522s] [01m[K/home/mz/projects/ros/tutorials/basics/ros2_webots/src/robots_world/include/robots_world/MyRobotDriver.hpp:12:7:[m[K [01;36m[Knote: [m[Kcandidate: â€˜[01m[Kmy_robot_driver::MyRobotDriver::MyRobotDriver(const my_robot_driver::MyRobotDriver&)[m[Kâ€™
[6.522s]    12 | class [01;36m[KMyRobotDriver[m[K : public webots_ros2_driver::PluginInterface {
[6.522s]       |       [01;36m[K^~~~~~~~~~~~~[m[K
[6.522s] [01m[K/home/mz/projects/ros/tutorials/basics/ros2_webots/src/robots_world/include/robots_world/MyRobotDriver.hpp:12:7:[m[K [01;36m[Knote: [m[K  candidate expects 1 argument, 0 provided
[6.523s] [01m[K/home/mz/projects/ros/tutorials/basics/ros2_webots/src/robots_world/include/robots_world/MyRobotDriver.hpp:12:7:[m[K [01;36m[Knote: [m[Kcandidate: â€˜[01m[Kmy_robot_driver::MyRobotDriver::MyRobotDriver(my_robot_driver::MyRobotDriver&&)[m[Kâ€™
[6.523s] [01m[K/home/mz/projects/ros/tutorials/basics/ros2_webots/src/robots_world/include/robots_world/MyRobotDriver.hpp:12:7:[m[K [01;36m[Knote: [m[K  candidate expects 1 argument, 0 provided
[7.156s] gmake[2]: *** [CMakeFiles/robots_world.dir/build.make:76: CMakeFiles/robots_world.dir/src/MyRobotDriver.cpp.o] Error 1
[7.156s] gmake[1]: *** [CMakeFiles/Makefile2:165: CMakeFiles/robots_world.dir/all] Error 2
[7.156s] gmake: *** [Makefile:146: all] Error 2
[7.160s] Invoked command in '/home/mz/projects/ros/tutorials/basics/ros2_webots/build/robots_world' returned '2': CMAKE_PREFIX_PATH=${CMAKE_PREFIX_PATH}:/opt/ros/iron /usr/bin/cmake --build /home/mz/projects/ros/tutorials/basics/ros2_webots/build/robots_world -- -j4 -l4
