[35m[1mConsolidate compiler generated dependencies of target obstacle_avoider1[0m
[35m[1mConsolidate compiler generated dependencies of target obstacle_avoider2[0m
[ 33%] Built target robots_paths
[ 66%] Built target obstacle_avoider2
[ 83%] [32mBuilding CXX object CMakeFiles/obstacle_avoider1.dir/src/ObstacleAvoider1.cpp.o[0m
[01m[K/home/mz/projects/ros/tutorials/basics/ros2_webots/src/robots_paths/src/ObstacleAvoider1.cpp:[m[K In member function â€˜[01m[Kvoid ObstacleAvoider1::updateRobotBehavior()[m[Kâ€™:
[01m[K/home/mz/projects/ros/tutorials/basics/ros2_webots/src/robots_paths/src/ObstacleAvoider1.cpp:119:61:[m[K [01;31m[Kerror: [m[Kno matching function for call to â€˜[01m[KObstacleAvoider1::create_wall_timer(int, std::_Bind_helper<false, void (ObstacleAvoider1::*)(), ObstacleAvoider1*>::type)[m[Kâ€™
  119 |                     turning_timer_ = [01;31m[Kthis->create_wall_timer([m[K
      |                                      [01;31m[K~~~~~~~~~~~~~~~~~~~~~~~^[m[K
  120 | [01;31m[K                        STOP_TIME,[m[K
      |                         [01;31m[K~~~~~~~~~~[m[K                           
  121 | [01;31m[K                        std::bind(&ObstacleAvoider1::finishTurning, this))[m[K;
      |                         [01;31m[K~~~~~~~~~~~~~~~~~~~~~~~~~~~~~~~~~~~~~~~~~~~~~~~~~~[m[K
In file included from [01m[K/opt/ros/iron/include/rclcpp/rclcpp/executors/single_threaded_executor.hpp:28[m[K,
                 from [01m[K/opt/ros/iron/include/rclcpp/rclcpp/executors.hpp:22[m[K,
                 from [01m[K/opt/ros/iron/include/rclcpp/rclcpp/rclcpp.hpp:167[m[K,
                 from [01m[K/home/mz/projects/ros/tutorials/basics/ros2_webots/src/robots_paths/include/robots_paths/ObstacleAvoider.hpp:4[m[K,
                 from [01m[K/home/mz/projects/ros/tutorials/basics/ros2_webots/src/robots_paths/src/ObstacleAvoider1.cpp:1[m[K:
[01m[K/opt/ros/iron/include/rclcpp/rclcpp/node.hpp:239:3:[m[K [01;36m[Knote: [m[Kcandidate: â€˜[01m[Ktemplate<class DurationRepT, class DurationT, class CallbackT> typename rclcpp::WallTimer<CallbackT>::SharedPtr rclcpp::Node::create_wall_timer(std::chrono::duration<_Rep1, _Period1>, CallbackT, rclcpp::CallbackGroup::SharedPtr)[m[Kâ€™
  239 |   [01;36m[Kcreate_wall_timer[m[K(
      |   [01;36m[K^~~~~~~~~~~~~~~~~[m[K
[01m[K/opt/ros/iron/include/rclcpp/rclcpp/node.hpp:239:3:[m[K [01;36m[Knote: [m[K  template argument deduction/substitution failed:
[01m[K/home/mz/projects/ros/tutorials/basics/ros2_webots/src/robots_paths/src/ObstacleAvoider1.cpp:119:61:[m[K [01;36m[Knote: [m[K  mismatched types â€˜[01m[Kstd::chrono::duration<_Rep1, _Period1>[m[Kâ€™ and â€˜[01m[Kint[m[Kâ€™
  119 |                     turning_timer_ = [01;36m[Kthis->create_wall_timer([m[K
      |                                      [01;36m[K~~~~~~~~~~~~~~~~~~~~~~~^[m[K
  120 | [01;36m[K                        STOP_TIME,[m[K
      |                         [01;36m[K~~~~~~~~~~[m[K                           
  121 | [01;36m[K                        std::bind(&ObstacleAvoider1::finishTurning, this))[m[K;
      |                         [01;36m[K~~~~~~~~~~~~~~~~~~~~~~~~~~~~~~~~~~~~~~~~~~~~~~~~~~[m[K
gmake[2]: *** [CMakeFiles/obstacle_avoider1.dir/build.make:76: CMakeFiles/obstacle_avoider1.dir/src/ObstacleAvoider1.cpp.o] Error 1
gmake[1]: *** [CMakeFiles/Makefile2:141: CMakeFiles/obstacle_avoider1.dir/all] Error 2
gmake: *** [Makefile:146: all] Error 2
