[01m[K/home/mz/projects/ros/tutorials/basics/ros2_webots/src/robots_paths/src/ObstacleAvoider1.cpp:62:6:[m[K [01;31m[Kerror: [m[Kno declaration matches â€˜[01m[Kvoid ObstacleAvoider1::sensorCallback(sensor_msgs::msg::Range_<std::allocator<void> >::SharedPtr)[m[Kâ€™
   62 | void [01;31m[KObstacleAvoider1[m[K::sensorCallback(const sensor_msgs::msg::Range::SharedPtr msg) {
      |      [01;31m[K^~~~~~~~~~~~~~~~[m[K
In file included from [01m[K/home/mz/projects/ros/tutorials/basics/ros2_webots/src/robots_paths/src/ObstacleAvoider1.cpp:1[m[K:
[01m[K/home/mz/projects/ros/tutorials/basics/ros2_webots/src/robots_paths/include/robots_paths/ObstacleAvoider.hpp:29:8:[m[K [01;36m[Knote: [m[Kcandidate is: â€˜[01m[Kvoid ObstacleAvoider1::sensorCallback()[m[Kâ€™
   29 |   void [01;36m[KsensorCallback[m[K();
      |        [01;36m[K^~~~~~~~~~~~~~[m[K
[01m[K/home/mz/projects/ros/tutorials/basics/ros2_webots/src/robots_paths/include/robots_paths/ObstacleAvoider.hpp:9:7:[m[K [01;36m[Knote: [m[Kâ€˜[01m[Kclass ObstacleAvoider1[m[Kâ€™ defined here
    9 | class [01;36m[KObstacleAvoider1[m[K : public rclcpp::Node {
      |       [01;36m[K^~~~~~~~~~~~~~~~[m[K
gmake[2]: *** [CMakeFiles/obstacle_avoider1.dir/build.make:76: CMakeFiles/obstacle_avoider1.dir/src/ObstacleAvoider1.cpp.o] Error 1
gmake[1]: *** [CMakeFiles/Makefile2:141: CMakeFiles/obstacle_avoider1.dir/all] Error 2
gmake[1]: *** Waiting for unfinished jobs....
gmake: *** [Makefile:146: all] Error 2
