[0.097s] Invoking command in '/home/mz/projects/ros/tutorials/basics/ros2_webots/build/robots_paths': CMAKE_PREFIX_PATH=${CMAKE_PREFIX_PATH}:/opt/ros/iron /usr/bin/cmake --build /home/mz/projects/ros/tutorials/basics/ros2_webots/build/robots_paths -- -j4 -l4
[0.157s] [35m[1mConsolidate compiler generated dependencies of target robots_paths[0m
[0.187s] [ 33%] Built target obstacle_avoider2
[0.189s] [ 66%] Built target obstacle_avoider1
[0.203s] [ 83%] [32mBuilding CXX object CMakeFiles/robots_paths.dir/src/MyRobotDriver.cpp.o[0m
[3.731s] [01m[K/home/mz/projects/ros/tutorials/basics/ros2_webots/src/robots_paths/src/MyRobotDriver.cpp:[m[K In member function â€˜[01m[Kvirtual void my_robot_driver1::MyRobotDriver1::init(webots_ros2_driver::WebotsNode*, std::unordered_map<std::__cxx11::basic_string<char>, std::__cxx11::basic_string<char> >&)[m[Kâ€™:
[3.731s] [01m[K/home/mz/projects/ros/tutorials/basics/ros2_webots/src/robots_paths/src/MyRobotDriver.cpp:40:25:[m[K [01;31m[Kerror: [m[Kâ€˜[01m[KTURN_ANGLE_RAD[m[Kâ€™ was not declared in this scope
[3.732s]    40 |   wheel_turn_required = [01;31m[KTURN_ANGLE_RAD[m[K * HALF_DISTANCE_BETWEEN_WHEELS / WHEEL_RADIUS; // Rotation needed for one wheel to turn 180 degrees
[3.732s]       |                         [01;31m[K^~~~~~~~~~~~~~[m[K
[6.783s] gmake[2]: *** [CMakeFiles/robots_paths.dir/build.make:76: CMakeFiles/robots_paths.dir/src/MyRobotDriver.cpp.o] Error 1
[6.783s] gmake[1]: *** [CMakeFiles/Makefile2:193: CMakeFiles/robots_paths.dir/all] Error 2
[6.783s] gmake: *** [Makefile:146: all] Error 2
[6.787s] Invoked command in '/home/mz/projects/ros/tutorials/basics/ros2_webots/build/robots_paths' returned '2': CMAKE_PREFIX_PATH=${CMAKE_PREFIX_PATH}:/opt/ros/iron /usr/bin/cmake --build /home/mz/projects/ros/tutorials/basics/ros2_webots/build/robots_paths -- -j4 -l4
