[0.111s] Invoking command in '/home/mz/projects/ros/tutorials/basics/ros2_webots/build/robots_paths': CMAKE_PREFIX_PATH=${CMAKE_PREFIX_PATH}:/opt/ros/iron /usr/bin/cmake --build /home/mz/projects/ros/tutorials/basics/ros2_webots/build/robots_paths -- -j4 -l4
[0.198s] [35m[1mConsolidate compiler generated dependencies of target obstacle_avoider2[0m
[0.199s] [35m[1mConsolidate compiler generated dependencies of target obstacle_avoider1[0m
[0.231s] [ 33%] Built target robots_paths
[0.245s] [ 50%] [32mBuilding CXX object CMakeFiles/obstacle_avoider2.dir/src/ObstacleAvoider2.cpp.o[0m
[0.245s] [ 66%] [32mBuilding CXX object CMakeFiles/obstacle_avoider1.dir/src/ObstacleAvoider1.cpp.o[0m
[4.424s] [01m[K/home/mz/projects/ros/tutorials/basics/ros2_webots/src/robots_paths/src/ObstacleAvoider1.cpp:[m[K In member function â€˜[01m[Kvoid ObstacleAvoider1::checkAndReact()[m[Kâ€™:
[4.424s] [01m[K/home/mz/projects/ros/tutorials/basics/ros2_webots/src/robots_paths/src/ObstacleAvoider1.cpp:46:7:[m[K [01;31m[Kerror: [m[Kâ€˜[01m[Ktimer_[m[Kâ€™ was not declared in this scope; did you mean â€˜[01m[Ktimer_t[m[Kâ€™?
[4.424s]    46 |       [01;31m[Ktimer_[m[K = this->create_wall_timer(
[4.424s]       |       [01;31m[K^~~~~~[m[K
[4.424s]       |       [32m[Ktimer_t[m[K
[4.432s] [01m[K/home/mz/projects/ros/tutorials/basics/ros2_webots/src/robots_paths/src/ObstacleAvoider1.cpp:47:30:[m[K [01;31m[Kerror: [m[Kâ€˜[01m[KSTOP_TIME[m[Kâ€™ was not declared in this scope
[4.432s]    47 |         std::chrono::seconds([01;31m[KSTOP_TIME[m[K), [this]() {
[4.432s]       |                              [01;31m[K^~~~~~~~~[m[K
[7.330s] gmake[2]: *** [CMakeFiles/obstacle_avoider1.dir/build.make:76: CMakeFiles/obstacle_avoider1.dir/src/ObstacleAvoider1.cpp.o] Error 1
[7.331s] gmake[1]: *** [CMakeFiles/Makefile2:141: CMakeFiles/obstacle_avoider1.dir/all] Error 2
[7.331s] gmake[1]: *** Waiting for unfinished jobs....
[10.412s] [ 83%] [32m[1mLinking CXX executable obstacle_avoider2[0m
[10.942s] [ 83%] Built target obstacle_avoider2
[10.944s] gmake: *** [Makefile:146: all] Error 2
[10.946s] Invoked command in '/home/mz/projects/ros/tutorials/basics/ros2_webots/build/robots_paths' returned '2': CMAKE_PREFIX_PATH=${CMAKE_PREFIX_PATH}:/opt/ros/iron /usr/bin/cmake --build /home/mz/projects/ros/tutorials/basics/ros2_webots/build/robots_paths -- -j4 -l4
