[0.095s] Invoking command in '/home/mz/projects/ros/tutorials/basics/ros2_webots/build/robots_paths': CMAKE_PREFIX_PATH=${CMAKE_PREFIX_PATH}:/opt/ros/iron /usr/bin/cmake --build /home/mz/projects/ros/tutorials/basics/ros2_webots/build/robots_paths -- -j4 -l4
[0.162s] [35m[1mConsolidate compiler generated dependencies of target obstacle_avoider1[0m
[0.201s] [ 33%] Built target robots_paths
[0.207s] [ 50%] [32mBuilding CXX object CMakeFiles/obstacle_avoider1.dir/src/ObstacleAvoider1.cpp.o[0m
[0.212s] [ 83%] Built target obstacle_avoider2
[3.834s] [01m[K/home/mz/projects/ros/tutorials/basics/ros2_webots/src/robots_paths/src/ObstacleAvoider1.cpp:[m[K In member function â€˜[01m[Kvoid ObstacleAvoider1::updateRobotBehavior()[m[Kâ€™:
[3.834s] [01m[K/home/mz/projects/ros/tutorials/basics/ros2_webots/src/robots_paths/src/ObstacleAvoider1.cpp:182:69:[m[K [01;31m[Kerror: [m[Kno matching function for call to â€˜[01m[Kstd::chrono::duration<long int>::duration(std::chrono::milliseconds)[m[Kâ€™
[3.834s]   182 |       std::this_thread::sleep_for(std::chrono::seconds(TURN_DURATION[01;31m[K)[m[K);
[3.835s]       |                                                                     [01;31m[K^[m[K
[3.835s] In file included from [01m[K/usr/include/c++/11/mutex:39[m[K,
[3.835s]                  from [01m[K/usr/include/c++/11/future:38[m[K,
[3.835s]                  from [01m[K/opt/ros/iron/include/rclcpp/rclcpp/executors.hpp:18[m[K,
[3.835s]                  from [01m[K/opt/ros/iron/include/rclcpp/rclcpp/rclcpp.hpp:167[m[K,
[3.835s]                  from [01m[K/home/mz/projects/ros/tutorials/basics/ros2_webots/src/robots_paths/include/robots_paths/ObstacleAvoider.hpp:4[m[K,
[3.836s]                  from [01m[K/home/mz/projects/ros/tutorials/basics/ros2_webots/src/robots_paths/src/ObstacleAvoider1.cpp:1[m[K:
[3.836s] [01m[K/usr/include/c++/11/chrono:529:21:[m[K [01;36m[Knote: [m[Kcandidate: â€˜[01m[Ktemplate<class _Rep2, class _Period2, class> constexpr std::chrono::duration<_Rep, _Period>::duration(const std::chrono::duration<_Rep, _Period>&) [with _Rep2 = _Rep2; _Period2 = _Period2; <template-parameter-2-3> = <template-parameter-1-3>; _Rep = long int; _Period = std::ratio<1>][m[Kâ€™
[3.836s]   529 |           constexpr [01;36m[Kduration[m[K(const duration<_Rep2, _Period2>& __d)
[3.836s]       |                     [01;36m[K^~~~~~~~[m[K
[3.836s] [01m[K/usr/include/c++/11/chrono:529:21:[m[K [01;36m[Knote: [m[K  template argument deduction/substitution failed:
[3.836s] In file included from [01m[K/usr/include/c++/11/bits/move.h:57[m[K,
[3.836s]                  from [01m[K/usr/include/c++/11/bits/stl_pair.h:59[m[K,
[3.837s]                  from [01m[K/usr/include/c++/11/bits/stl_algobase.h:64[m[K,
[3.837s]                  from [01m[K/usr/include/c++/11/memory:63[m[K,
[3.837s]                  from [01m[K/home/mz/projects/ros/tutorials/basics/ros2_webots/src/robots_paths/include/robots_paths/ObstacleAvoider.hpp:1[m[K,
[3.837s]                  from [01m[K/home/mz/projects/ros/tutorials/basics/ros2_webots/src/robots_paths/src/ObstacleAvoider1.cpp:1[m[K:
[3.837s] /usr/include/c++/11/type_traits: In substitution of â€˜[01m[Ktemplate<bool _Cond, class _Tp> using __enable_if_t = typename std::enable_if::type [with bool _Cond = false; _Tp = void][m[Kâ€™:
[3.837s] [01m[K/usr/include/c++/11/type_traits:2209:11:[m[K   required by substitution of â€˜[01m[Ktemplate<class ... _Cond> using _Require = std::__enable_if_t<std::__and_< <template-parameter-1-1> >::value> [with _Cond = {std::is_convertible<const long int&, long int>, std::__or_<std::chrono::treat_as_floating_point<long int>, std::__and_<std::integral_constant<bool, false>, std::__not_<std::chrono::treat_as_floating_point<long int> > > >}][m[Kâ€™
[3.837s] [01m[K/usr/include/c++/11/chrono:524:46:[m[K   required from here
[3.837s] [01m[K/usr/include/c++/11/type_traits:2205:11:[m[K [01;31m[Kerror: [m[Kno type named â€˜[01m[Ktype[m[Kâ€™ in â€˜[01m[Kstruct std::enable_if<false, void>[m[Kâ€™
[3.838s]  2205 |     using [01;31m[K__enable_if_t[m[K = typename enable_if<_Cond, _Tp>::type;
[3.838s]       |           [01;31m[K^~~~~~~~~~~~~[m[K
[3.838s] In file included from [01m[K/usr/include/c++/11/mutex:39[m[K,
[3.838s]                  from [01m[K/usr/include/c++/11/future:38[m[K,
[3.842s]                  from [01m[K/opt/ros/iron/include/rclcpp/rclcpp/executors.hpp:18[m[K,
[3.842s]                  from [01m[K/opt/ros/iron/include/rclcpp/rclcpp/rclcpp.hpp:167[m[K,
[3.842s]                  from [01m[K/home/mz/projects/ros/tutorials/basics/ros2_webots/src/robots_paths/include/robots_paths/ObstacleAvoider.hpp:4[m[K,
[3.842s]                  from [01m[K/home/mz/projects/ros/tutorials/basics/ros2_webots/src/robots_paths/src/ObstacleAvoider1.cpp:1[m[K:
[3.842s] [01m[K/usr/include/c++/11/chrono:521:30:[m[K [01;36m[Knote: [m[Kcandidate: â€˜[01m[Ktemplate<class _Rep2, class> constexpr std::chrono::duration<_Rep, _Period>::duration(const _Rep2&) [with _Rep2 = _Rep2; <template-parameter-2-2> = <template-parameter-1-2>; _Rep = long int; _Period = std::ratio<1>][m[Kâ€™
[3.842s]   521 |           constexpr explicit [01;36m[Kduration[m[K(const _Rep2& __rep)
[3.843s]       |                              [01;36m[K^~~~~~~~[m[K
[3.843s] [01m[K/usr/include/c++/11/chrono:521:30:[m[K [01;36m[Knote: [m[K  template argument deduction/substitution failed:
[3.843s] [01m[K/usr/include/c++/11/chrono:514:9:[m[K [01;36m[Knote: [m[Kcandidate: â€˜[01m[Kconstexpr std::chrono::duration<_Rep, _Period>::duration(const std::chrono::duration<_Rep, _Period>&) [with _Rep = long int; _Period = std::ratio<1>][m[Kâ€™
[3.843s]   514 |         [01;36m[Kduration[m[K(const duration&) = default;
[3.843s]       |         [01;36m[K^~~~~~~~[m[K
[3.843s] [01m[K/usr/include/c++/11/chrono:514:18:[m[K [01;36m[Knote: [m[K  no known conversion for argument 1 from â€˜[01m[Kstd::chrono::milliseconds[m[Kâ€™ {aka â€˜[01m[Kstd::chrono::duration<long int, std::ratio<1, 1000> >[m[Kâ€™} to â€˜[01m[Kconst std::chrono::duration<long int>&[m[Kâ€™
[3.843s]   514 |         duration([01;36m[Kconst duration&[m[K) = default;
[3.843s]       |                  [01;36m[K^~~~~~~~~~~~~~~[m[K
[3.844s] [01m[K/usr/include/c++/11/chrono:512:19:[m[K [01;36m[Knote: [m[Kcandidate: â€˜[01m[Kstd::chrono::duration<_Rep, _Period>::duration() [with _Rep = long int; _Period = std::ratio<1>][m[Kâ€™
[3.844s]   512 |         constexpr [01;36m[Kduration[m[K() = default;
[3.844s]       |                   [01;36m[K^~~~~~~~[m[K
[3.844s] [01m[K/usr/include/c++/11/chrono:512:19:[m[K [01;36m[Knote: [m[K  candidate expects 0 arguments, 1 provided
[3.844s] [01m[K/home/mz/projects/ros/tutorials/basics/ros2_webots/src/robots_paths/src/ObstacleAvoider1.cpp:186:48:[m[K [01;31m[Kerror: [m[Kexpected â€˜[01m[K;[m[Kâ€™ before â€˜[01m[Kreturn[m[Kâ€™
[3.844s]   186 |       updateDistance(command_message->linear.x)
[3.844s]       |                                                [01;31m[K^[m[K
[3.844s]       |                                                [32m[K;[m[K
[3.845s]   187 | 
[3.845s]   188 |       [32m[Kreturn[m[K;
[3.845s]       |       [32m[K~~~~~~[m[K                                    
[3.845s] [01m[K/home/mz/projects/ros/tutorials/basics/ros2_webots/src/robots_paths/src/ObstacleAvoider1.cpp:192:46:[m[K [01;31m[Kerror: [m[Kexpected â€˜[01m[K;[m[Kâ€™ before â€˜[01m[Kpublisher_[m[Kâ€™
[3.845s]   192 |     updateDistance(command_message->linear.x)
[3.846s]       |                                              [01;31m[K^[m[K
[3.846s]       |                                              [32m[K;[m[K
[3.847s]   193 | 
[3.847s]   194 |     [32m[Kpublisher_[m[K->publish(std::move(command_message));
[3.847s]       |     [32m[K~~~~~~~~~~[m[K                                
[6.975s] gmake[2]: *** [CMakeFiles/obstacle_avoider1.dir/build.make:76: CMakeFiles/obstacle_avoider1.dir/src/ObstacleAvoider1.cpp.o] Error 1
[6.975s] gmake[1]: *** [CMakeFiles/Makefile2:141: CMakeFiles/obstacle_avoider1.dir/all] Error 2
[6.975s] gmake: *** [Makefile:146: all] Error 2
[6.978s] Invoked command in '/home/mz/projects/ros/tutorials/basics/ros2_webots/build/robots_paths' returned '2': CMAKE_PREFIX_PATH=${CMAKE_PREFIX_PATH}:/opt/ros/iron /usr/bin/cmake --build /home/mz/projects/ros/tutorials/basics/ros2_webots/build/robots_paths -- -j4 -l4
