-- Found ament_cmake: 2.0.3 (/opt/ros/iron/share/ament_cmake/cmake)
-- Found rclcpp: 21.0.4 (/opt/ros/iron/share/rclcpp/cmake)
-- Found rosidl_generator_c: 4.0.1 (/opt/ros/iron/share/rosidl_generator_c/cmake)
-- Found rosidl_generator_cpp: 4.0.1 (/opt/ros/iron/share/rosidl_generator_cpp/cmake)
-- Using all available rosidl_typesupport_c: rosidl_typesupport_fastrtps_c;rosidl_typesupport_introspection_c
-- Using all available rosidl_typesupport_cpp: rosidl_typesupport_fastrtps_cpp;rosidl_typesupport_introspection_cpp
-- Found rmw_implementation_cmake: 7.1.0 (/opt/ros/iron/share/rmw_implementation_cmake/cmake)
-- Found rmw_fastrtps_cpp: 7.1.2 (/opt/ros/iron/share/rmw_fastrtps_cpp/cmake)
-- Using RMW implementation 'rmw_fastrtps_cpp' as default
-- Found std_msgs: 5.0.0 (/opt/ros/iron/share/std_msgs/cmake)
-- Found geometry_msgs: 5.0.0 (/opt/ros/iron/share/geometry_msgs/cmake)
-- Found pluginlib: 5.2.2 (/opt/ros/iron/share/pluginlib/cmake)
-- Found webots_ros2_driver: 2023.1.1 (/opt/ros/iron/share/webots_ros2_driver/cmake)
-- Found eigen3_cmake_module: 0.2.2 (/opt/ros/iron/share/eigen3_cmake_module/cmake)
-- Ensuring Eigen3 include directory is part of orocos-kdl CMake target
-- Configuring done
-- Generating done
-- Build files have been written to: /home/mz/projects/ros/tutorials/basics/ros2_webots/build/multiple_robots
[35m[1mConsolidate compiler generated dependencies of target obstacle_avoider2[0m
[35m[1mConsolidate compiler generated dependencies of target obstacle_avoider1[0m
[35m[1mConsolidate compiler generated dependencies of target multiple_robots[0m
[ 14%] [32mBuilding CXX object CMakeFiles/obstacle_avoider2.dir/src/ObstacleAvoider2.cpp.o[0m
[ 28%] [32mBuilding CXX object CMakeFiles/multiple_robots.dir/src/MyRobotDriver1.cpp.o[0m
[ 42%] [32mBuilding CXX object CMakeFiles/obstacle_avoider1.dir/src/ObstacleAvoider1.cpp.o[0m
[ 57%] [32mBuilding CXX object CMakeFiles/multiple_robots.dir/src/MyRobotDriver2.cpp.o[0m
[01m[K/home/mz/projects/ros/tutorials/basics/ros2_webots/src/multiple_robots/src/ObstacleAvoider2.cpp:5:1:[m[K [01;31m[Kerror: [m[Kâ€˜[01m[KObstacleAvoider2[m[Kâ€™ does not name a type; did you mean â€˜[01m[KObstacleAvoider[m[Kâ€™?
    5 | [01;31m[KObstacleAvoider2[m[K::ObstacleAvoider1() : Node("obstacle_avoider2") {
      | [01;31m[K^~~~~~~~~~~~~~~~[m[K
      | [32m[KObstacleAvoider[m[K
[01m[K/home/mz/projects/ros/tutorials/basics/ros2_webots/src/multiple_robots/src/ObstacleAvoider2.cpp:19:6:[m[K [01;31m[Kerror: [m[Kâ€˜[01m[KObstacleAvoider2[m[Kâ€™ has not been declared
   19 | void [01;31m[KObstacleAvoider2[m[K::leftSensorCallback(
      |      [01;31m[K^~~~~~~~~~~~~~~~[m[K
[01m[K/home/mz/projects/ros/tutorials/basics/ros2_webots/src/multiple_robots/src/ObstacleAvoider2.cpp:[m[K In function â€˜[01m[Kvoid leftSensorCallback(sensor_msgs::msg::Range_<std::allocator<void> >::SharedPtr)[m[Kâ€™:
[01m[K/home/mz/projects/ros/tutorials/basics/ros2_webots/src/multiple_robots/src/ObstacleAvoider2.cpp:21:3:[m[K [01;31m[Kerror: [m[Kâ€˜[01m[Kleft_sensor_value[m[Kâ€™ was not declared in this scope
   21 |   [01;31m[Kleft_sensor_value[m[K = msg->range;
      |   [01;31m[K^~~~~~~~~~~~~~~~~[m[K
[01m[K/home/mz/projects/ros/tutorials/basics/ros2_webots/src/multiple_robots/src/ObstacleAvoider2.cpp:[m[K At global scope:
[01m[K/home/mz/projects/ros/tutorials/basics/ros2_webots/src/multiple_robots/src/ObstacleAvoider2.cpp:24:6:[m[K [01;31m[Kerror: [m[Kâ€˜[01m[KObstacleAvoider2[m[Kâ€™ has not been declared
   24 | void [01;31m[KObstacleAvoider2[m[K::rightSensorCallback(
      |      [01;31m[K^~~~~~~~~~~~~~~~[m[K
[01m[K/home/mz/projects/ros/tutorials/basics/ros2_webots/src/multiple_robots/src/ObstacleAvoider2.cpp:[m[K In function â€˜[01m[Kvoid rightSensorCallback(sensor_msgs::msg::Range_<std::allocator<void> >::SharedPtr)[m[Kâ€™:
[01m[K/home/mz/projects/ros/tutorials/basics/ros2_webots/src/multiple_robots/src/ObstacleAvoider2.cpp:26:3:[m[K [01;31m[Kerror: [m[Kâ€˜[01m[Kright_sensor_value[m[Kâ€™ was not declared in this scope
   26 |   [01;31m[Kright_sensor_value[m[K = msg->range;
      |   [01;31m[K^~~~~~~~~~~~~~~~~~[m[K
[01m[K/home/mz/projects/ros/tutorials/basics/ros2_webots/src/multiple_robots/src/ObstacleAvoider2.cpp:32:7:[m[K [01;31m[Kerror: [m[Kâ€˜[01m[Kleft_sensor_value[m[Kâ€™ was not declared in this scope
   32 |   if ([01;31m[Kleft_sensor_value[m[K < 0.9 * MAX_RANGE ||
      |       [01;31m[K^~~~~~~~~~~~~~~~~[m[K
[01m[K/home/mz/projects/ros/tutorials/basics/ros2_webots/src/multiple_robots/src/ObstacleAvoider2.cpp:37:3:[m[K [01;31m[Kerror: [m[Kâ€˜[01m[Kpublisher_[m[Kâ€™ was not declared in this scope; did you mean â€˜[01m[Krmw_publisher_t[m[Kâ€™?
   37 |   [01;31m[Kpublisher_[m[K->publish(std::move(command_message));
      |   [01;31m[K^~~~~~~~~~[m[K
      |   [32m[Krmw_publisher_t[m[K
[01m[K/home/mz/projects/ros/tutorials/basics/ros2_webots/src/multiple_robots/src/ObstacleAvoider2.cpp:[m[K In function â€˜[01m[Kint main(int, char**)[m[Kâ€™:
[01m[K/home/mz/projects/ros/tutorials/basics/ros2_webots/src/multiple_robots/src/ObstacleAvoider2.cpp:42:35:[m[K [01;31m[Kerror: [m[Kâ€˜[01m[KObstacleAvoider2[m[Kâ€™ was not declared in this scope; did you mean â€˜[01m[KObstacleAvoider[m[Kâ€™?
   42 |   auto avoider = std::make_shared<[01;31m[KObstacleAvoider2[m[K>();
      |                                   [01;31m[K^~~~~~~~~~~~~~~~[m[K
      |                                   [32m[KObstacleAvoider[m[K
[01m[K/home/mz/projects/ros/tutorials/basics/ros2_webots/src/multiple_robots/src/ObstacleAvoider2.cpp:42:52:[m[K [01;31m[Kerror: [m[Kno matching function for call to â€˜[01m[Kmake_shared<<expression error> >()[m[Kâ€™
   42 |   auto avoider = [01;31m[Kstd::make_shared<ObstacleAvoider2>()[m[K;
      |                  [01;31m[K~~~~~~~~~~~~~~~~~~~~~~~~~~~~~~~~~~^~[m[K
In file included from [01m[K/usr/include/c++/11/memory:77[m[K,
                 from [01m[K/home/mz/projects/ros/tutorials/basics/ros2_webots/src/multiple_robots/include/multiple_robots/ObstacleAvoider.hpp:1[m[K,
                 from [01m[K/home/mz/projects/ros/tutorials/basics/ros2_webots/src/multiple_robots/src/ObstacleAvoider2.cpp:1[m[K:
[01m[K/usr/include/c++/11/bits/shared_ptr.h:875:5:[m[K [01;36m[Knote: [m[Kcandidate: â€˜[01m[Ktemplate<class _Tp, class ... _Args> std::shared_ptr<_Tp> std::make_shared(_Args&& ...)[m[Kâ€™
  875 |     [01;36m[Kmake_shared[m[K(_Args&&... __args)
      |     [01;36m[K^~~~~~~~~~~[m[K
[01m[K/usr/include/c++/11/bits/shared_ptr.h:875:5:[m[K [01;36m[Knote: [m[K  template argument deduction/substitution failed:
[01m[K/home/mz/projects/ros/tutorials/basics/ros2_webots/src/multiple_robots/src/ObstacleAvoider2.cpp:42:52:[m[K [01;31m[Kerror: [m[Ktemplate argument 1 is invalid
   42 |   auto avoider = [01;31m[Kstd::make_shared<ObstacleAvoider2>()[m[K;
      |                  [01;31m[K~~~~~~~~~~~~~~~~~~~~~~~~~~~~~~~~~~^~[m[K
[01m[K/home/mz/projects/ros/tutorials/basics/ros2_webots/src/multiple_robots/src/ObstacleAvoider1.cpp:5:1:[m[K [01;31m[Kerror: [m[Kâ€˜[01m[KObstacleAvoider1[m[Kâ€™ does not name a type; did you mean â€˜[01m[KObstacleAvoider[m[Kâ€™?
    5 | [01;31m[KObstacleAvoider1[m[K::ObstacleAvoider1() : Node("obstacle_avoider1") {
      | [01;31m[K^~~~~~~~~~~~~~~~[m[K
      | [32m[KObstacleAvoider[m[K
[01m[K/home/mz/projects/ros/tutorials/basics/ros2_webots/src/multiple_robots/src/ObstacleAvoider1.cpp:19:6:[m[K [01;31m[Kerror: [m[Kâ€˜[01m[KObstacleAvoider1[m[Kâ€™ has not been declared
   19 | void [01;31m[KObstacleAvoider1[m[K::leftSensorCallback(
      |      [01;31m[K^~~~~~~~~~~~~~~~[m[K
[01m[K/home/mz/projects/ros/tutorials/basics/ros2_webots/src/multiple_robots/src/ObstacleAvoider1.cpp:[m[K In function â€˜[01m[Kvoid leftSensorCallback(sensor_msgs::msg::Range_<std::allocator<void> >::SharedPtr)[m[Kâ€™:
[01m[K/home/mz/projects/ros/tutorials/basics/ros2_webots/src/multiple_robots/src/ObstacleAvoider1.cpp:21:3:[m[K [01;31m[Kerror: [m[Kâ€˜[01m[Kleft_sensor_value[m[Kâ€™ was not declared in this scope
   21 |   [01;31m[Kleft_sensor_value[m[K = msg->range;
      |   [01;31m[K^~~~~~~~~~~~~~~~~[m[K
[01m[K/home/mz/projects/ros/tutorials/basics/ros2_webots/src/multiple_robots/src/ObstacleAvoider1.cpp:[m[K At global scope:
[01m[K/home/mz/projects/ros/tutorials/basics/ros2_webots/src/multiple_robots/src/ObstacleAvoider1.cpp:24:6:[m[K [01;31m[Kerror: [m[Kâ€˜[01m[KObstacleAvoider1[m[Kâ€™ has not been declared
   24 | void [01;31m[KObstacleAvoider1[m[K::rightSensorCallback(
      |      [01;31m[K^~~~~~~~~~~~~~~~[m[K
[01m[K/home/mz/projects/ros/tutorials/basics/ros2_webots/src/multiple_robots/src/ObstacleAvoider1.cpp:[m[K In function â€˜[01m[Kvoid rightSensorCallback(sensor_msgs::msg::Range_<std::allocator<void> >::SharedPtr)[m[Kâ€™:
[01m[K/home/mz/projects/ros/tutorials/basics/ros2_webots/src/multiple_robots/src/ObstacleAvoider1.cpp:26:3:[m[K [01;31m[Kerror: [m[Kâ€˜[01m[Kright_sensor_value[m[Kâ€™ was not declared in this scope
   26 |   [01;31m[Kright_sensor_value[m[K = msg->range;
      |   [01;31m[K^~~~~~~~~~~~~~~~~~[m[K
[01m[K/home/mz/projects/ros/tutorials/basics/ros2_webots/src/multiple_robots/src/ObstacleAvoider1.cpp:32:7:[m[K [01;31m[Kerror: [m[Kâ€˜[01m[Kleft_sensor_value[m[Kâ€™ was not declared in this scope
   32 |   if ([01;31m[Kleft_sensor_value[m[K < 0.9 * MAX_RANGE ||
      |       [01;31m[K^~~~~~~~~~~~~~~~~[m[K
[01m[K/home/mz/projects/ros/tutorials/basics/ros2_webots/src/multiple_robots/src/ObstacleAvoider1.cpp:37:3:[m[K [01;31m[Kerror: [m[Kâ€˜[01m[Kpublisher_[m[Kâ€™ was not declared in this scope; did you mean â€˜[01m[Krmw_publisher_t[m[Kâ€™?
   37 |   [01;31m[Kpublisher_[m[K->publish(std::move(command_message));
      |   [01;31m[K^~~~~~~~~~[m[K
      |   [32m[Krmw_publisher_t[m[K
[01m[K/home/mz/projects/ros/tutorials/basics/ros2_webots/src/multiple_robots/src/ObstacleAvoider1.cpp:[m[K In function â€˜[01m[Kint main(int, char**)[m[Kâ€™:
[01m[K/home/mz/projects/ros/tutorials/basics/ros2_webots/src/multiple_robots/src/ObstacleAvoider1.cpp:42:35:[m[K [01;31m[Kerror: [m[Kâ€˜[01m[KObstacleAvoider1[m[Kâ€™ was not declared in this scope; did you mean â€˜[01m[KObstacleAvoider[m[Kâ€™?
   42 |   auto avoider = std::make_shared<[01;31m[KObstacleAvoider1[m[K>();
      |                                   [01;31m[K^~~~~~~~~~~~~~~~[m[K
      |                                   [32m[KObstacleAvoider[m[K
[01m[K/home/mz/projects/ros/tutorials/basics/ros2_webots/src/multiple_robots/src/ObstacleAvoider1.cpp:42:52:[m[K [01;31m[Kerror: [m[Kno matching function for call to â€˜[01m[Kmake_shared<<expression error> >()[m[Kâ€™
   42 |   auto avoider = [01;31m[Kstd::make_shared<ObstacleAvoider1>()[m[K;
      |                  [01;31m[K~~~~~~~~~~~~~~~~~~~~~~~~~~~~~~~~~~^~[m[K
In file included from [01m[K/usr/include/c++/11/memory:77[m[K,
                 from [01m[K/home/mz/projects/ros/tutorials/basics/ros2_webots/src/multiple_robots/include/multiple_robots/ObstacleAvoider.hpp:1[m[K,
                 from [01m[K/home/mz/projects/ros/tutorials/basics/ros2_webots/src/multiple_robots/src/ObstacleAvoider1.cpp:1[m[K:
[01m[K/usr/include/c++/11/bits/shared_ptr.h:875:5:[m[K [01;36m[Knote: [m[Kcandidate: â€˜[01m[Ktemplate<class _Tp, class ... _Args> std::shared_ptr<_Tp> std::make_shared(_Args&& ...)[m[Kâ€™
  875 |     [01;36m[Kmake_shared[m[K(_Args&&... __args)
      |     [01;36m[K^~~~~~~~~~~[m[K
[01m[K/usr/include/c++/11/bits/shared_ptr.h:875:5:[m[K [01;36m[Knote: [m[K  template argument deduction/substitution failed:
[01m[K/home/mz/projects/ros/tutorials/basics/ros2_webots/src/multiple_robots/src/ObstacleAvoider1.cpp:42:52:[m[K [01;31m[Kerror: [m[Ktemplate argument 1 is invalid
   42 |   auto avoider = [01;31m[Kstd::make_shared<ObstacleAvoider1>()[m[K;
      |                  [01;31m[K~~~~~~~~~~~~~~~~~~~~~~~~~~~~~~~~~~^~[m[K
[01m[K/home/mz/projects/ros/tutorials/basics/ros2_webots/src/multiple_robots/src/MyRobotDriver2.cpp:13:6:[m[K [01;31m[Kerror: [m[Kâ€˜[01m[KMyRobotDriver2[m[Kâ€™ has not been declared
   13 | void [01;31m[KMyRobotDriver2[m[K::init(
      |      [01;31m[K^~~~~~~~~~~~~~[m[K
[01m[K/home/mz/projects/ros/tutorials/basics/ros2_webots/src/multiple_robots/src/MyRobotDriver2.cpp:[m[K In function â€˜[01m[Kvoid my_robot_driver::init(webots_ros2_driver::WebotsNode*, std::unordered_map<std::__cxx11::basic_string<char>, std::__cxx11::basic_string<char> >&)[m[Kâ€™:
[01m[K/home/mz/projects/ros/tutorials/basics/ros2_webots/src/multiple_robots/src/MyRobotDriver2.cpp:17:3:[m[K [01;31m[Kerror: [m[Kâ€˜[01m[Kright_motor[m[Kâ€™ was not declared in this scope
   17 |   [01;31m[Kright_motor[m[K = wb_robot_get_device("right wheel motor");
      |   [01;31m[K^~~~~~~~~~~[m[K
[01m[K/home/mz/projects/ros/tutorials/basics/ros2_webots/src/multiple_robots/src/MyRobotDriver2.cpp:18:3:[m[K [01;31m[Kerror: [m[Kâ€˜[01m[Kleft_motor[m[Kâ€™ was not declared in this scope
   18 |   [01;31m[Kleft_motor[m[K = wb_robot_get_device("left wheel motor");
      |   [01;31m[K^~~~~~~~~~[m[K
[01m[K/home/mz/projects/ros/tutorials/basics/ros2_webots/src/multiple_robots/src/MyRobotDriver2.cpp:26:3:[m[K [01;31m[Kerror: [m[Kâ€˜[01m[Kcmd_vel_subscription_[m[Kâ€™ was not declared in this scope; did you mean â€˜[01m[Krmw_subscription_t[m[Kâ€™?
   26 |   [01;31m[Kcmd_vel_subscription_[m[K = node->create_subscription<geometry_msgs::msg::Twist>(
      |   [01;31m[K^~~~~~~~~~~~~~~~~~~~~[m[K
      |   [32m[Krmw_subscription_t[m[K
[01m[K/home/mz/projects/ros/tutorials/basics/ros2_webots/src/multiple_robots/src/MyRobotDriver1.cpp:13:6:[m[K [01;31m[Kerror: [m[Kâ€˜[01m[KMyRobotDriver1[m[Kâ€™ has not been declared
   13 | void [01;31m[KMyRobotDriver1[m[K::init(
      |      [01;31m[K^~~~~~~~~~~~~~[m[K
[01m[K/home/mz/projects/ros/tutorials/basics/ros2_webots/src/multiple_robots/src/MyRobotDriver2.cpp:28:18:[m[K [01;31m[Kerror: [m[Kâ€˜[01m[KMyRobotDriver2[m[Kâ€™ has not been declared
   28 |       std::bind(&[01;31m[KMyRobotDriver2[m[K::cmdVelCallback, this, std::placeholders::_1));
      |                  [01;31m[K^~~~~~~~~~~~~~[m[K
[01m[K/home/mz/projects/ros/tutorials/basics/ros2_webots/src/multiple_robots/src/MyRobotDriver2.cpp:28:50:[m[K [01;31m[Kerror: [m[Kinvalid use of â€˜[01m[Kthis[m[Kâ€™ in non-member function
   28 |       std::bind(&MyRobotDriver2::cmdVelCallback, [01;31m[Kthis[m[K, std::placeholders::_1));
      |                                                  [01;31m[K^~~~[m[K
[01m[K/home/mz/projects/ros/tutorials/basics/ros2_webots/src/multiple_robots/src/MyRobotDriver2.cpp:[m[K At global scope:
[01m[K/home/mz/projects/ros/tutorials/basics/ros2_webots/src/multiple_robots/src/MyRobotDriver2.cpp:31:6:[m[K [01;31m[Kerror: [m[Kâ€˜[01m[KMyRobotDriver2[m[Kâ€™ has not been declared
   31 | void [01;31m[KMyRobotDriver2[m[K::cmdVelCallback(
      |      [01;31m[K^~~~~~~~~~~~~~[m[K
[01m[K/home/mz/projects/ros/tutorials/basics/ros2_webots/src/multiple_robots/src/MyRobotDriver1.cpp:[m[K In function â€˜[01m[Kvoid my_robot_driver::init(webots_ros2_driver::WebotsNode*, std::unordered_map<std::__cxx11::basic_string<char>, std::__cxx11::basic_string<char> >&)[m[Kâ€™:
[01m[K/home/mz/projects/ros/tutorials/basics/ros2_webots/src/multiple_robots/src/MyRobotDriver1.cpp:17:3:[m[K [01;31m[Kerror: [m[Kâ€˜[01m[Kright_motor[m[Kâ€™ was not declared in this scope
   17 |   [01;31m[Kright_motor[m[K = wb_robot_get_device("right wheel motor");
      |   [01;31m[K^~~~~~~~~~~[m[K
[01m[K/home/mz/projects/ros/tutorials/basics/ros2_webots/src/multiple_robots/src/MyRobotDriver1.cpp:18:3:[m[K [01;31m[Kerror: [m[Kâ€˜[01m[Kleft_motor[m[Kâ€™ was not declared in this scope
   18 |   [01;31m[Kleft_motor[m[K = wb_robot_get_device("left wheel motor");
      |   [01;31m[K^~~~~~~~~~[m[K
[01m[K/home/mz/projects/ros/tutorials/basics/ros2_webots/src/multiple_robots/src/MyRobotDriver2.cpp:[m[K In function â€˜[01m[Kvoid my_robot_driver::cmdVelCallback(geometry_msgs::msg::Twist_<std::allocator<void> >::SharedPtr)[m[Kâ€™:
[01m[K/home/mz/projects/ros/tutorials/basics/ros2_webots/src/multiple_robots/src/MyRobotDriver2.cpp:33:3:[m[K [01;31m[Kerror: [m[Kâ€˜[01m[Kcmd_vel_msg[m[Kâ€™ was not declared in this scope
   33 |   [01;31m[Kcmd_vel_msg[m[K.linear = msg->linear;
      |   [01;31m[K^~~~~~~~~~~[m[K
[01m[K/home/mz/projects/ros/tutorials/basics/ros2_webots/src/multiple_robots/src/MyRobotDriver2.cpp:[m[K At global scope:
[01m[K/home/mz/projects/ros/tutorials/basics/ros2_webots/src/multiple_robots/src/MyRobotDriver2.cpp:37:6:[m[K [01;31m[Kerror: [m[Kâ€˜[01m[KMyRobotDriver2[m[Kâ€™ has not been declared
   37 | void [01;31m[KMyRobotDriver2[m[K::step() {
      |      [01;31m[K^~~~~~~~~~~~~~[m[K
[01m[K/home/mz/projects/ros/tutorials/basics/ros2_webots/src/multiple_robots/src/MyRobotDriver1.cpp:26:3:[m[K [01;31m[Kerror: [m[Kâ€˜[01m[Kcmd_vel_subscription_[m[Kâ€™ was not declared in this scope; did you mean â€˜[01m[Krmw_subscription_t[m[Kâ€™?
   26 |   [01;31m[Kcmd_vel_subscription_[m[K = node->create_subscription<geometry_msgs::msg::Twist>(
      |   [01;31m[K^~~~~~~~~~~~~~~~~~~~~[m[K
      |   [32m[Krmw_subscription_t[m[K
[01m[K/home/mz/projects/ros/tutorials/basics/ros2_webots/src/multiple_robots/src/MyRobotDriver1.cpp:28:18:[m[K [01;31m[Kerror: [m[Kâ€˜[01m[KMyRobotDriver1[m[Kâ€™ has not been declared
   28 |       std::bind(&[01;31m[KMyRobotDriver1[m[K::cmdVelCallback, this, std::placeholders::_1));
      |                  [01;31m[K^~~~~~~~~~~~~~[m[K
[01m[K/home/mz/projects/ros/tutorials/basics/ros2_webots/src/multiple_robots/src/MyRobotDriver1.cpp:28:50:[m[K [01;31m[Kerror: [m[Kinvalid use of â€˜[01m[Kthis[m[Kâ€™ in non-member function
   28 |       std::bind(&MyRobotDriver1::cmdVelCallback, [01;31m[Kthis[m[K, std::placeholders::_1));
      |                                                  [01;31m[K^~~~[m[K
[01m[K/home/mz/projects/ros/tutorials/basics/ros2_webots/src/multiple_robots/src/MyRobotDriver1.cpp:[m[K At global scope:
[01m[K/home/mz/projects/ros/tutorials/basics/ros2_webots/src/multiple_robots/src/MyRobotDriver1.cpp:31:6:[m[K [01;31m[Kerror: [m[Kâ€˜[01m[KMyRobotDriver1[m[Kâ€™ has not been declared
   31 | void [01;31m[KMyRobotDriver1[m[K::cmdVelCallback(
      |      [01;31m[K^~~~~~~~~~~~~~[m[K
[01m[K/home/mz/projects/ros/tutorials/basics/ros2_webots/src/multiple_robots/src/MyRobotDriver1.cpp:[m[K In function â€˜[01m[Kvoid my_robot_driver::cmdVelCallback(geometry_msgs::msg::Twist_<std::allocator<void> >::SharedPtr)[m[Kâ€™:
[01m[K/home/mz/projects/ros/tutorials/basics/ros2_webots/src/multiple_robots/src/MyRobotDriver1.cpp:33:3:[m[K [01;31m[Kerror: [m[Kâ€˜[01m[Kcmd_vel_msg[m[Kâ€™ was not declared in this scope
   33 |   [01;31m[Kcmd_vel_msg[m[K.linear = msg->linear;
      |   [01;31m[K^~~~~~~~~~~[m[K
[01m[K/home/mz/projects/ros/tutorials/basics/ros2_webots/src/multiple_robots/src/MyRobotDriver1.cpp:[m[K At global scope:
[01m[K/home/mz/projects/ros/tutorials/basics/ros2_webots/src/multiple_robots/src/MyRobotDriver1.cpp:37:6:[m[K [01;31m[Kerror: [m[Kâ€˜[01m[KMyRobotDriver1[m[Kâ€™ has not been declared
   37 | void [01;31m[KMyRobotDriver1[m[K::step() {
      |      [01;31m[K^~~~~~~~~~~~~~[m[K
[01m[K/home/mz/projects/ros/tutorials/basics/ros2_webots/src/multiple_robots/src/MyRobotDriver2.cpp:[m[K In function â€˜[01m[Kvoid my_robot_driver::step()[m[Kâ€™:
[01m[K/home/mz/projects/ros/tutorials/basics/ros2_webots/src/multiple_robots/src/MyRobotDriver2.cpp:38:24:[m[K [01;31m[Kerror: [m[Kâ€˜[01m[Kcmd_vel_msg[m[Kâ€™ was not declared in this scope
   38 |   auto forward_speed = [01;31m[Kcmd_vel_msg[m[K.linear.x;
      |                        [01;31m[K^~~~~~~~~~~[m[K
[01m[K/home/mz/projects/ros/tutorials/basics/ros2_webots/src/multiple_robots/src/MyRobotDriver1.cpp:[m[K In function â€˜[01m[Kvoid my_robot_driver::step()[m[Kâ€™:
[01m[K/home/mz/projects/ros/tutorials/basics/ros2_webots/src/multiple_robots/src/MyRobotDriver1.cpp:38:24:[m[K [01;31m[Kerror: [m[Kâ€˜[01m[Kcmd_vel_msg[m[Kâ€™ was not declared in this scope
   38 |   auto forward_speed = [01;31m[Kcmd_vel_msg[m[K.linear.x;
      |                        [01;31m[K^~~~~~~~~~~[m[K
[01m[K/home/mz/projects/ros/tutorials/basics/ros2_webots/src/multiple_robots/src/MyRobotDriver2.cpp:48:25:[m[K [01;31m[Kerror: [m[Kâ€˜[01m[Kleft_motor[m[Kâ€™ was not declared in this scope
   48 |   wb_motor_set_velocity([01;31m[Kleft_motor[m[K, command_motor_left);
      |                         [01;31m[K^~~~~~~~~~[m[K
[01m[K/home/mz/projects/ros/tutorials/basics/ros2_webots/src/multiple_robots/src/MyRobotDriver1.cpp:48:25:[m[K [01;31m[Kerror: [m[Kâ€˜[01m[Kleft_motor[m[Kâ€™ was not declared in this scope
   48 |   wb_motor_set_velocity([01;31m[Kleft_motor[m[K, command_motor_left);
      |                         [01;31m[K^~~~~~~~~~[m[K
[01m[K/home/mz/projects/ros/tutorials/basics/ros2_webots/src/multiple_robots/src/MyRobotDriver2.cpp:49:25:[m[K [01;31m[Kerror: [m[Kâ€˜[01m[Kright_motor[m[Kâ€™ was not declared in this scope
   49 |   wb_motor_set_velocity([01;31m[Kright_motor[m[K, command_motor_right);
      |                         [01;31m[K^~~~~~~~~~~[m[K
In file included from [01m[K/opt/ros/iron/include/class_loader/class_loader/class_loader.hpp:56[m[K,
                 from [01m[K/opt/ros/iron/include/class_loader/class_loader/multi_library_class_loader.hpp:52[m[K,
                 from [01m[K/opt/ros/iron/include/pluginlib/pluginlib/class_loader.hpp:38[m[K,
                 from [01m[K/opt/ros/iron/include/webots_ros2_driver/WebotsNode.hpp:26[m[K,
                 from [01m[K/home/mz/projects/ros/tutorials/basics/ros2_webots/src/multiple_robots/include/multiple_robots/MyRobotDriver.hpp:6[m[K,
                 from [01m[K/home/mz/projects/ros/tutorials/basics/ros2_webots/src/multiple_robots/src/MyRobotDriver2.cpp:1[m[K:
[01m[K/home/mz/projects/ros/tutorials/basics/ros2_webots/src/multiple_robots/src/MyRobotDriver2.cpp:[m[K At global scope:
[01m[K/home/mz/projects/ros/tutorials/basics/ros2_webots/src/multiple_robots/src/MyRobotDriver2.cpp:54:41:[m[K [01;31m[Kerror: [m[Kâ€˜[01m[KMyRobotDriver2[m[Kâ€™ in namespace â€˜[01m[Kmy_robot_driver[m[Kâ€™ does not name a type; did you mean â€˜[01m[KMyRobotDriver[m[Kâ€™?
   54 | PLUGINLIB_EXPORT_CLASS(my_robot_driver::[01;31m[KMyRobotDriver2[m[K,
      |                                         [01;31m[K^~~~~~~~~~~~~~[m[K
[01m[K/home/mz/projects/ros/tutorials/basics/ros2_webots/src/multiple_robots/src/MyRobotDriver1.cpp:49:25:[m[K [01;31m[Kerror: [m[Kâ€˜[01m[Kright_motor[m[Kâ€™ was not declared in this scope
   49 |   wb_motor_set_velocity([01;31m[Kright_motor[m[K, command_motor_right);
      |                         [01;31m[K^~~~~~~~~~~[m[K
In file included from [01m[K/opt/ros/iron/include/class_loader/class_loader/class_loader.hpp:56[m[K,
                 from [01m[K/opt/ros/iron/include/class_loader/class_loader/multi_library_class_loader.hpp:52[m[K,
                 from [01m[K/opt/ros/iron/include/pluginlib/pluginlib/class_loader.hpp:38[m[K,
                 from [01m[K/opt/ros/iron/include/webots_ros2_driver/WebotsNode.hpp:26[m[K,
                 from [01m[K/home/mz/projects/ros/tutorials/basics/ros2_webots/src/multiple_robots/include/multiple_robots/MyRobotDriver.hpp:6[m[K,
                 from [01m[K/home/mz/projects/ros/tutorials/basics/ros2_webots/src/multiple_robots/src/MyRobotDriver1.cpp:1[m[K:
[01m[K/home/mz/projects/ros/tutorials/basics/ros2_webots/src/multiple_robots/src/MyRobotDriver1.cpp:[m[K At global scope:
[01m[K/home/mz/projects/ros/tutorials/basics/ros2_webots/src/multiple_robots/src/MyRobotDriver1.cpp:54:41:[m[K [01;31m[Kerror: [m[Kâ€˜[01m[KMyRobotDriver1[m[Kâ€™ in namespace â€˜[01m[Kmy_robot_driver[m[Kâ€™ does not name a type; did you mean â€˜[01m[KMyRobotDriver[m[Kâ€™?
   54 | PLUGINLIB_EXPORT_CLASS(my_robot_driver::[01;31m[KMyRobotDriver1[m[K,
      |                                         [01;31m[K^~~~~~~~~~~~~~[m[K
[01m[K/home/mz/projects/ros/tutorials/basics/ros2_webots/src/multiple_robots/src/MyRobotDriver2.cpp:[m[K In constructor â€˜[01m[K{anonymous}::ProxyExec0::ProxyExec0()[m[Kâ€™:
[01m[K/home/mz/projects/ros/tutorials/basics/ros2_webots/src/multiple_robots/src/MyRobotDriver2.cpp:54:1:[m[K [01;31m[Kerror: [m[Kâ€˜[01m[K_derived[m[Kâ€™ was not declared in this scope
   54 | [01;31m[KPLUGINLIB_EXPORT_CLASS[m[K(my_robot_driver::MyRobotDriver2,
      | [01;31m[K^~~~~~~~~~~~~~~~~~~~~~[m[K
[01m[K/home/mz/projects/ros/tutorials/basics/ros2_webots/src/multiple_robots/src/MyRobotDriver2.cpp:54:1:[m[K [01;31m[Kerror: [m[Kno matching function for call to â€˜[01m[KregisterPlugin<<expression error>, {anonymous}::ProxyExec0::_base>(const char [32], const char [36])[m[Kâ€™
   54 | [01;31m[KPLUGINLIB_EXPORT_CLASS[m[K(my_robot_driver::MyRobotDriver2,
      | [01;31m[K^~~~~~~~~~~~~~~~~~~~~~[m[K
In file included from [01m[K/opt/ros/iron/include/class_loader/class_loader/class_loader.hpp:55[m[K,
                 from [01m[K/opt/ros/iron/include/class_loader/class_loader/multi_library_class_loader.hpp:52[m[K,
                 from [01m[K/opt/ros/iron/include/pluginlib/pluginlib/class_loader.hpp:38[m[K,
                 from [01m[K/opt/ros/iron/include/webots_ros2_driver/WebotsNode.hpp:26[m[K,
                 from [01m[K/home/mz/projects/ros/tutorials/basics/ros2_webots/src/multiple_robots/include/multiple_robots/MyRobotDriver.hpp:6[m[K,
                 from [01m[K/home/mz/projects/ros/tutorials/basics/ros2_webots/src/multiple_robots/src/MyRobotDriver2.cpp:1[m[K:
[01m[K/opt/ros/iron/include/class_loader/class_loader/class_loader_core.hpp:241:1:[m[K [01;36m[Knote: [m[Kcandidate: â€˜[01m[Ktemplate<class Derived, class Base> class_loader::impl::UniquePtr<class_loader::impl::AbstractMetaObjectBase> class_loader::impl::registerPlugin(const string&, const string&)[m[Kâ€™
  241 | [01;36m[KregisterPlugin[m[K(const std::string & class_name, const std::string & base_class_name)
      | [01;36m[K^~~~~~~~~~~~~~[m[K
[01m[K/opt/ros/iron/include/class_loader/class_loader/class_loader_core.hpp:241:1:[m[K [01;36m[Knote: [m[K  template argument deduction/substitution failed:
In file included from [01m[K/opt/ros/iron/include/class_loader/class_loader/class_loader.hpp:56[m[K,
                 from [01m[K/opt/ros/iron/include/class_loader/class_loader/multi_library_class_loader.hpp:52[m[K,
                 from [01m[K/opt/ros/iron/include/pluginlib/pluginlib/class_loader.hpp:38[m[K,
                 from [01m[K/opt/ros/iron/include/webots_ros2_driver/WebotsNode.hpp:26[m[K,
                 from [01m[K/home/mz/projects/ros/tutorials/basics/ros2_webots/src/multiple_robots/include/multiple_robots/MyRobotDriver.hpp:6[m[K,
                 from [01m[K/home/mz/projects/ros/tutorials/basics/ros2_webots/src/multiple_robots/src/MyRobotDriver2.cpp:1[m[K:
[01m[K/home/mz/projects/ros/tutorials/basics/ros2_webots/src/multiple_robots/src/MyRobotDriver2.cpp:54:1:[m[K [01;31m[Kerror: [m[Ktemplate argument 1 is invalid
   54 | [01;31m[KPLUGINLIB_EXPORT_CLASS[m[K(my_robot_driver::MyRobotDriver2,
      | [01;31m[K^~~~~~~~~~~~~~~~~~~~~~[m[K
[01m[K/home/mz/projects/ros/tutorials/basics/ros2_webots/src/multiple_robots/src/MyRobotDriver1.cpp:[m[K In constructor â€˜[01m[K{anonymous}::ProxyExec0::ProxyExec0()[m[Kâ€™:
[01m[K/home/mz/projects/ros/tutorials/basics/ros2_webots/src/multiple_robots/src/MyRobotDriver1.cpp:54:1:[m[K [01;31m[Kerror: [m[Kâ€˜[01m[K_derived[m[Kâ€™ was not declared in this scope
   54 | [01;31m[KPLUGINLIB_EXPORT_CLASS[m[K(my_robot_driver::MyRobotDriver1,
      | [01;31m[K^~~~~~~~~~~~~~~~~~~~~~[m[K
[01m[K/home/mz/projects/ros/tutorials/basics/ros2_webots/src/multiple_robots/src/MyRobotDriver1.cpp:54:1:[m[K [01;31m[Kerror: [m[Kno matching function for call to â€˜[01m[KregisterPlugin<<expression error>, {anonymous}::ProxyExec0::_base>(const char [32], const char [36])[m[Kâ€™
   54 | [01;31m[KPLUGINLIB_EXPORT_CLASS[m[K(my_robot_driver::MyRobotDriver1,
      | [01;31m[K^~~~~~~~~~~~~~~~~~~~~~[m[K
In file included from [01m[K/opt/ros/iron/include/class_loader/class_loader/class_loader.hpp:55[m[K,
                 from [01m[K/opt/ros/iron/include/class_loader/class_loader/multi_library_class_loader.hpp:52[m[K,
                 from [01m[K/opt/ros/iron/include/pluginlib/pluginlib/class_loader.hpp:38[m[K,
                 from [01m[K/opt/ros/iron/include/webots_ros2_driver/WebotsNode.hpp:26[m[K,
                 from [01m[K/home/mz/projects/ros/tutorials/basics/ros2_webots/src/multiple_robots/include/multiple_robots/MyRobotDriver.hpp:6[m[K,
                 from [01m[K/home/mz/projects/ros/tutorials/basics/ros2_webots/src/multiple_robots/src/MyRobotDriver1.cpp:1[m[K:
[01m[K/opt/ros/iron/include/class_loader/class_loader/class_loader_core.hpp:241:1:[m[K [01;36m[Knote: [m[Kcandidate: â€˜[01m[Ktemplate<class Derived, class Base> class_loader::impl::UniquePtr<class_loader::impl::AbstractMetaObjectBase> class_loader::impl::registerPlugin(const string&, const string&)[m[Kâ€™
  241 | [01;36m[KregisterPlugin[m[K(const std::string & class_name, const std::string & base_class_name)
      | [01;36m[K^~~~~~~~~~~~~~[m[K
[01m[K/opt/ros/iron/include/class_loader/class_loader/class_loader_core.hpp:241:1:[m[K [01;36m[Knote: [m[K  template argument deduction/substitution failed:
In file included from [01m[K/opt/ros/iron/include/class_loader/class_loader/class_loader.hpp:56[m[K,
                 from [01m[K/opt/ros/iron/include/class_loader/class_loader/multi_library_class_loader.hpp:52[m[K,
                 from [01m[K/opt/ros/iron/include/pluginlib/pluginlib/class_loader.hpp:38[m[K,
                 from [01m[K/opt/ros/iron/include/webots_ros2_driver/WebotsNode.hpp:26[m[K,
                 from [01m[K/home/mz/projects/ros/tutorials/basics/ros2_webots/src/multiple_robots/include/multiple_robots/MyRobotDriver.hpp:6[m[K,
                 from [01m[K/home/mz/projects/ros/tutorials/basics/ros2_webots/src/multiple_robots/src/MyRobotDriver1.cpp:1[m[K:
[01m[K/home/mz/projects/ros/tutorials/basics/ros2_webots/src/multiple_robots/src/MyRobotDriver1.cpp:54:1:[m[K [01;31m[Kerror: [m[Ktemplate argument 1 is invalid
   54 | [01;31m[KPLUGINLIB_EXPORT_CLASS[m[K(my_robot_driver::MyRobotDriver1,
      | [01;31m[K^~~~~~~~~~~~~~~~~~~~~~[m[K
gmake[2]: *** [CMakeFiles/obstacle_avoider2.dir/build.make:76: CMakeFiles/obstacle_avoider2.dir/src/ObstacleAvoider2.cpp.o] Error 1
gmake[1]: *** [CMakeFiles/Makefile2:167: CMakeFiles/obstacle_avoider2.dir/all] Error 2
gmake[1]: *** Waiting for unfinished jobs....
gmake[2]: *** [CMakeFiles/obstacle_avoider1.dir/build.make:76: CMakeFiles/obstacle_avoider1.dir/src/ObstacleAvoider1.cpp.o] Error 1
gmake[1]: *** [CMakeFiles/Makefile2:141: CMakeFiles/obstacle_avoider1.dir/all] Error 2
gmake[2]: *** [CMakeFiles/multiple_robots.dir/build.make:76: CMakeFiles/multiple_robots.dir/src/MyRobotDriver1.cpp.o] Error 1
gmake[2]: *** Waiting for unfinished jobs....
gmake[2]: *** [CMakeFiles/multiple_robots.dir/build.make:90: CMakeFiles/multiple_robots.dir/src/MyRobotDriver2.cpp.o] Error 1
gmake[1]: *** [CMakeFiles/Makefile2:193: CMakeFiles/multiple_robots.dir/all] Error 2
gmake: *** [Makefile:146: all] Error 2
