[35m[1mConsolidate compiler generated dependencies of target obstacle_avoider1[0m
[35m[1mConsolidate compiler generated dependencies of target obstacle_avoider2[0m
[35m[1mConsolidate compiler generated dependencies of target robots_paths[0m
[ 16%] [32mBuilding CXX object CMakeFiles/obstacle_avoider2.dir/src/ObstacleAvoider2.cpp.o[0m
[ 33%] [32mBuilding CXX object CMakeFiles/robots_paths.dir/src/MyRobotDriver.cpp.o[0m
[ 50%] [32mBuilding CXX object CMakeFiles/obstacle_avoider1.dir/src/ObstacleAvoider1.cpp.o[0m
[01m[K/home/mz/projects/ros/tutorials/basics/ros2_webots/src/robots_paths/src/MyRobotDriver.cpp:92:6:[m[K [01;31m[Kerror: [m[Kâ€˜[01m[Kc[m[Kâ€™ has not been declared
   92 | void [01;31m[Kc[m[K::init(
      |      [01;31m[K^[m[K
[01m[K/home/mz/projects/ros/tutorials/basics/ros2_webots/src/robots_paths/src/MyRobotDriver.cpp:[m[K In function â€˜[01m[Kvoid my_robot_driver2::init(webots_ros2_driver::WebotsNode*, std::unordered_map<std::__cxx11::basic_string<char>, std::__cxx11::basic_string<char> >&)[m[Kâ€™:
[01m[K/home/mz/projects/ros/tutorials/basics/ros2_webots/src/robots_paths/src/MyRobotDriver.cpp:96:3:[m[K [01;31m[Kerror: [m[Kâ€˜[01m[Kright_motor[m[Kâ€™ was not declared in this scope
   96 |   [01;31m[Kright_motor[m[K = wb_robot_get_device("right wheel motor");
      |   [01;31m[K^~~~~~~~~~~[m[K
[01m[K/home/mz/projects/ros/tutorials/basics/ros2_webots/src/robots_paths/src/MyRobotDriver.cpp:97:3:[m[K [01;31m[Kerror: [m[Kâ€˜[01m[Kleft_motor[m[Kâ€™ was not declared in this scope
   97 |   [01;31m[Kleft_motor[m[K = wb_robot_get_device("left wheel motor");
      |   [01;31m[K^~~~~~~~~~[m[K
[01m[K/home/mz/projects/ros/tutorials/basics/ros2_webots/src/robots_paths/src/MyRobotDriver.cpp:105:3:[m[K [01;31m[Kerror: [m[Kâ€˜[01m[Kcmd_vel_subscription_[m[Kâ€™ was not declared in this scope; did you mean â€˜[01m[Krmw_subscription_t[m[Kâ€™?
  105 |   [01;31m[Kcmd_vel_subscription_[m[K = node->create_subscription<geometry_msgs::msg::Twist>(
      |   [01;31m[K^~~~~~~~~~~~~~~~~~~~~[m[K
      |   [32m[Krmw_subscription_t[m[K
[01m[K/home/mz/projects/ros/tutorials/basics/ros2_webots/src/robots_paths/src/MyRobotDriver.cpp:107:34:[m[K [01;31m[Kerror: [m[Kâ€˜[01m[Kvoid my_robot_driver2::MyRobotDriver2::cmdVelCallback(geometry_msgs::msg::Twist_<std::allocator<void> >::SharedPtr)[m[Kâ€™ is private within this context
  107 |       std::bind(&MyRobotDriver2::[01;31m[KcmdVelCallback[m[K, this, std::placeholders::_1));
      |                                  [01;31m[K^~~~~~~~~~~~~~[m[K
In file included from [01m[K/home/mz/projects/ros/tutorials/basics/ros2_webots/src/robots_paths/src/MyRobotDriver.cpp:1[m[K:
[01m[K/home/mz/projects/ros/tutorials/basics/ros2_webots/src/robots_paths/include/robots_paths/MyRobotDriver.hpp:59:8:[m[K [01;36m[Knote: [m[Kdeclared private here
   59 |   void [01;36m[KcmdVelCallback[m[K(const geometry_msgs::msg::Twist::SharedPtr msg);
      |        [01;36m[K^~~~~~~~~~~~~~[m[K
[01m[K/home/mz/projects/ros/tutorials/basics/ros2_webots/src/robots_paths/src/MyRobotDriver.cpp:107:50:[m[K [01;31m[Kerror: [m[Kinvalid use of â€˜[01m[Kthis[m[Kâ€™ in non-member function
  107 |       std::bind(&MyRobotDriver2::cmdVelCallback, [01;31m[Kthis[m[K, std::placeholders::_1));
      |                                                  [01;31m[K^~~~[m[K
gmake[2]: *** [CMakeFiles/robots_paths.dir/build.make:76: CMakeFiles/robots_paths.dir/src/MyRobotDriver.cpp.o] Error 1
gmake[1]: *** [CMakeFiles/Makefile2:193: CMakeFiles/robots_paths.dir/all] Error 2
gmake[1]: *** Waiting for unfinished jobs....
[ 66%] [32m[1mLinking CXX executable obstacle_avoider2[0m
[ 66%] Built target obstacle_avoider2
[ 83%] [32m[1mLinking CXX executable obstacle_avoider1[0m
[ 83%] Built target obstacle_avoider1
gmake: *** [Makefile:146: all] Error 2
