[0.126s] Invoking command in '/home/mz/projects/ros/tutorials/basics/ros2_webots/build/robots_paths': CMAKE_PREFIX_PATH=${CMAKE_PREFIX_PATH}:/opt/ros/iron /usr/bin/cmake --build /home/mz/projects/ros/tutorials/basics/ros2_webots/build/robots_paths -- -j4 -l4
[0.227s] [35m[1mConsolidate compiler generated dependencies of target obstacle_avoider1[0m
[0.276s] [ 16%] [32mBuilding CXX object CMakeFiles/obstacle_avoider2.dir/src/ObstacleAvoider2.cpp.o[0m
[0.292s] [ 50%] Built target robots_paths
[0.295s] [ 66%] [32mBuilding CXX object CMakeFiles/obstacle_avoider1.dir/src/ObstacleAvoider1.cpp.o[0m
[4.538s] [01m[K/home/mz/projects/ros/tutorials/basics/ros2_webots/src/robots_paths/src/ObstacleAvoider1.cpp:[m[K In constructor â€˜[01m[KObstacleAvoider1::ObstacleAvoider1(const string&, const string&, const string&)[m[Kâ€™:
[4.539s] [01m[K/home/mz/projects/ros/tutorials/basics/ros2_webots/src/robots_paths/src/ObstacleAvoider1.cpp:32:3:[m[K [01;31m[Kerror: [m[Kâ€˜[01m[Ktimer_[m[Kâ€™ was not declared in this scope; did you mean â€˜[01m[Ktimer_t[m[Kâ€™?
[4.539s]    32 |   [01;31m[Ktimer_[m[K = this->create_wall_timer(5000ms, std::bind(&ObstacleAvoider2::timerCallback, this));
[4.539s]       |   [01;31m[K^~~~~~[m[K
[4.539s]       |   [32m[Ktimer_t[m[K
[4.539s] [01m[K/home/mz/projects/ros/tutorials/basics/ros2_webots/src/robots_paths/src/ObstacleAvoider1.cpp:32:36:[m[K [01;31m[Kerror: [m[Kunable to find numeric literal operator â€˜[01m[Koperator""ms[m[Kâ€™
[4.540s]    32 |   timer_ = this->create_wall_timer([01;31m[K5000ms[m[K, std::bind(&ObstacleAvoider2::timerCallback, this));
[4.540s]       |                                    [01;31m[K^~~~~~[m[K
[4.540s] [01m[K/home/mz/projects/ros/tutorials/basics/ros2_webots/src/robots_paths/src/ObstacleAvoider1.cpp:32:73:[m[K [01;31m[Kerror: [m[Kâ€˜[01m[KtimerCallback[m[Kâ€™ is not a member of â€˜[01m[KObstacleAvoider2[m[Kâ€™
[4.540s]    32 |   timer_ = this->create_wall_timer(5000ms, std::bind(&ObstacleAvoider2::[01;31m[KtimerCallback[m[K, this));
[4.540s]       |                                                                         [01;31m[K^~~~~~~~~~~~~[m[K
[4.553s] [01m[K/home/mz/projects/ros/tutorials/basics/ros2_webots/src/robots_paths/src/ObstacleAvoider1.cpp:[m[K In member function â€˜[01m[Kvoid ObstacleAvoider1::timerCallback()[m[Kâ€™:
[4.553s] [01m[K/home/mz/projects/ros/tutorials/basics/ros2_webots/src/robots_paths/src/ObstacleAvoider1.cpp:85:5:[m[K [01;31m[Kerror: [m[Kâ€˜[01m[Ktimer_[m[Kâ€™ was not declared in this scope; did you mean â€˜[01m[Ktimer_t[m[Kâ€™?
[4.553s]    85 |     [01;31m[Ktimer_[m[K->cancel();
[4.553s]       |     [01;31m[K^~~~~~[m[K
[4.553s]       |     [32m[Ktimer_t[m[K
[4.554s] [01m[K/home/mz/projects/ros/tutorials/basics/ros2_webots/src/robots_paths/src/ObstacleAvoider1.cpp:86:38:[m[K [01;31m[Kerror: [m[Kunable to find numeric literal operator â€˜[01m[Koperator""ms[m[Kâ€™
[4.554s]    86 |     timer_ = this->create_wall_timer([01;31m[K5000ms[m[K, std::bind(&ObstacleAvoider2::timerCallback, this));
[4.554s]       |                                      [01;31m[K^~~~~~[m[K
[4.554s] [01m[K/home/mz/projects/ros/tutorials/basics/ros2_webots/src/robots_paths/src/ObstacleAvoider1.cpp:86:75:[m[K [01;31m[Kerror: [m[Kâ€˜[01m[KtimerCallback[m[Kâ€™ is not a member of â€˜[01m[KObstacleAvoider2[m[Kâ€™
[4.554s]    86 |     timer_ = this->create_wall_timer(5000ms, std::bind(&ObstacleAvoider2::[01;31m[KtimerCallback[m[K, this));
[4.554s]       |                                                                           [01;31m[K^~~~~~~~~~~~~[m[K
[7.973s] gmake[2]: *** [CMakeFiles/obstacle_avoider1.dir/build.make:76: CMakeFiles/obstacle_avoider1.dir/src/ObstacleAvoider1.cpp.o] Error 1
[7.973s] gmake[1]: *** [CMakeFiles/Makefile2:141: CMakeFiles/obstacle_avoider1.dir/all] Error 2
[7.973s] gmake[1]: *** Waiting for unfinished jobs....
[13.247s] [ 83%] [32m[1mLinking CXX executable obstacle_avoider2[0m
[14.089s] [ 83%] Built target obstacle_avoider2
[14.091s] gmake: *** [Makefile:146: all] Error 2
[14.095s] Invoked command in '/home/mz/projects/ros/tutorials/basics/ros2_webots/build/robots_paths' returned '2': CMAKE_PREFIX_PATH=${CMAKE_PREFIX_PATH}:/opt/ros/iron /usr/bin/cmake --build /home/mz/projects/ros/tutorials/basics/ros2_webots/build/robots_paths -- -j4 -l4
