[0.123s] Invoking command in '/home/mz/projects/ros/tutorials/basics/ros2_webots/build/robots_paths': CMAKE_PREFIX_PATH=${CMAKE_PREFIX_PATH}:/opt/ros/iron /usr/bin/cmake --build /home/mz/projects/ros/tutorials/basics/ros2_webots/build/robots_paths -- -j4 -l4
[0.200s] [35m[1mConsolidate compiler generated dependencies of target obstacle_avoider1[0m
[0.205s] [35m[1mConsolidate compiler generated dependencies of target obstacle_avoider2[0m
[0.245s] [ 16%] [32mBuilding CXX object CMakeFiles/obstacle_avoider1.dir/src/ObstacleAvoider1.cpp.o[0m
[0.255s] [ 50%] Built target robots_paths
[0.256s] [ 66%] [32mBuilding CXX object CMakeFiles/obstacle_avoider2.dir/src/ObstacleAvoider2.cpp.o[0m
[4.367s] [01m[K/home/mz/projects/ros/tutorials/basics/ros2_webots/src/robots_paths/src/ObstacleAvoider1.cpp:[m[K In constructor â€˜[01m[KObstacleAvoider1::ObstacleAvoider1(const string&, const string&, const string&)[m[Kâ€™:
[4.368s] [01m[K/home/mz/projects/ros/tutorials/basics/ros2_webots/src/robots_paths/src/ObstacleAvoider1.cpp:27:3:[m[K [01;31m[Kerror: [m[Kâ€˜[01m[Ktimer_[m[Kâ€™ was not declared in this scope; did you mean â€˜[01m[Ktimer_t[m[Kâ€™?
[4.368s]    27 |   [01;31m[Ktimer_[m[K = this->create_wall_timer(100ms, std::bind(&ObstacleAvoider1::timerCallback, this));
[4.368s]       |   [01;31m[K^~~~~~[m[K
[4.368s]       |   [32m[Ktimer_t[m[K
[4.368s] [01m[K/home/mz/projects/ros/tutorials/basics/ros2_webots/src/robots_paths/src/ObstacleAvoider1.cpp:27:36:[m[K [01;31m[Kerror: [m[Kunable to find numeric literal operator â€˜[01m[Koperator""ms[m[Kâ€™
[4.368s]    27 |   timer_ = this->create_wall_timer([01;31m[K100ms[m[K, std::bind(&ObstacleAvoider1::timerCallback, this));
[4.368s]       |                                    [01;31m[K^~~~~[m[K
[4.385s] [01m[K/home/mz/projects/ros/tutorials/basics/ros2_webots/src/robots_paths/src/ObstacleAvoider1.cpp:[m[K In member function â€˜[01m[Kvoid ObstacleAvoider1::timerCallback()[m[Kâ€™:
[4.385s] [01m[K/home/mz/projects/ros/tutorials/basics/ros2_webots/src/robots_paths/src/ObstacleAvoider1.cpp:81:41:[m[K [01;31m[Kerror: [m[Kunable to find numeric literal operator â€˜[01m[Koperator""ms[m[Kâ€™
[4.385s]    81 |                 this->create_wall_timer([01;31m[K2000ms[m[K, [this]() {
[4.385s]       |                                         [01;31m[K^~~~~~[m[K
[7.157s] gmake[2]: *** [CMakeFiles/obstacle_avoider1.dir/build.make:76: CMakeFiles/obstacle_avoider1.dir/src/ObstacleAvoider1.cpp.o] Error 1
[7.157s] gmake[1]: *** [CMakeFiles/Makefile2:141: CMakeFiles/obstacle_avoider1.dir/all] Error 2
[7.157s] gmake[1]: *** Waiting for unfinished jobs....
[10.793s] [ 83%] [32m[1mLinking CXX executable obstacle_avoider2[0m
[11.347s] [ 83%] Built target obstacle_avoider2
[11.349s] gmake: *** [Makefile:146: all] Error 2
[11.352s] Invoked command in '/home/mz/projects/ros/tutorials/basics/ros2_webots/build/robots_paths' returned '2': CMAKE_PREFIX_PATH=${CMAKE_PREFIX_PATH}:/opt/ros/iron /usr/bin/cmake --build /home/mz/projects/ros/tutorials/basics/ros2_webots/build/robots_paths -- -j4 -l4
