[35m[1mConsolidate compiler generated dependencies of target obstacle_avoider1[0m
[35m[1mConsolidate compiler generated dependencies of target obstacle_avoider2[0m
[ 33%] Built target obstacle_avoider2
[ 50%] [32mBuilding CXX object CMakeFiles/obstacle_avoider1.dir/src/ObstacleAvoider1.cpp.o[0m
[ 83%] Built target robots_paths
[01m[K/home/mz/projects/ros/tutorials/basics/ros2_webots/src/robots_paths/src/ObstacleAvoider1.cpp:[m[K In member function â€˜[01m[Kvoid ObstacleAvoider1::updateDistance()[m[Kâ€™:
[01m[K/home/mz/projects/ros/tutorials/basics/ros2_webots/src/robots_paths/src/ObstacleAvoider1.cpp:74:18:[m[K [01;31m[Kerror: [m[Kâ€˜[01m[KisMoving[m[Kâ€™ was not declared in this scope
   74 |             if (![01;31m[KisMoving[m[K) {
      |                  [01;31m[K^~~~~~~~[m[K
[01m[K/home/mz/projects/ros/tutorials/basics/ros2_webots/src/robots_paths/src/ObstacleAvoider1.cpp:80:13:[m[K [01;31m[Kerror: [m[Kâ€˜[01m[KisMoving[m[Kâ€™ was not declared in this scope
   80 |             [01;31m[KisMoving[m[K = false;
      |             [01;31m[K^~~~~~~~[m[K
[01m[K/home/mz/projects/ros/tutorials/basics/ros2_webots/src/robots_paths/src/ObstacleAvoider1.cpp:84:13:[m[K [01;31m[Kerror: [m[Kâ€˜[01m[KisMoving[m[Kâ€™ was not declared in this scope
   84 |         if ([01;31m[KisMoving[m[K) {
      |             [01;31m[K^~~~~~~~[m[K
[01m[K/home/mz/projects/ros/tutorials/basics/ros2_webots/src/robots_paths/src/ObstacleAvoider1.cpp:106:13:[m[K [01;31m[Kerror: [m[Kâ€˜[01m[KisMoving[m[Kâ€™ was not declared in this scope
  106 |             [01;31m[KisMoving[m[K = false; // Reset moving flag as we're turning now
      |             [01;31m[K^~~~~~~~[m[K
gmake[2]: *** [CMakeFiles/obstacle_avoider1.dir/build.make:76: CMakeFiles/obstacle_avoider1.dir/src/ObstacleAvoider1.cpp.o] Error 1
gmake[1]: *** [CMakeFiles/Makefile2:141: CMakeFiles/obstacle_avoider1.dir/all] Error 2
gmake: *** [Makefile:146: all] Error 2
