[01m[K/home/mz/projects/ros/tutorials/basics/ros2_webots/src/robots_paths/src/ObstacleAvoider1.cpp:[m[K In member function â€˜[01m[Kvoid ObstacleAvoider1::turn180()[m[Kâ€™:
[01m[K/home/mz/projects/ros/tutorials/basics/ros2_webots/src/robots_paths/src/ObstacleAvoider1.cpp:126:40:[m[K [01;31m[Kerror: [m[Kâ€˜[01m[Kdistance_traveled[m[Kâ€™ was not declared in this scope; did you mean â€˜[01m[Kdistance_traveled_[m[Kâ€™?
  126 |   if (state_==State::TURNING_AROUND || [01;31m[Kdistance_traveled[m[K >= TRAVEL_DISTANCE || duration_since_start_turning < turn_duration){
      |                                        [01;31m[K^~~~~~~~~~~~~~~~~[m[K
      |                                        [32m[Kdistance_traveled_[m[K
gmake[2]: *** [CMakeFiles/obstacle_avoider1.dir/build.make:76: CMakeFiles/obstacle_avoider1.dir/src/ObstacleAvoider1.cpp.o] Error 1
gmake[1]: *** [CMakeFiles/Makefile2:141: CMakeFiles/obstacle_avoider1.dir/all] Error 2
gmake[1]: *** Waiting for unfinished jobs....
gmake: *** [Makefile:146: all] Error 2
