[0.117s] Invoking command in '/home/mz/projects/ros/tutorials/basics/ros2_webots/build/robots_paths': CMAKE_PREFIX_PATH=${CMAKE_PREFIX_PATH}:/opt/ros/iron /usr/bin/cmake --build /home/mz/projects/ros/tutorials/basics/ros2_webots/build/robots_paths -- -j4 -l4
[0.213s] [35m[1mConsolidate compiler generated dependencies of target obstacle_avoider2[0m
[0.214s] [35m[1mConsolidate compiler generated dependencies of target obstacle_avoider1[0m
[0.265s] [ 33%] Built target robots_paths
[0.268s] [ 50%] [32mBuilding CXX object CMakeFiles/obstacle_avoider1.dir/src/ObstacleAvoider1.cpp.o[0m
[0.286s] [ 66%] [32mBuilding CXX object CMakeFiles/obstacle_avoider2.dir/src/ObstacleAvoider2.cpp.o[0m
[4.779s] [01m[K/home/mz/projects/ros/tutorials/basics/ros2_webots/src/robots_paths/src/ObstacleAvoider1.cpp:[m[K In member function â€˜[01m[Kvoid ObstacleAvoider1::turn180()[m[Kâ€™:
[4.779s] [01m[K/home/mz/projects/ros/tutorials/basics/ros2_webots/src/robots_paths/src/ObstacleAvoider1.cpp:88:97:[m[K [01;31m[Kerror: [m[Kno match for â€˜[01m[Koperator<[m[Kâ€™ (operand types are â€˜[01m[Krclcpp::Time[m[Kâ€™ and â€˜[01m[Krclcpp::Duration[m[Kâ€™)
[4.780s]    88 |   if (state_==State::TURNING_AROUND || distance_traveled >= TRAVEL_DISTANCE || [32m[Kturn_start_time_[m[K [01;31m[K<[m[K [34m[Kturn_duration[m[K){
[4.780s]       |                                                                                [32m[K~~~~~~~~~~~~~~~~[m[K [01;31m[K^[m[K [34m[K~~~~~~~~~~~~~[m[K
[4.780s]       |                                                                                [32m[K|[m[K                  [34m[K|[m[K
[4.780s]       |                                                                                [32m[Krclcpp::Time[m[K       [34m[Krclcpp::Duration[m[K
[4.780s] In file included from [01m[K/opt/ros/iron/include/rclcpp/rclcpp/clock.hpp:24[m[K,
[4.780s]                  from [01m[K/opt/ros/iron/include/rclcpp/rclcpp/client.hpp:38[m[K,
[4.780s]                  from [01m[K/opt/ros/iron/include/rclcpp/rclcpp/callback_group.hpp:24[m[K,
[4.781s]                  from [01m[K/opt/ros/iron/include/rclcpp/rclcpp/any_executable.hpp:20[m[K,
[4.781s]                  from [01m[K/opt/ros/iron/include/rclcpp/rclcpp/memory_strategy.hpp:25[m[K,
[4.781s]                  from [01m[K/opt/ros/iron/include/rclcpp/rclcpp/memory_strategies.hpp:18[m[K,
[4.781s]                  from [01m[K/opt/ros/iron/include/rclcpp/rclcpp/executor_options.hpp:20[m[K,
[4.781s]                  from [01m[K/opt/ros/iron/include/rclcpp/rclcpp/executor.hpp:37[m[K,
[4.781s]                  from [01m[K/opt/ros/iron/include/rclcpp/rclcpp/executors/multi_threaded_executor.hpp:25[m[K,
[4.781s]                  from [01m[K/opt/ros/iron/include/rclcpp/rclcpp/executors.hpp:21[m[K,
[4.782s]                  from [01m[K/opt/ros/iron/include/rclcpp/rclcpp/rclcpp.hpp:167[m[K,
[4.782s]                  from [01m[K/home/mz/projects/ros/tutorials/basics/ros2_webots/src/robots_paths/include/robots_paths/ObstacleAvoider.hpp:4[m[K,
[4.782s]                  from [01m[K/home/mz/projects/ros/tutorials/basics/ros2_webots/src/robots_paths/src/ObstacleAvoider1.cpp:1[m[K:
[4.782s] [01m[K/opt/ros/iron/include/rclcpp/rclcpp/time.hpp:119:3:[m[K [01;36m[Knote: [m[Kcandidate: â€˜[01m[Kbool rclcpp::Time::operator<(const rclcpp::Time&) const[m[Kâ€™
[4.782s]   119 |   [01;36m[Koperator[m[K<(const rclcpp::Time & rhs) const;
[4.782s]       |   [01;36m[K^~~~~~~~[m[K
[4.783s] [01m[K/opt/ros/iron/include/rclcpp/rclcpp/time.hpp:119:34:[m[K [01;36m[Knote: [m[K  no known conversion for argument 1 from â€˜[01m[Krclcpp::Duration[m[Kâ€™ to â€˜[01m[Kconst rclcpp::Time&[m[Kâ€™
[4.783s]   119 |   operator<([01;36m[Kconst rclcpp::Time & rhs[m[K) const;
[4.783s]       |             [01;36m[K~~~~~~~~~~~~~~~~~~~~~^~~[m[K
[7.887s] gmake[2]: *** [CMakeFiles/obstacle_avoider1.dir/build.make:76: CMakeFiles/obstacle_avoider1.dir/src/ObstacleAvoider1.cpp.o] Error 1
[7.889s] gmake[1]: *** [CMakeFiles/Makefile2:141: CMakeFiles/obstacle_avoider1.dir/all] Error 2
[7.889s] gmake[1]: *** Waiting for unfinished jobs....
[11.331s] [ 83%] [32m[1mLinking CXX executable obstacle_avoider2[0m
[12.276s] [ 83%] Built target obstacle_avoider2
[12.279s] gmake: *** [Makefile:146: all] Error 2
[12.284s] Invoked command in '/home/mz/projects/ros/tutorials/basics/ros2_webots/build/robots_paths' returned '2': CMAKE_PREFIX_PATH=${CMAKE_PREFIX_PATH}:/opt/ros/iron /usr/bin/cmake --build /home/mz/projects/ros/tutorials/basics/ros2_webots/build/robots_paths -- -j4 -l4
