[0.126s] Invoking command in '/home/mz/projects/ros/tutorials/basics/ros2_webots/build/robots_paths': CMAKE_PREFIX_PATH=${CMAKE_PREFIX_PATH}:/opt/ros/iron /usr/bin/cmake --build /home/mz/projects/ros/tutorials/basics/ros2_webots/build/robots_paths -- -j4 -l4
[0.195s] [35m[1mConsolidate compiler generated dependencies of target robots_paths[0m
[0.222s] [ 33%] Built target obstacle_avoider2
[0.224s] [ 66%] Built target obstacle_avoider1
[0.236s] [ 83%] [32mBuilding CXX object CMakeFiles/robots_paths.dir/src/MyRobotDriver.cpp.o[0m
[4.242s] In file included from [01m[K/home/mz/projects/ros/tutorials/basics/ros2_webots/src/robots_paths/src/MyRobotDriver.cpp:1[m[K:
[4.243s] [01m[K/home/mz/projects/ros/tutorials/basics/ros2_webots/src/robots_paths/include/robots_paths/MyRobotDriver.hpp:36:3:[m[K [01;31m[Kerror: [m[Kâ€˜[01m[KRobotState[m[Kâ€™ does not name a type
[4.243s]    36 |   [01;31m[KRobotState[m[K state = MOVING_STRAIGHT;
[4.243s]       |   [01;31m[K^~~~~~~~~~[m[K
[4.268s] [01m[K/home/mz/projects/ros/tutorials/basics/ros2_webots/src/robots_paths/src/MyRobotDriver.cpp:[m[K In member function â€˜[01m[Kvirtual void my_robot_driver1::MyRobotDriver1::step()[m[Kâ€™:
[4.268s] [01m[K/home/mz/projects/ros/tutorials/basics/ros2_webots/src/robots_paths/src/MyRobotDriver.cpp:65:13:[m[K [01;31m[Kerror: [m[Kâ€˜[01m[Kstate[m[Kâ€™ was not declared in this scope; did you mean â€˜[01m[K_xstate[m[Kâ€™?
[4.269s]    65 |     switch ([01;31m[Kstate[m[K) {
[4.269s]       |             [01;31m[K^~~~~[m[K
[4.269s]       |             [32m[K_xstate[m[K
[7.406s] gmake[2]: *** [CMakeFiles/robots_paths.dir/build.make:76: CMakeFiles/robots_paths.dir/src/MyRobotDriver.cpp.o] Error 1
[7.406s] gmake[1]: *** [CMakeFiles/Makefile2:193: CMakeFiles/robots_paths.dir/all] Error 2
[7.406s] gmake: *** [Makefile:146: all] Error 2
[7.409s] Invoked command in '/home/mz/projects/ros/tutorials/basics/ros2_webots/build/robots_paths' returned '2': CMAKE_PREFIX_PATH=${CMAKE_PREFIX_PATH}:/opt/ros/iron /usr/bin/cmake --build /home/mz/projects/ros/tutorials/basics/ros2_webots/build/robots_paths -- -j4 -l4
