[0.153s] Invoking command in '/home/mz/projects/ros/tutorials/basics/ros2_webots/build/robots_paths': CMAKE_PREFIX_PATH=${CMAKE_PREFIX_PATH}:/opt/ros/iron /usr/bin/cmake --build /home/mz/projects/ros/tutorials/basics/ros2_webots/build/robots_paths -- -j4 -l4
[0.235s] [35m[1mConsolidate compiler generated dependencies of target obstacle_avoider1[0m
[0.263s] [ 33%] Built target robots_paths
[0.265s] [ 50%] [32mBuilding CXX object CMakeFiles/obstacle_avoider2.dir/src/ObstacleAvoider2.cpp.o[0m
[0.270s] [ 66%] [32mBuilding CXX object CMakeFiles/obstacle_avoider1.dir/src/ObstacleAvoider1.cpp.o[0m
[5.287s] [01m[K/home/mz/projects/ros/tutorials/basics/ros2_webots/src/robots_paths/src/ObstacleAvoider1.cpp:[m[K In constructor â€˜[01m[KObstacleAvoider1::ObstacleAvoider1(const string&, const string&, const string&)[m[Kâ€™:
[5.287s] [01m[K/home/mz/projects/ros/tutorials/basics/ros2_webots/src/robots_paths/src/ObstacleAvoider1.cpp:17:42:[m[K [01;31m[Kerror: [m[Kâ€˜[01m[KMOVING_FORWARD[m[Kâ€™ was not declared in this scope
[5.287s]    17 |                                   state_([01;31m[KMOVING_FORWARD[m[K) {
[5.287s]       |                                          [01;31m[K^~~~~~~~~~~~~~[m[K
[5.324s] [01m[K/home/mz/projects/ros/tutorials/basics/ros2_webots/src/robots_paths/src/ObstacleAvoider1.cpp:[m[K In member function â€˜[01m[Kvoid ObstacleAvoider1::updateDistance(double)[m[Kâ€™:
[5.324s] [01m[K/home/mz/projects/ros/tutorials/basics/ros2_webots/src/robots_paths/src/ObstacleAvoider1.cpp:59:17:[m[K [01;31m[Kerror: [m[Kâ€˜[01m[Kcommand_message[m[Kâ€™ was not declared in this scope
[5.324s]    59 |   if (std::fabs([01;31m[Kcommand_message[m[K->linear.x) < epsilon){
[5.324s]       |                 [01;31m[K^~~~~~~~~~~~~~~[m[K
[5.339s] [01m[K/home/mz/projects/ros/tutorials/basics/ros2_webots/src/robots_paths/src/ObstacleAvoider1.cpp:[m[K In member function â€˜[01m[Kvoid ObstacleAvoider1::updateRobotBehavior()[m[Kâ€™:
[5.339s] [01m[K/home/mz/projects/ros/tutorials/basics/ros2_webots/src/robots_paths/src/ObstacleAvoider1.cpp:116:48:[m[K [01;31m[Kerror: [m[Kexpected â€˜[01m[K;[m[Kâ€™ before â€˜[01m[Kif[m[Kâ€™
[5.340s]   116 |       updateDistance(command_message->linear.x)
[5.340s]       |                                                [01;31m[K^[m[K
[5.340s]       |                                                [32m[K;[m[K
[5.340s]   117 | 
[5.340s]   118 |       [32m[Kif[m[K (distance_traveled >= TRAVEL_DISTANCE || left_sensor_value < 0.9 * MAX_RANGE || right_sensor_value < 0.9 * MAX_RANGE) {
[5.340s]       |       [32m[K~~[m[K                                        
[5.341s] [01m[K/home/mz/projects/ros/tutorials/basics/ros2_webots/src/robots_paths/src/ObstacleAvoider1.cpp:147:48:[m[K [01;31m[Kerror: [m[Kexpected â€˜[01m[K;[m[Kâ€™ before â€˜[01m[K}[m[Kâ€™ token
[5.341s]   147 |       updateDistance(command_message->linear.x)
[5.341s]       |                                                [01;31m[K^[m[K
[5.341s]       |                                                [32m[K;[m[K
[5.341s]   148 |     [32m[K}[m[K
[5.341s]       |     [32m[K~[m[K                                           
[8.402s] gmake[2]: *** [CMakeFiles/obstacle_avoider1.dir/build.make:76: CMakeFiles/obstacle_avoider1.dir/src/ObstacleAvoider1.cpp.o] Error 1
[8.402s] gmake[1]: *** [CMakeFiles/Makefile2:141: CMakeFiles/obstacle_avoider1.dir/all] Error 2
[8.403s] gmake[1]: *** Waiting for unfinished jobs....
[11.856s] [ 83%] [32m[1mLinking CXX executable obstacle_avoider2[0m
[12.454s] [ 83%] Built target obstacle_avoider2
[12.455s] gmake: *** [Makefile:146: all] Error 2
[12.458s] Invoked command in '/home/mz/projects/ros/tutorials/basics/ros2_webots/build/robots_paths' returned '2': CMAKE_PREFIX_PATH=${CMAKE_PREFIX_PATH}:/opt/ros/iron /usr/bin/cmake --build /home/mz/projects/ros/tutorials/basics/ros2_webots/build/robots_paths -- -j4 -l4
