Start testing: Dec 03 15:43 CET
----------------------------------------------------------
1/6 Testing: copyright
1/6 Test: copyright
Command: "/usr/bin/python3.10" "-u" "/opt/ros/iron/share/ament_cmake_test/cmake/run_test.py" "/home/mz/projects/ros/tutorials/basics/ros2_ws/build/examples_rclcpp_async_client/test_results/examples_rclcpp_async_client/copyright.xunit.xml" "--package-name" "examples_rclcpp_async_client" "--output-file" "/home/mz/projects/ros/tutorials/basics/ros2_ws/build/examples_rclcpp_async_client/ament_copyright/copyright.txt" "--command" "/opt/ros/iron/bin/ament_copyright" "--xunit-file" "/home/mz/projects/ros/tutorials/basics/ros2_ws/build/examples_rclcpp_async_client/test_results/examples_rclcpp_async_client/copyright.xunit.xml"
Directory: /home/mz/projects/ros/tutorials/basics/ros2_ws/src/examples/rclcpp/services/async_client
"copyright" start time: Dec 03 15:43 CET
Output:
----------------------------------------------------------
-- run_test.py: invoking following command in '/home/mz/projects/ros/tutorials/basics/ros2_ws/src/examples/rclcpp/services/async_client':
 - /opt/ros/iron/bin/ament_copyright --xunit-file /home/mz/projects/ros/tutorials/basics/ros2_ws/build/examples_rclcpp_async_client/test_results/examples_rclcpp_async_client/copyright.xunit.xml
No problems found, checked 1 files
-- run_test.py: return code 0
-- run_test.py: verify result file '/home/mz/projects/ros/tutorials/basics/ros2_ws/build/examples_rclcpp_async_client/test_results/examples_rclcpp_async_client/copyright.xunit.xml'
<end of output>
Test time =   0.40 sec
----------------------------------------------------------
Test Passed.
"copyright" end time: Dec 03 15:43 CET
"copyright" time elapsed: 00:00:00
----------------------------------------------------------

2/6 Testing: cppcheck
2/6 Test: cppcheck
Command: "/usr/bin/python3.10" "-u" "/opt/ros/iron/share/ament_cmake_test/cmake/run_test.py" "/home/mz/projects/ros/tutorials/basics/ros2_ws/build/examples_rclcpp_async_client/test_results/examples_rclcpp_async_client/cppcheck.xunit.xml" "--package-name" "examples_rclcpp_async_client" "--output-file" "/home/mz/projects/ros/tutorials/basics/ros2_ws/build/examples_rclcpp_async_client/ament_cppcheck/cppcheck.txt" "--command" "/opt/ros/iron/bin/ament_cppcheck" "--xunit-file" "/home/mz/projects/ros/tutorials/basics/ros2_ws/build/examples_rclcpp_async_client/test_results/examples_rclcpp_async_client/cppcheck.xunit.xml"
Directory: /home/mz/projects/ros/tutorials/basics/ros2_ws/src/examples/rclcpp/services/async_client
"cppcheck" start time: Dec 03 15:43 CET
Output:
----------------------------------------------------------
-- run_test.py: invoking following command in '/home/mz/projects/ros/tutorials/basics/ros2_ws/src/examples/rclcpp/services/async_client':
 - /opt/ros/iron/bin/ament_cppcheck --xunit-file /home/mz/projects/ros/tutorials/basics/ros2_ws/build/examples_rclcpp_async_client/test_results/examples_rclcpp_async_client/cppcheck.xunit.xml
cppcheck 2.7 has known performance issues and therefore will not be used, set the AMENT_CPPCHECK_ALLOW_SLOW_VERSIONS environment variable to override this.
-- run_test.py: return code 0
-- run_test.py: verify result file '/home/mz/projects/ros/tutorials/basics/ros2_ws/build/examples_rclcpp_async_client/test_results/examples_rclcpp_async_client/cppcheck.xunit.xml'
<end of output>
Test time =   0.26 sec
----------------------------------------------------------
Test Passed.
"cppcheck" end time: Dec 03 15:43 CET
"cppcheck" time elapsed: 00:00:00
----------------------------------------------------------

3/6 Testing: cpplint
3/6 Test: cpplint
Command: "/usr/bin/python3.10" "-u" "/opt/ros/iron/share/ament_cmake_test/cmake/run_test.py" "/home/mz/projects/ros/tutorials/basics/ros2_ws/build/examples_rclcpp_async_client/test_results/examples_rclcpp_async_client/cpplint.xunit.xml" "--package-name" "examples_rclcpp_async_client" "--output-file" "/home/mz/projects/ros/tutorials/basics/ros2_ws/build/examples_rclcpp_async_client/ament_cpplint/cpplint.txt" "--command" "/opt/ros/iron/bin/ament_cpplint" "--xunit-file" "/home/mz/projects/ros/tutorials/basics/ros2_ws/build/examples_rclcpp_async_client/test_results/examples_rclcpp_async_client/cpplint.xunit.xml"
Directory: /home/mz/projects/ros/tutorials/basics/ros2_ws/src/examples/rclcpp/services/async_client
"cpplint" start time: Dec 03 15:43 CET
Output:
----------------------------------------------------------
-- run_test.py: invoking following command in '/home/mz/projects/ros/tutorials/basics/ros2_ws/src/examples/rclcpp/services/async_client':
 - /opt/ros/iron/bin/ament_cpplint --xunit-file /home/mz/projects/ros/tutorials/basics/ros2_ws/build/examples_rclcpp_async_client/test_results/examples_rclcpp_async_client/cpplint.xunit.xml
Using '--root=..' argument

Done processing /home/mz/projects/ros/tutorials/basics/ros2_ws/src/examples/rclcpp/services/async_client/main.cpp

No problems found
-- run_test.py: return code 0
-- run_test.py: verify result file '/home/mz/projects/ros/tutorials/basics/ros2_ws/build/examples_rclcpp_async_client/test_results/examples_rclcpp_async_client/cpplint.xunit.xml'
<end of output>
Test time =   0.39 sec
----------------------------------------------------------
Test Passed.
"cpplint" end time: Dec 03 15:43 CET
"cpplint" time elapsed: 00:00:00
----------------------------------------------------------

4/6 Testing: lint_cmake
4/6 Test: lint_cmake
Command: "/usr/bin/python3.10" "-u" "/opt/ros/iron/share/ament_cmake_test/cmake/run_test.py" "/home/mz/projects/ros/tutorials/basics/ros2_ws/build/examples_rclcpp_async_client/test_results/examples_rclcpp_async_client/lint_cmake.xunit.xml" "--package-name" "examples_rclcpp_async_client" "--output-file" "/home/mz/projects/ros/tutorials/basics/ros2_ws/build/examples_rclcpp_async_client/ament_lint_cmake/lint_cmake.txt" "--command" "/opt/ros/iron/bin/ament_lint_cmake" "--xunit-file" "/home/mz/projects/ros/tutorials/basics/ros2_ws/build/examples_rclcpp_async_client/test_results/examples_rclcpp_async_client/lint_cmake.xunit.xml"
Directory: /home/mz/projects/ros/tutorials/basics/ros2_ws/src/examples/rclcpp/services/async_client
"lint_cmake" start time: Dec 03 15:43 CET
Output:
----------------------------------------------------------
-- run_test.py: invoking following command in '/home/mz/projects/ros/tutorials/basics/ros2_ws/src/examples/rclcpp/services/async_client':
 - /opt/ros/iron/bin/ament_lint_cmake --xunit-file /home/mz/projects/ros/tutorials/basics/ros2_ws/build/examples_rclcpp_async_client/test_results/examples_rclcpp_async_client/lint_cmake.xunit.xml

No problems found
-- run_test.py: return code 0
-- run_test.py: verify result file '/home/mz/projects/ros/tutorials/basics/ros2_ws/build/examples_rclcpp_async_client/test_results/examples_rclcpp_async_client/lint_cmake.xunit.xml'
<end of output>
Test time =   0.24 sec
----------------------------------------------------------
Test Passed.
"lint_cmake" end time: Dec 03 15:43 CET
"lint_cmake" time elapsed: 00:00:00
----------------------------------------------------------

5/6 Testing: uncrustify
5/6 Test: uncrustify
Command: "/usr/bin/python3.10" "-u" "/opt/ros/iron/share/ament_cmake_test/cmake/run_test.py" "/home/mz/projects/ros/tutorials/basics/ros2_ws/build/examples_rclcpp_async_client/test_results/examples_rclcpp_async_client/uncrustify.xunit.xml" "--package-name" "examples_rclcpp_async_client" "--output-file" "/home/mz/projects/ros/tutorials/basics/ros2_ws/build/examples_rclcpp_async_client/ament_uncrustify/uncrustify.txt" "--command" "/opt/ros/iron/bin/ament_uncrustify" "--xunit-file" "/home/mz/projects/ros/tutorials/basics/ros2_ws/build/examples_rclcpp_async_client/test_results/examples_rclcpp_async_client/uncrustify.xunit.xml"
Directory: /home/mz/projects/ros/tutorials/basics/ros2_ws/src/examples/rclcpp/services/async_client
"uncrustify" start time: Dec 03 15:43 CET
Output:
----------------------------------------------------------
-- run_test.py: invoking following command in '/home/mz/projects/ros/tutorials/basics/ros2_ws/src/examples/rclcpp/services/async_client':
 - /opt/ros/iron/bin/ament_uncrustify --xunit-file /home/mz/projects/ros/tutorials/basics/ros2_ws/build/examples_rclcpp_async_client/test_results/examples_rclcpp_async_client/uncrustify.xunit.xml
No code style divergence in file 'main.cpp'

No problems found
-- run_test.py: return code 0
-- run_test.py: verify result file '/home/mz/projects/ros/tutorials/basics/ros2_ws/build/examples_rclcpp_async_client/test_results/examples_rclcpp_async_client/uncrustify.xunit.xml'
<end of output>
Test time =   0.27 sec
----------------------------------------------------------
Test Passed.
"uncrustify" end time: Dec 03 15:43 CET
"uncrustify" time elapsed: 00:00:00
----------------------------------------------------------

6/6 Testing: xmllint
6/6 Test: xmllint
Command: "/usr/bin/python3.10" "-u" "/opt/ros/iron/share/ament_cmake_test/cmake/run_test.py" "/home/mz/projects/ros/tutorials/basics/ros2_ws/build/examples_rclcpp_async_client/test_results/examples_rclcpp_async_client/xmllint.xunit.xml" "--package-name" "examples_rclcpp_async_client" "--output-file" "/home/mz/projects/ros/tutorials/basics/ros2_ws/build/examples_rclcpp_async_client/ament_xmllint/xmllint.txt" "--command" "/opt/ros/iron/bin/ament_xmllint" "--xunit-file" "/home/mz/projects/ros/tutorials/basics/ros2_ws/build/examples_rclcpp_async_client/test_results/examples_rclcpp_async_client/xmllint.xunit.xml"
Directory: /home/mz/projects/ros/tutorials/basics/ros2_ws/src/examples/rclcpp/services/async_client
"xmllint" start time: Dec 03 15:43 CET
Output:
----------------------------------------------------------
-- run_test.py: invoking following command in '/home/mz/projects/ros/tutorials/basics/ros2_ws/src/examples/rclcpp/services/async_client':
 - /opt/ros/iron/bin/ament_xmllint --xunit-file /home/mz/projects/ros/tutorials/basics/ros2_ws/build/examples_rclcpp_async_client/test_results/examples_rclcpp_async_client/xmllint.xunit.xml
File 'package.xml' is valid

No problems found
-- run_test.py: return code 0
-- run_test.py: verify result file '/home/mz/projects/ros/tutorials/basics/ros2_ws/build/examples_rclcpp_async_client/test_results/examples_rclcpp_async_client/xmllint.xunit.xml'
<end of output>
Test time =   1.46 sec
----------------------------------------------------------
Test Passed.
"xmllint" end time: Dec 03 15:43 CET
"xmllint" time elapsed: 00:00:01
----------------------------------------------------------

End testing: Dec 03 15:43 CET

copyright =   0.40 sec*proc

cppcheck =   0.26 sec*proc

cpplint =   0.39 sec*proc

lint_cmake =   0.24 sec*proc

linter =   3.03 sec*proc

uncrustify =   0.27 sec*proc

xmllint =   1.46 sec*proc

