[0.092s] Invoking command in '/home/mz/projects/ros/tutorials/basics/ros2_webots/build/robots_paths': CMAKE_PREFIX_PATH=${CMAKE_PREFIX_PATH}:/opt/ros/iron /usr/bin/cmake --build /home/mz/projects/ros/tutorials/basics/ros2_webots/build/robots_paths -- -j4 -l4
[0.158s] [35m[1mConsolidate compiler generated dependencies of target robots_paths[0m
[0.176s] [ 33%] Built target obstacle_avoider1
[0.181s] [ 66%] Built target obstacle_avoider2
[0.200s] [ 83%] [32mBuilding CXX object CMakeFiles/robots_paths.dir/src/MyRobotDriver.cpp.o[0m
[3.697s] [01m[K/home/mz/projects/ros/tutorials/basics/ros2_webots/src/robots_paths/src/MyRobotDriver.cpp:53:22:[m[K [01;31m[Kerror: [m[Kexpected unqualified-id before â€˜[01m[Kvoid[m[Kâ€™
[3.698s]    53 | void MyRobotDriver1::[01;31m[Kvoid[m[K void step() {
[3.698s]       |                      [01;31m[K^~~~[m[K
[3.703s] [01m[K/home/mz/projects/ros/tutorials/basics/ros2_webots/src/robots_paths/src/MyRobotDriver.cpp:[m[K In function â€˜[01m[Kvoid my_robot_driver1::setVelocity(double, double)[m[Kâ€™:
[3.703s] [01m[K/home/mz/projects/ros/tutorials/basics/ros2_webots/src/robots_paths/src/MyRobotDriver.cpp:80:31:[m[K [01;31m[Kerror: [m[Kâ€˜[01m[Kleft_motor[m[Kâ€™ was not declared in this scope
[3.703s]    80 |         wb_motor_set_velocity([01;31m[Kleft_motor[m[K, left_speed);
[3.704s]       |                               [01;31m[K^~~~~~~~~~[m[K
[3.709s] [01m[K/home/mz/projects/ros/tutorials/basics/ros2_webots/src/robots_paths/src/MyRobotDriver.cpp:81:31:[m[K [01;31m[Kerror: [m[Kâ€˜[01m[Kright_motor[m[Kâ€™ was not declared in this scope
[3.709s]    81 |         wb_motor_set_velocity([01;31m[Kright_motor[m[K, right_speed);
[3.709s]       |                               [01;31m[K^~~~~~~~~~~[m[K
[6.670s] gmake[2]: *** [CMakeFiles/robots_paths.dir/build.make:76: CMakeFiles/robots_paths.dir/src/MyRobotDriver.cpp.o] Error 1
[6.670s] gmake[1]: *** [CMakeFiles/Makefile2:193: CMakeFiles/robots_paths.dir/all] Error 2
[6.670s] gmake: *** [Makefile:146: all] Error 2
[6.674s] Invoked command in '/home/mz/projects/ros/tutorials/basics/ros2_webots/build/robots_paths' returned '2': CMAKE_PREFIX_PATH=${CMAKE_PREFIX_PATH}:/opt/ros/iron /usr/bin/cmake --build /home/mz/projects/ros/tutorials/basics/ros2_webots/build/robots_paths -- -j4 -l4
