[35m[1mConsolidate compiler generated dependencies of target obstacle_avoider1[0m
[ 50%] [32mBuilding CXX object CMakeFiles/obstacle_avoider2.dir/src/ObstacleAvoider2.cpp.o[0m
[ 50%] Built target robots_paths
[ 66%] [32mBuilding CXX object CMakeFiles/obstacle_avoider1.dir/src/ObstacleAvoider1.cpp.o[0m
In file included from [01m[K/home/mz/projects/ros/tutorials/basics/ros2_webots/src/robots_paths/src/ObstacleAvoider1.cpp:1[m[K:
[01m[K/home/mz/projects/ros/tutorials/basics/ros2_webots/src/robots_paths/include/robots_paths/ObstacleAvoider.hpp:47:32:[m[K [01;31m[Kerror: [m[Kâ€˜[01m[Kturn_time_point[m[Kâ€™ was not declared in this scope
   47 |   rclcpp::Time turn_duration = [01;31m[Kturn_time_point[m[K(2, 0, RCL_SYSTEM_TIME);
      |                                [01;31m[K^~~~~~~~~~~~~~~[m[K
In file included from [01m[K/home/mz/projects/ros/tutorials/basics/ros2_webots/src/robots_paths/src/ObstacleAvoider2.cpp:1[m[K:
[01m[K/home/mz/projects/ros/tutorials/basics/ros2_webots/src/robots_paths/include/robots_paths/ObstacleAvoider.hpp:47:32:[m[K [01;31m[Kerror: [m[Kâ€˜[01m[Kturn_time_point[m[Kâ€™ was not declared in this scope
   47 |   rclcpp::Time turn_duration = [01;31m[Kturn_time_point[m[K(2, 0, RCL_SYSTEM_TIME);
      |                                [01;31m[K^~~~~~~~~~~~~~~[m[K
gmake[2]: *** [CMakeFiles/obstacle_avoider1.dir/build.make:76: CMakeFiles/obstacle_avoider1.dir/src/ObstacleAvoider1.cpp.o] Error 1
gmake[1]: *** [CMakeFiles/Makefile2:141: CMakeFiles/obstacle_avoider1.dir/all] Error 2
gmake[1]: *** Waiting for unfinished jobs....
gmake[2]: *** [CMakeFiles/obstacle_avoider2.dir/build.make:76: CMakeFiles/obstacle_avoider2.dir/src/ObstacleAvoider2.cpp.o] Error 1
gmake[1]: *** [CMakeFiles/Makefile2:167: CMakeFiles/obstacle_avoider2.dir/all] Error 2
gmake: *** [Makefile:146: all] Error 2
