[0.100s] Invoking command in '/home/mz/projects/ros/tutorials/basics/ros2_webots/build/robots_paths': CMAKE_PREFIX_PATH=${CMAKE_PREFIX_PATH}:/opt/ros/iron /usr/bin/cmake --build /home/mz/projects/ros/tutorials/basics/ros2_webots/build/robots_paths -- -j4 -l4
[0.188s] [35m[1mConsolidate compiler generated dependencies of target obstacle_avoider1[0m
[0.233s] [ 50%] [32mBuilding CXX object CMakeFiles/obstacle_avoider2.dir/src/ObstacleAvoider2.cpp.o[0m
[0.234s] [ 50%] Built target robots_paths
[0.256s] [ 66%] [32mBuilding CXX object CMakeFiles/obstacle_avoider1.dir/src/ObstacleAvoider1.cpp.o[0m
[4.313s] In file included from [01m[K/home/mz/projects/ros/tutorials/basics/ros2_webots/src/robots_paths/src/ObstacleAvoider1.cpp:1[m[K:
[4.313s] [01m[K/home/mz/projects/ros/tutorials/basics/ros2_webots/src/robots_paths/include/robots_paths/ObstacleAvoider.hpp:47:32:[m[K [01;31m[Kerror: [m[Kâ€˜[01m[Kturn_time_point[m[Kâ€™ was not declared in this scope
[4.313s]    47 |   rclcpp::Time turn_duration = [01;31m[Kturn_time_point[m[K(2, 0, RCL_SYSTEM_TIME);
[4.313s]       |                                [01;31m[K^~~~~~~~~~~~~~~[m[K
[4.524s] In file included from [01m[K/home/mz/projects/ros/tutorials/basics/ros2_webots/src/robots_paths/src/ObstacleAvoider2.cpp:1[m[K:
[4.524s] [01m[K/home/mz/projects/ros/tutorials/basics/ros2_webots/src/robots_paths/include/robots_paths/ObstacleAvoider.hpp:47:32:[m[K [01;31m[Kerror: [m[Kâ€˜[01m[Kturn_time_point[m[Kâ€™ was not declared in this scope
[4.524s]    47 |   rclcpp::Time turn_duration = [01;31m[Kturn_time_point[m[K(2, 0, RCL_SYSTEM_TIME);
[4.524s]       |                                [01;31m[K^~~~~~~~~~~~~~~[m[K
[7.685s] gmake[2]: *** [CMakeFiles/obstacle_avoider1.dir/build.make:76: CMakeFiles/obstacle_avoider1.dir/src/ObstacleAvoider1.cpp.o] Error 1
[7.686s] gmake[1]: *** [CMakeFiles/Makefile2:141: CMakeFiles/obstacle_avoider1.dir/all] Error 2
[7.686s] gmake[1]: *** Waiting for unfinished jobs....
[7.852s] gmake[2]: *** [CMakeFiles/obstacle_avoider2.dir/build.make:76: CMakeFiles/obstacle_avoider2.dir/src/ObstacleAvoider2.cpp.o] Error 1
[7.852s] gmake[1]: *** [CMakeFiles/Makefile2:167: CMakeFiles/obstacle_avoider2.dir/all] Error 2
[7.853s] gmake: *** [Makefile:146: all] Error 2
[7.855s] Invoked command in '/home/mz/projects/ros/tutorials/basics/ros2_webots/build/robots_paths' returned '2': CMAKE_PREFIX_PATH=${CMAKE_PREFIX_PATH}:/opt/ros/iron /usr/bin/cmake --build /home/mz/projects/ros/tutorials/basics/ros2_webots/build/robots_paths -- -j4 -l4
