[0.084s] Invoking command in '/home/mz/projects/ros/tutorials/basics/ros2_ws/build/more_interfaces': CMAKE_PREFIX_PATH=${CMAKE_PREFIX_PATH}:/home/mz/projects/ros/tutorials/basics/ros2_ws/install/launch_testing_examples:/home/mz/projects/ros/tutorials/basics/ros2_ws/install/examples_rclpy_pointcloud_publisher:/home/mz/projects/ros/tutorials/basics/ros2_ws/install/examples_rclpy_minimal_subscriber:/home/mz/projects/ros/tutorials/basics/ros2_ws/install/examples_rclpy_minimal_service:/home/mz/projects/ros/tutorials/basics/ros2_ws/install/examples_rclpy_minimal_publisher:/home/mz/projects/ros/tutorials/basics/ros2_ws/install/examples_rclpy_minimal_client:/home/mz/projects/ros/tutorials/basics/ros2_ws/install/examples_rclpy_minimal_action_server:/home/mz/projects/ros/tutorials/basics/ros2_ws/install/examples_rclpy_minimal_action_client:/home/mz/projects/ros/tutorials/basics/ros2_ws/install/examples_rclpy_guard_conditions:/home/mz/projects/ros/tutorials/basics/ros2_ws/install/examples_rclpy_executors:/opt/ros/iron /usr/bin/cmake --build /home/mz/projects/ros/tutorials/basics/ros2_ws/build/more_interfaces -- -j4 -l4
[0.118s] -- Found ament_cmake: 2.0.3 (/opt/ros/iron/share/ament_cmake/cmake)
[0.358s] -- Found rosidl_default_generators: 1.5.0 (/opt/ros/iron/share/rosidl_default_generators/cmake)
[0.365s] -- Using all available rosidl_typesupport_c: rosidl_typesupport_fastrtps_c;rosidl_typesupport_introspection_c
[0.403s] -- Using all available rosidl_typesupport_cpp: rosidl_typesupport_fastrtps_cpp;rosidl_typesupport_introspection_cpp
[0.437s] -- Found rosidl_adapter: 4.0.1 (/opt/ros/iron/share/rosidl_adapter/cmake)
[0.442s] -- Found ament_lint_auto: 0.14.2 (/opt/ros/iron/share/ament_lint_auto/cmake)
[0.837s] -- Found ament_cmake_ros: 0.11.2 (/opt/ros/iron/share/ament_cmake_ros/cmake)
[1.101s] -- Using all available rosidl_typesupport_c: rosidl_typesupport_fastrtps_c;rosidl_typesupport_introspection_c
[1.509s] -- Using all available rosidl_typesupport_cpp: rosidl_typesupport_fastrtps_cpp;rosidl_typesupport_introspection_cpp
[1.541s] -- Found python_cmake_module: 0.10.2 (/opt/ros/iron/share/python_cmake_module/cmake)
[1.573s] -- Using PYTHON_EXECUTABLE: /usr/bin/python3
[1.573s] -- Using PYTHON_INCLUDE_DIRS: /usr/include/python3.10
[1.573s] -- Using PYTHON_LIBRARIES: /usr/lib/x86_64-linux-gnu/libpython3.10.so
[1.596s] -- Found rclcpp: 21.0.4 (/opt/ros/iron/share/rclcpp/cmake)
[1.792s] -- Found rmw_implementation_cmake: 7.1.0 (/opt/ros/iron/share/rmw_implementation_cmake/cmake)
[1.795s] -- Found rmw_fastrtps_cpp: 7.1.2 (/opt/ros/iron/share/rmw_fastrtps_cpp/cmake)
[1.953s] -- Using RMW implementation 'rmw_fastrtps_cpp' as default
[2.188s] -- Added test 'cppcheck' to perform static code analysis on C / C++ code
[2.189s] -- Configured cppcheck include dirs: 
[2.189s] -- Configured cppcheck exclude dirs and/or files: 
[2.190s] -- Added test 'lint_cmake' to check CMake code style
[2.191s] -- Added test 'uncrustify' to check C / C++ code style
[2.191s] -- Configured uncrustify additional arguments: 
[2.192s] -- Added test 'xmllint' to check XML markup files
[2.196s] -- Configuring done
[2.254s] -- Generating done
[2.259s] -- Build files have been written to: /home/mz/projects/ros/tutorials/basics/ros2_ws/build/more_interfaces
[2.312s] [  2%] Built target more_interfaces__rosidl_generator_type_description
[2.333s] [  2%] Built target ament_cmake_python_copy_more_interfaces
[2.343s] [35m[1mConsolidate compiler generated dependencies of target more_interfaces__rosidl_generator_c[0m
[2.359s] [  5%] Built target more_interfaces__cpp
[2.373s] [ 18%] Built target more_interfaces__rosidl_generator_c
[2.397s] [35m[1mConsolidate compiler generated dependencies of target more_interfaces__rosidl_typesupport_introspection_c[0m
[2.402s] [35m[1mConsolidate compiler generated dependencies of target more_interfaces__rosidl_typesupport_cpp[0m
[2.414s] [35m[1mConsolidate compiler generated dependencies of target more_interfaces__rosidl_typesupport_fastrtps_c[0m
[2.428s] [ 26%] Built target more_interfaces__rosidl_typesupport_introspection_c
[2.434s] [ 34%] Built target more_interfaces__rosidl_typesupport_cpp
[2.454s] [35m[1mConsolidate compiler generated dependencies of target more_interfaces__rosidl_typesupport_c[0m
[2.458s] [ 42%] Built target more_interfaces__rosidl_typesupport_fastrtps_c
[2.459s] [35m[1mConsolidate compiler generated dependencies of target more_interfaces__rosidl_typesupport_fastrtps_cpp[0m
[2.487s] [35m[1mConsolidate compiler generated dependencies of target more_interfaces__rosidl_typesupport_introspection_cpp[0m
[2.491s] [ 50%] Built target more_interfaces__rosidl_typesupport_fastrtps_cpp
[2.497s] [ 57%] Built target more_interfaces__rosidl_typesupport_c
[2.521s] [35m[1mConsolidate compiler generated dependencies of target publish_address_book[0m
[2.523s] [ 65%] Built target more_interfaces__rosidl_typesupport_introspection_cpp
[2.559s] [ 68%] [32mBuilding CXX object CMakeFiles/subscribe_address_book.dir/src/subscribe_address_book.cpp.o[0m
[2.572s] [ 73%] Built target publish_address_book
[2.573s] [ 73%] Built target more_interfaces
[2.614s] [ 76%] Built target more_interfaces__py
[2.639s] [35m[1mConsolidate compiler generated dependencies of target more_interfaces__rosidl_generator_py[0m
[2.668s] [ 81%] Built target more_interfaces__rosidl_generator_py
[2.690s] [35m[1mConsolidate compiler generated dependencies of target more_interfaces__rosidl_typesupport_fastrtps_c__pyext[0m
[2.692s] [35m[1mConsolidate compiler generated dependencies of target more_interfaces__rosidl_typesupport_introspection_c__pyext[0m
[2.723s] [ 86%] Built target more_interfaces__rosidl_typesupport_fastrtps_c__pyext
[2.741s] [ 92%] Built target more_interfaces__rosidl_typesupport_introspection_c__pyext
[2.758s] [35m[1mConsolidate compiler generated dependencies of target more_interfaces__rosidl_typesupport_c__pyext[0m
[2.781s] [ 97%] Built target more_interfaces__rosidl_typesupport_c__pyext
[2.921s] running egg_info
[2.923s] writing more_interfaces.egg-info/PKG-INFO
[2.923s] writing dependency_links to more_interfaces.egg-info/dependency_links.txt
[2.923s] writing top-level names to more_interfaces.egg-info/top_level.txt
[2.927s] reading manifest file 'more_interfaces.egg-info/SOURCES.txt'
[2.929s] writing manifest file 'more_interfaces.egg-info/SOURCES.txt'
[2.976s] [ 97%] Built target ament_cmake_python_build_more_interfaces_egg
[5.886s] [01m[K/home/mz/projects/ros/tutorials/basics/ros2_ws/src/more_interfaces/src/subscribe_address_book.cpp:18:3:[m[K [01;31m[Kerror: [m[Kâ€˜[01m[Krivate[m[Kâ€™ does not name a type
[5.886s]    18 |   [01;31m[Krivate[m[K:
[5.886s]       |   [01;31m[K^~~~~~[m[K
[5.932s] [01m[K/home/mz/projects/ros/tutorials/basics/ros2_ws/src/more_interfaces/src/subscribe_address_book.cpp:[m[K In constructor â€˜[01m[KAddressBookSubscriber::AddressBookSubscriber()[m[Kâ€™:
[5.932s] [01m[K/home/mz/projects/ros/tutorials/basics/ros2_ws/src/more_interfaces/src/subscribe_address_book.cpp:16:61:[m[K [01;31m[Kerror: [m[Kâ€˜[01m[Ktopic_callback[m[Kâ€™ is not a member of â€˜[01m[KAddressBookSubscriber[m[Kâ€™
[5.932s]    16 |       "address_book", 10, std::bind(&AddressBookSubscriber::[01;31m[Ktopic_callback[m[K, this, _1));
[5.932s]       |                                                             [01;31m[K^~~~~~~~~~~~~~[m[K
[5.932s] [01m[K/home/mz/projects/ros/tutorials/basics/ros2_ws/src/more_interfaces/src/subscribe_address_book.cpp:16:83:[m[K [01;31m[Kerror: [m[Kâ€˜[01m[K_1[m[Kâ€™ was not declared in this scope; did you mean â€˜[01m[Kstd::placeholders::_1[m[Kâ€™?
[5.932s]    16 |       "address_book", 10, std::bind(&AddressBookSubscriber::topic_callback, this, [01;31m[K_1[m[K));
[5.933s]       |                                                                                   [01;31m[K^~[m[K
[5.933s]       |                                                                                   [32m[Kstd::placeholders::_1[m[K
[5.933s] In file included from [01m[K/usr/include/c++/11/pstl/glue_algorithm_defs.h:13[m[K,
[5.933s]                  from [01m[K/usr/include/c++/11/algorithm:74[m[K,
[5.933s]                  from [01m[K/opt/ros/iron/include/rclcpp/rclcpp/executor.hpp:18[m[K,
[5.933s]                  from [01m[K/opt/ros/iron/include/rclcpp/rclcpp/executors/multi_threaded_executor.hpp:25[m[K,
[5.933s]                  from [01m[K/opt/ros/iron/include/rclcpp/rclcpp/executors.hpp:21[m[K,
[5.933s]                  from [01m[K/opt/ros/iron/include/rclcpp/rclcpp/rclcpp.hpp:167[m[K,
[5.933s]                  from [01m[K/home/mz/projects/ros/tutorials/basics/ros2_ws/src/more_interfaces/src/subscribe_address_book.cpp:4[m[K:
[5.934s] [01m[K/usr/include/c++/11/functional:225:34:[m[K [01;36m[Knote: [m[Kâ€˜[01m[Kstd::placeholders::_1[m[Kâ€™ declared here
[5.934s]   225 |     extern const _Placeholder<1> [01;36m[K_1[m[K;
[5.934s]       |                                  [01;36m[K^~[m[K
[7.117s] gmake[2]: *** [CMakeFiles/subscribe_address_book.dir/build.make:76: CMakeFiles/subscribe_address_book.dir/src/subscribe_address_book.cpp.o] Error 1
[7.117s] gmake[1]: *** [CMakeFiles/Makefile2:655: CMakeFiles/subscribe_address_book.dir/all] Error 2
[7.117s] gmake: *** [Makefile:146: all] Error 2
[7.120s] Invoked command in '/home/mz/projects/ros/tutorials/basics/ros2_ws/build/more_interfaces' returned '2': CMAKE_PREFIX_PATH=${CMAKE_PREFIX_PATH}:/home/mz/projects/ros/tutorials/basics/ros2_ws/install/launch_testing_examples:/home/mz/projects/ros/tutorials/basics/ros2_ws/install/examples_rclpy_pointcloud_publisher:/home/mz/projects/ros/tutorials/basics/ros2_ws/install/examples_rclpy_minimal_subscriber:/home/mz/projects/ros/tutorials/basics/ros2_ws/install/examples_rclpy_minimal_service:/home/mz/projects/ros/tutorials/basics/ros2_ws/install/examples_rclpy_minimal_publisher:/home/mz/projects/ros/tutorials/basics/ros2_ws/install/examples_rclpy_minimal_client:/home/mz/projects/ros/tutorials/basics/ros2_ws/install/examples_rclpy_minimal_action_server:/home/mz/projects/ros/tutorials/basics/ros2_ws/install/examples_rclpy_minimal_action_client:/home/mz/projects/ros/tutorials/basics/ros2_ws/install/examples_rclpy_guard_conditions:/home/mz/projects/ros/tutorials/basics/ros2_ws/install/examples_rclpy_executors:/opt/ros/iron /usr/bin/cmake --build /home/mz/projects/ros/tutorials/basics/ros2_ws/build/more_interfaces -- -j4 -l4
