[0.149s] Invoking command in '/home/mz/projects/ros/tutorials/basics/ros2_webots/build/robots_paths': CMAKE_PREFIX_PATH=${CMAKE_PREFIX_PATH}:/opt/ros/iron /usr/bin/cmake --build /home/mz/projects/ros/tutorials/basics/ros2_webots/build/robots_paths -- -j4 -l4
[0.233s] [35m[1mConsolidate compiler generated dependencies of target robots_paths[0m
[0.270s] [ 66%] Built target obstacle_avoider1
[0.271s] [ 66%] Built target obstacle_avoider2
[0.275s] [ 83%] [32mBuilding CXX object CMakeFiles/robots_paths.dir/src/MyRobotDriver.cpp.o[0m
[3.867s] [01m[K/home/mz/projects/ros/tutorials/basics/ros2_webots/src/robots_paths/src/MyRobotDriver.cpp:[m[K In member function â€˜[01m[Kvirtual void my_robot_driver1::MyRobotDriver1::init(webots_ros2_driver::WebotsNode*, std::unordered_map<std::__cxx11::basic_string<char>, std::__cxx11::basic_string<char> >&)[m[Kâ€™:
[3.867s] [01m[K/home/mz/projects/ros/tutorials/basics/ros2_webots/src/robots_paths/src/MyRobotDriver.cpp:42:25:[m[K [01;31m[Kerror: [m[Kâ€˜[01m[KTURN_ANGLE_RAD[m[Kâ€™ was not declared in this scope
[3.867s]    42 |   wheel_turn_required = [01;31m[KTURN_ANGLE_RAD[m[K * HALF_DISTANCE_BETWEEN_WHEELS / WHEEL_RADIUS; // Rotation needed for one wheel to turn 180 degrees
[3.868s]       |                         [01;31m[K^~~~~~~~~~~~~~[m[K
[3.871s] [01m[K/home/mz/projects/ros/tutorials/basics/ros2_webots/src/robots_paths/src/MyRobotDriver.cpp:[m[K At global scope:
[3.871s] [01m[K/home/mz/projects/ros/tutorials/basics/ros2_webots/src/robots_paths/src/MyRobotDriver.cpp:52:22:[m[K [01;31m[Kerror: [m[Kexpected unqualified-id before â€˜[01m[Kvoid[m[Kâ€™
[3.871s]    52 | void MyRobotDriver1::[01;31m[Kvoid[m[K void step() {
[3.871s]       |                      [01;31m[K^~~~[m[K
[3.877s] [01m[K/home/mz/projects/ros/tutorials/basics/ros2_webots/src/robots_paths/src/MyRobotDriver.cpp:[m[K In function â€˜[01m[Kvoid my_robot_driver1::setVelocity(double, double)[m[Kâ€™:
[3.877s] [01m[K/home/mz/projects/ros/tutorials/basics/ros2_webots/src/robots_paths/src/MyRobotDriver.cpp:79:31:[m[K [01;31m[Kerror: [m[Kâ€˜[01m[Kleft_motor[m[Kâ€™ was not declared in this scope
[3.877s]    79 |         wb_motor_set_velocity([01;31m[Kleft_motor[m[K, left_speed);
[3.877s]       |                               [01;31m[K^~~~~~~~~~[m[K
[3.883s] [01m[K/home/mz/projects/ros/tutorials/basics/ros2_webots/src/robots_paths/src/MyRobotDriver.cpp:80:31:[m[K [01;31m[Kerror: [m[Kâ€˜[01m[Kright_motor[m[Kâ€™ was not declared in this scope
[3.883s]    80 |         wb_motor_set_velocity([01;31m[Kright_motor[m[K, right_speed);
[3.883s]       |                               [01;31m[K^~~~~~~~~~~[m[K
[7.034s] gmake[2]: *** [CMakeFiles/robots_paths.dir/build.make:76: CMakeFiles/robots_paths.dir/src/MyRobotDriver.cpp.o] Error 1
[7.034s] gmake[1]: *** [CMakeFiles/Makefile2:193: CMakeFiles/robots_paths.dir/all] Error 2
[7.034s] gmake: *** [Makefile:146: all] Error 2
[7.037s] Invoked command in '/home/mz/projects/ros/tutorials/basics/ros2_webots/build/robots_paths' returned '2': CMAKE_PREFIX_PATH=${CMAKE_PREFIX_PATH}:/opt/ros/iron /usr/bin/cmake --build /home/mz/projects/ros/tutorials/basics/ros2_webots/build/robots_paths -- -j4 -l4
