[01m[K/home/mz/projects/ros/tutorials/basics/ros2_ws/src/more_interfaces/src/subscribe_address_book.cpp:[m[K In constructor â€˜[01m[KAddressBookSubscriber::AddressBookSubscriber()[m[Kâ€™:
[01m[K/home/mz/projects/ros/tutorials/basics/ros2_ws/src/more_interfaces/src/subscribe_address_book.cpp:16:83:[m[K [01;31m[Kerror: [m[Kâ€˜[01m[K_1[m[Kâ€™ was not declared in this scope; did you mean â€˜[01m[Kstd::placeholders::_1[m[Kâ€™?
   16 |       "address_book", 10, std::bind(&AddressBookSubscriber::topic_callback, this, [01;31m[K_1[m[K));
      |                                                                                   [01;31m[K^~[m[K
      |                                                                                   [32m[Kstd::placeholders::_1[m[K
In file included from [01m[K/usr/include/c++/11/pstl/glue_algorithm_defs.h:13[m[K,
                 from [01m[K/usr/include/c++/11/algorithm:74[m[K,
                 from [01m[K/opt/ros/iron/include/rclcpp/rclcpp/executor.hpp:18[m[K,
                 from [01m[K/opt/ros/iron/include/rclcpp/rclcpp/executors/multi_threaded_executor.hpp:25[m[K,
                 from [01m[K/opt/ros/iron/include/rclcpp/rclcpp/executors.hpp:21[m[K,
                 from [01m[K/opt/ros/iron/include/rclcpp/rclcpp/rclcpp.hpp:167[m[K,
                 from [01m[K/home/mz/projects/ros/tutorials/basics/ros2_ws/src/more_interfaces/src/subscribe_address_book.cpp:4[m[K:
[01m[K/usr/include/c++/11/functional:225:34:[m[K [01;36m[Knote: [m[Kâ€˜[01m[Kstd::placeholders::_1[m[Kâ€™ declared here
  225 |     extern const _Placeholder<1> [01;36m[K_1[m[K;
      |                                  [01;36m[K^~[m[K
gmake[2]: *** [CMakeFiles/subscribe_address_book.dir/build.make:76: CMakeFiles/subscribe_address_book.dir/src/subscribe_address_book.cpp.o] Error 1
gmake[1]: *** [CMakeFiles/Makefile2:655: CMakeFiles/subscribe_address_book.dir/all] Error 2
gmake: *** [Makefile:146: all] Error 2
