[  2%] Built target more_interfaces__rosidl_generator_type_description
[  2%] Built target ament_cmake_python_copy_more_interfaces
[  5%] Built target more_interfaces__cpp
[ 18%] Built target more_interfaces__rosidl_generator_c
[ 26%] Built target more_interfaces__rosidl_typesupport_cpp
[ 34%] Built target more_interfaces__rosidl_typesupport_introspection_c
[ 42%] Built target more_interfaces__rosidl_typesupport_fastrtps_c
[ 52%] Built target more_interfaces__rosidl_typesupport_c
[ 57%] Built target more_interfaces__rosidl_typesupport_introspection_cpp
[ 65%] Built target more_interfaces__rosidl_typesupport_fastrtps_cpp
[35m[1mConsolidate compiler generated dependencies of target subscribe_address_book[0m
[ 65%] Built target more_interfaces
[ 71%] Built target publish_address_book
[ 73%] Built target more_interfaces__py
[ 76%] [32mBuilding CXX object CMakeFiles/subscribe_address_book.dir/src/subscribe_address_book.cpp.o[0m
[ 81%] Built target more_interfaces__rosidl_generator_py
[ 86%] Built target more_interfaces__rosidl_typesupport_introspection_c__pyext
[ 92%] Built target more_interfaces__rosidl_typesupport_fastrtps_c__pyext
[ 97%] Built target more_interfaces__rosidl_typesupport_c__pyext
running egg_info
writing more_interfaces.egg-info/PKG-INFO
writing dependency_links to more_interfaces.egg-info/dependency_links.txt
writing top-level names to more_interfaces.egg-info/top_level.txt
reading manifest file 'more_interfaces.egg-info/SOURCES.txt'
writing manifest file 'more_interfaces.egg-info/SOURCES.txt'
[ 97%] Built target ament_cmake_python_build_more_interfaces_egg
[01m[K/home/mz/projects/ros/tutorials/basics/ros2_ws/src/more_interfaces/src/subscribe_address_book.cpp:[m[K In constructor â€˜[01m[KAddressBookSubscriber::AddressBookSubscriber()[m[Kâ€™:
[01m[K/home/mz/projects/ros/tutorials/basics/ros2_ws/src/more_interfaces/src/subscribe_address_book.cpp:16:83:[m[K [01;31m[Kerror: [m[Kâ€˜[01m[K_1[m[Kâ€™ was not declared in this scope; did you mean â€˜[01m[Kstd::placeholders::_1[m[Kâ€™?
   16 |       "address_book", 10, std::bind(&AddressBookSubscriber::topic_callback, this, [01;31m[K_1[m[K));
      |                                                                                   [01;31m[K^~[m[K
      |                                                                                   [32m[Kstd::placeholders::_1[m[K
In file included from [01m[K/usr/include/c++/11/pstl/glue_algorithm_defs.h:13[m[K,
                 from [01m[K/usr/include/c++/11/algorithm:74[m[K,
                 from [01m[K/opt/ros/iron/include/rclcpp/rclcpp/executor.hpp:18[m[K,
                 from [01m[K/opt/ros/iron/include/rclcpp/rclcpp/executors/multi_threaded_executor.hpp:25[m[K,
                 from [01m[K/opt/ros/iron/include/rclcpp/rclcpp/executors.hpp:21[m[K,
                 from [01m[K/opt/ros/iron/include/rclcpp/rclcpp/rclcpp.hpp:167[m[K,
                 from [01m[K/home/mz/projects/ros/tutorials/basics/ros2_ws/src/more_interfaces/src/subscribe_address_book.cpp:4[m[K:
[01m[K/usr/include/c++/11/functional:225:34:[m[K [01;36m[Knote: [m[Kâ€˜[01m[Kstd::placeholders::_1[m[Kâ€™ declared here
  225 |     extern const _Placeholder<1> [01;36m[K_1[m[K;
      |                                  [01;36m[K^~[m[K
gmake[2]: *** [CMakeFiles/subscribe_address_book.dir/build.make:76: CMakeFiles/subscribe_address_book.dir/src/subscribe_address_book.cpp.o] Error 1
gmake[1]: *** [CMakeFiles/Makefile2:655: CMakeFiles/subscribe_address_book.dir/all] Error 2
gmake: *** [Makefile:146: all] Error 2
